{"/Users/iskandermac/Downloads/project 6/backend/services/courses/attentionService.js": {"path":"/Users/iskandermac/Downloads/project 6/backend/services/courses/attentionService.js","statementMap":{"0":{"start":{"line":5,"column":25},"end":{"line":5,"column":58}},"1":{"start":{"line":6,"column":0},"end":{"line":8,"column":1}},"2":{"start":{"line":7,"column":2},"end":{"line":7,"column":83}},"3":{"start":{"line":9,"column":34},"end":{"line":9,"column":36}},"4":{"start":{"line":12,"column":15},"end":{"line":21,"column":1}},"5":{"start":{"line":27,"column":2},"end":{"line":30,"column":19}},"6":{"start":{"line":38,"column":2},"end":{"line":38,"column":40}},"7":{"start":{"line":45,"column":17},"end":{"line":45,"column":27}},"8":{"start":{"line":46,"column":2},"end":{"line":49,"column":3}},"9":{"start":{"line":46,"column":15},"end":{"line":46,"column":32}},"10":{"start":{"line":47,"column":14},"end":{"line":47,"column":40}},"11":{"start":{"line":48,"column":4},"end":{"line":48,"column":52}},"12":{"start":{"line":50,"column":2},"end":{"line":50,"column":16}},"13":{"start":{"line":57,"column":2},"end":{"line":91,"column":3}},"14":{"start":{"line":60,"column":23},"end":{"line":60,"column":44}},"15":{"start":{"line":61,"column":21},"end":{"line":61,"column":32}},"16":{"start":{"line":62,"column":22},"end":{"line":62,"column":57}},"17":{"start":{"line":63,"column":6},"end":{"line":68,"column":8}},"18":{"start":{"line":66,"column":35},"end":{"line":66,"column":67}},"19":{"start":{"line":72,"column":16},"end":{"line":72,"column":32}},"20":{"start":{"line":73,"column":16},"end":{"line":73,"column":32}},"21":{"start":{"line":74,"column":18},"end":{"line":74,"column":28}},"22":{"start":{"line":75,"column":17},"end":{"line":75,"column":50}},"23":{"start":{"line":76,"column":21},"end":{"line":76,"column":47}},"24":{"start":{"line":77,"column":6},"end":{"line":81,"column":8}},"25":{"start":{"line":86,"column":6},"end":{"line":90,"column":8}},"26":{"start":{"line":101,"column":21},"end":{"line":101,"column":23}},"27":{"start":{"line":102,"column":22},"end":{"line":102,"column":57}},"28":{"start":{"line":104,"column":2},"end":{"line":130,"column":3}},"29":{"start":{"line":106,"column":17},"end":{"line":106,"column":47}},"30":{"start":{"line":107,"column":26},"end":{"line":107,"column":55}},"31":{"start":{"line":109,"column":17},"end":{"line":109,"column":53}},"32":{"start":{"line":110,"column":24},"end":{"line":110,"column":43}},"33":{"start":{"line":111,"column":18},"end":{"line":111,"column":67}},"34":{"start":{"line":113,"column":4},"end":{"line":126,"column":7}},"35":{"start":{"line":129,"column":4},"end":{"line":129,"column":57}},"36":{"start":{"line":132,"column":2},"end":{"line":134,"column":3}},"37":{"start":{"line":133,"column":4},"end":{"line":133,"column":46}},"38":{"start":{"line":137,"column":20},"end":{"line":139,"column":23}},"39":{"start":{"line":141,"column":2},"end":{"line":144,"column":3}},"40":{"start":{"line":142,"column":4},"end":{"line":142,"column":90}},"41":{"start":{"line":143,"column":4},"end":{"line":143,"column":92}},"42":{"start":{"line":146,"column":2},"end":{"line":149,"column":4}},"43":{"start":{"line":158,"column":28},"end":{"line":162,"column":13}},"44":{"start":{"line":164,"column":2},"end":{"line":166,"column":3}},"45":{"start":{"line":165,"column":4},"end":{"line":165,"column":48}},"46":{"start":{"line":168,"column":2},"end":{"line":170,"column":3}},"47":{"start":{"line":169,"column":4},"end":{"line":169,"column":61}},"48":{"start":{"line":172,"column":2},"end":{"line":174,"column":3}},"49":{"start":{"line":173,"column":4},"end":{"line":173,"column":52}},"50":{"start":{"line":177,"column":37},"end":{"line":185,"column":13}},"51":{"start":{"line":187,"column":2},"end":{"line":190,"column":3}},"52":{"start":{"line":189,"column":4},"end":{"line":189,"column":31}},"53":{"start":{"line":192,"column":2},"end":{"line":200,"column":4}},"54":{"start":{"line":209,"column":37},"end":{"line":213,"column":13}},"55":{"start":{"line":215,"column":2},"end":{"line":217,"column":3}},"56":{"start":{"line":216,"column":4},"end":{"line":216,"column":51}},"57":{"start":{"line":219,"column":2},"end":{"line":221,"column":3}},"58":{"start":{"line":220,"column":4},"end":{"line":220,"column":45}},"59":{"start":{"line":223,"column":2},"end":{"line":225,"column":3}},"60":{"start":{"line":224,"column":4},"end":{"line":224,"column":50}},"61":{"start":{"line":227,"column":2},"end":{"line":229,"column":3}},"62":{"start":{"line":228,"column":4},"end":{"line":228,"column":64}},"63":{"start":{"line":232,"column":24},"end":{"line":232,"column":61}},"64":{"start":{"line":233,"column":20},"end":{"line":233,"column":65}},"65":{"start":{"line":234,"column":22},"end":{"line":234,"column":55}},"66":{"start":{"line":236,"column":15},"end":{"line":236,"column":20}},"67":{"start":{"line":237,"column":2},"end":{"line":239,"column":3}},"68":{"start":{"line":238,"column":4},"end":{"line":238,"column":60}},"69":{"start":{"line":242,"column":28},"end":{"line":246,"column":13}},"70":{"start":{"line":248,"column":2},"end":{"line":250,"column":3}},"71":{"start":{"line":249,"column":4},"end":{"line":249,"column":49}},"72":{"start":{"line":252,"column":27},"end":{"line":256,"column":13}},"73":{"start":{"line":258,"column":22},"end":{"line":258,"column":57}},"74":{"start":{"line":261,"column":47},"end":{"line":267,"column":4}},"75":{"start":{"line":269,"column":2},"end":{"line":271,"column":3}},"76":{"start":{"line":270,"column":4},"end":{"line":270,"column":85}},"77":{"start":{"line":273,"column":2},"end":{"line":275,"column":3}},"78":{"start":{"line":274,"column":4},"end":{"line":274,"column":58}},"79":{"start":{"line":277,"column":2},"end":{"line":277,"column":19}},"80":{"start":{"line":285,"column":2},"end":{"line":291,"column":5}},"81":{"start":{"line":298,"column":28},"end":{"line":302,"column":13}},"82":{"start":{"line":304,"column":2},"end":{"line":306,"column":3}},"83":{"start":{"line":305,"column":4},"end":{"line":305,"column":49}},"84":{"start":{"line":309,"column":27},"end":{"line":312,"column":32}},"85":{"start":{"line":314,"column":16},"end":{"line":314,"column":35}},"86":{"start":{"line":315,"column":18},"end":{"line":315,"column":73}},"87":{"start":{"line":315,"column":38},"end":{"line":315,"column":60}},"88":{"start":{"line":316,"column":22},"end":{"line":316,"column":76}},"89":{"start":{"line":316,"column":42},"end":{"line":316,"column":63}},"90":{"start":{"line":318,"column":2},"end":{"line":325,"column":4}}},"fnMap":{"0":{"name":"computeHmacToken","decl":{"start":{"line":26,"column":9},"end":{"line":26,"column":25}},"loc":{"start":{"line":26,"column":55},"end":{"line":31,"column":1}},"line":26},"1":{"name":"randomInt","decl":{"start":{"line":36,"column":9},"end":{"line":36,"column":18}},"loc":{"start":{"line":36,"column":29},"end":{"line":39,"column":1}},"line":36},"2":{"name":"secureShuffle","decl":{"start":{"line":44,"column":9},"end":{"line":44,"column":22}},"loc":{"start":{"line":44,"column":30},"end":{"line":51,"column":1}},"line":44},"3":{"name":"generateChallengeData","decl":{"start":{"line":56,"column":9},"end":{"line":56,"column":30}},"loc":{"start":{"line":56,"column":37},"end":{"line":92,"column":1}},"line":56},"4":{"name":"(anonymous_4)","decl":{"start":{"line":66,"column":29},"end":{"line":66,"column":30}},"loc":{"start":{"line":66,"column":35},"end":{"line":66,"column":67}},"line":66},"5":{"name":"generateChallenges","decl":{"start":{"line":100,"column":22},"end":{"line":100,"column":40}},"loc":{"start":{"line":100,"column":126},"end":{"line":150,"column":1}},"line":100},"6":{"name":"getNextChallenge","decl":{"start":{"line":156,"column":22},"end":{"line":156,"column":38}},"loc":{"start":{"line":156,"column":88},"end":{"line":201,"column":1}},"line":156},"7":{"name":"verifyChallenge","decl":{"start":{"line":207,"column":22},"end":{"line":207,"column":37}},"loc":{"start":{"line":207,"column":92},"end":{"line":278,"column":1}},"line":207},"8":{"name":"expireChallenge","decl":{"start":{"line":284,"column":22},"end":{"line":284,"column":37}},"loc":{"start":{"line":284,"column":84},"end":{"line":292,"column":1}},"line":284},"9":{"name":"getAttentionStatus","decl":{"start":{"line":297,"column":22},"end":{"line":297,"column":40}},"loc":{"start":{"line":297,"column":74},"end":{"line":326,"column":1}},"line":297},"10":{"name":"(anonymous_10)","decl":{"start":{"line":315,"column":33},"end":{"line":315,"column":34}},"loc":{"start":{"line":315,"column":38},"end":{"line":315,"column":60}},"line":315},"11":{"name":"(anonymous_11)","decl":{"start":{"line":316,"column":37},"end":{"line":316,"column":38}},"loc":{"start":{"line":316,"column":42},"end":{"line":316,"column":63}},"line":316}},"branchMap":{"0":{"loc":{"start":{"line":6,"column":0},"end":{"line":8,"column":1}},"type":"if","locations":[{"start":{"line":6,"column":0},"end":{"line":8,"column":1}},{"start":{},"end":{}}],"line":6},"1":{"loc":{"start":{"line":57,"column":2},"end":{"line":91,"column":3}},"type":"switch","locations":[{"start":{"line":58,"column":4},"end":{"line":69,"column":5}},{"start":{"line":71,"column":4},"end":{"line":82,"column":5}},{"start":{"line":84,"column":4},"end":{"line":84,"column":19}},{"start":{"line":85,"column":4},"end":{"line":90,"column":8}}],"line":57},"2":{"loc":{"start":{"line":76,"column":21},"end":{"line":76,"column":47}},"type":"cond-expr","locations":[{"start":{"line":76,"column":34},"end":{"line":76,"column":39}},{"start":{"line":76,"column":42},"end":{"line":76,"column":47}}],"line":76},"3":{"loc":{"start":{"line":107,"column":26},"end":{"line":107,"column":55}},"type":"cond-expr","locations":[{"start":{"line":107,"column":39},"end":{"line":107,"column":46}},{"start":{"line":107,"column":49},"end":{"line":107,"column":55}}],"line":107},"4":{"loc":{"start":{"line":121,"column":17},"end":{"line":121,"column":37}},"type":"binary-expr","locations":[{"start":{"line":121,"column":17},"end":{"line":121,"column":29}},{"start":{"line":121,"column":33},"end":{"line":121,"column":37}}],"line":121},"5":{"loc":{"start":{"line":132,"column":2},"end":{"line":134,"column":3}},"type":"if","locations":[{"start":{"line":132,"column":2},"end":{"line":134,"column":3}},{"start":{},"end":{}}],"line":132},"6":{"loc":{"start":{"line":141,"column":2},"end":{"line":144,"column":3}},"type":"if","locations":[{"start":{"line":141,"column":2},"end":{"line":144,"column":3}},{"start":{},"end":{}}],"line":141},"7":{"loc":{"start":{"line":164,"column":2},"end":{"line":166,"column":3}},"type":"if","locations":[{"start":{"line":164,"column":2},"end":{"line":166,"column":3}},{"start":{},"end":{}}],"line":164},"8":{"loc":{"start":{"line":164,"column":6},"end":{"line":164,"column":51}},"type":"binary-expr","locations":[{"start":{"line":164,"column":6},"end":{"line":164,"column":14}},{"start":{"line":164,"column":18},"end":{"line":164,"column":51}}],"line":164},"9":{"loc":{"start":{"line":168,"column":2},"end":{"line":170,"column":3}},"type":"if","locations":[{"start":{"line":168,"column":2},"end":{"line":170,"column":3}},{"start":{},"end":{}}],"line":168},"10":{"loc":{"start":{"line":172,"column":2},"end":{"line":174,"column":3}},"type":"if","locations":[{"start":{"line":172,"column":2},"end":{"line":174,"column":3}},{"start":{},"end":{}}],"line":172},"11":{"loc":{"start":{"line":172,"column":6},"end":{"line":172,"column":69}},"type":"binary-expr","locations":[{"start":{"line":172,"column":6},"end":{"line":172,"column":24}},{"start":{"line":172,"column":28},"end":{"line":172,"column":69}}],"line":172},"12":{"loc":{"start":{"line":187,"column":2},"end":{"line":190,"column":3}},"type":"if","locations":[{"start":{"line":187,"column":2},"end":{"line":190,"column":3}},{"start":{},"end":{}}],"line":187},"13":{"loc":{"start":{"line":187,"column":6},"end":{"line":187,"column":25}},"type":"binary-expr","locations":[{"start":{"line":187,"column":6},"end":{"line":187,"column":11}},{"start":{"line":187,"column":15},"end":{"line":187,"column":25}}],"line":187},"14":{"loc":{"start":{"line":215,"column":2},"end":{"line":217,"column":3}},"type":"if","locations":[{"start":{"line":215,"column":2},"end":{"line":217,"column":3}},{"start":{},"end":{}}],"line":215},"15":{"loc":{"start":{"line":215,"column":6},"end":{"line":215,"column":25}},"type":"binary-expr","locations":[{"start":{"line":215,"column":6},"end":{"line":215,"column":11}},{"start":{"line":215,"column":15},"end":{"line":215,"column":25}}],"line":215},"16":{"loc":{"start":{"line":219,"column":2},"end":{"line":221,"column":3}},"type":"if","locations":[{"start":{"line":219,"column":2},"end":{"line":221,"column":3}},{"start":{},"end":{}}],"line":219},"17":{"loc":{"start":{"line":223,"column":2},"end":{"line":225,"column":3}},"type":"if","locations":[{"start":{"line":223,"column":2},"end":{"line":225,"column":3}},{"start":{},"end":{}}],"line":223},"18":{"loc":{"start":{"line":227,"column":2},"end":{"line":229,"column":3}},"type":"if","locations":[{"start":{"line":227,"column":2},"end":{"line":229,"column":3}},{"start":{},"end":{}}],"line":227},"19":{"loc":{"start":{"line":237,"column":2},"end":{"line":239,"column":3}},"type":"if","locations":[{"start":{"line":237,"column":2},"end":{"line":239,"column":3}},{"start":{},"end":{}}],"line":237},"20":{"loc":{"start":{"line":248,"column":2},"end":{"line":250,"column":3}},"type":"if","locations":[{"start":{"line":248,"column":2},"end":{"line":250,"column":3}},{"start":{},"end":{}}],"line":248},"21":{"loc":{"start":{"line":258,"column":22},"end":{"line":258,"column":57}},"type":"binary-expr","locations":[{"start":{"line":258,"column":22},"end":{"line":258,"column":52}},{"start":{"line":258,"column":56},"end":{"line":258,"column":57}}],"line":258},"22":{"loc":{"start":{"line":269,"column":2},"end":{"line":271,"column":3}},"type":"if","locations":[{"start":{"line":269,"column":2},"end":{"line":271,"column":3}},{"start":{},"end":{}}],"line":269},"23":{"loc":{"start":{"line":273,"column":2},"end":{"line":275,"column":3}},"type":"if","locations":[{"start":{"line":273,"column":2},"end":{"line":275,"column":3}},{"start":{},"end":{}}],"line":273},"24":{"loc":{"start":{"line":304,"column":2},"end":{"line":306,"column":3}},"type":"if","locations":[{"start":{"line":304,"column":2},"end":{"line":306,"column":3}},{"start":{},"end":{}}],"line":304},"25":{"loc":{"start":{"line":304,"column":6},"end":{"line":304,"column":51}},"type":"binary-expr","locations":[{"start":{"line":304,"column":6},"end":{"line":304,"column":14}},{"start":{"line":304,"column":18},"end":{"line":304,"column":51}}],"line":304},"26":{"loc":{"start":{"line":314,"column":16},"end":{"line":314,"column":35}},"type":"binary-expr","locations":[{"start":{"line":314,"column":16},"end":{"line":314,"column":30}},{"start":{"line":314,"column":34},"end":{"line":314,"column":35}}],"line":314},"27":{"loc":{"start":{"line":315,"column":18},"end":{"line":315,"column":73}},"type":"binary-expr","locations":[{"start":{"line":315,"column":18},"end":{"line":315,"column":68}},{"start":{"line":315,"column":72},"end":{"line":315,"column":73}}],"line":315},"28":{"loc":{"start":{"line":316,"column":22},"end":{"line":316,"column":76}},"type":"binary-expr","locations":[{"start":{"line":316,"column":22},"end":{"line":316,"column":71}},{"start":{"line":316,"column":75},"end":{"line":316,"column":76}}],"line":316}},"s":{"0":13,"1":13,"2":0,"3":13,"4":13,"5":1,"6":0,"7":0,"8":0,"9":0,"10":0,"11":0,"12":0,"13":0,"14":0,"15":0,"16":0,"17":0,"18":0,"19":0,"20":0,"21":0,"22":0,"23":0,"24":0,"25":0,"26":0,"27":0,"28":0,"29":0,"30":0,"31":0,"32":0,"33":0,"34":0,"35":0,"36":0,"37":0,"38":0,"39":0,"40":0,"41":0,"42":0,"43":1,"44":1,"45":0,"46":1,"47":0,"48":1,"49":0,"50":1,"51":1,"52":0,"53":1,"54":1,"55":1,"56":0,"57":1,"58":0,"59":1,"60":0,"61":1,"62":0,"63":1,"64":1,"65":1,"66":1,"67":1,"68":1,"69":1,"70":1,"71":0,"72":1,"73":1,"74":1,"75":1,"76":0,"77":1,"78":0,"79":1,"80":0,"81":0,"82":0,"83":0,"84":0,"85":0,"86":0,"87":0,"88":0,"89":0,"90":0},"f":{"0":1,"1":0,"2":0,"3":0,"4":0,"5":0,"6":1,"7":1,"8":0,"9":0,"10":0,"11":0},"b":{"0":[0,13],"1":[0,0,0,0],"2":[0,0],"3":[0,0],"4":[0,0],"5":[0,0],"6":[0,0],"7":[0,1],"8":[1,1],"9":[0,1],"10":[0,1],"11":[1,0],"12":[0,1],"13":[1,1],"14":[0,1],"15":[1,1],"16":[0,1],"17":[0,1],"18":[0,1],"19":[1,0],"20":[0,1],"21":[1,0],"22":[0,1],"23":[0,1],"24":[0,0],"25":[0,0],"26":[0,0],"27":[0,0],"28":[0,0]},"inputSourceMap":null,"_coverageSchema":"1a1c01bbd47fc00a2c39e90264f33305004495a9","hash":"b25dab2f0bbd0008bdce74366685f006673da09d"}
,"/Users/iskandermac/Downloads/project 6/backend/services/courses/courseAccessService.js": {"path":"/Users/iskandermac/Downloads/project 6/backend/services/courses/courseAccessService.js","statementMap":{"0":{"start":{"line":5,"column":49},"end":{"line":9,"column":21}},"1":{"start":{"line":11,"column":2},"end":{"line":13,"column":3}},"2":{"start":{"line":12,"column":4},"end":{"line":12,"column":92}},"3":{"start":{"line":15,"column":21},"end":{"line":15,"column":23}},"4":{"start":{"line":16,"column":2},"end":{"line":16,"column":62}},"5":{"start":{"line":16,"column":44},"end":{"line":16,"column":62}},"6":{"start":{"line":18,"column":24},"end":{"line":18,"column":62}},"7":{"start":{"line":18,"column":44},"end":{"line":18,"column":61}},"8":{"start":{"line":20,"column":50},"end":{"line":24,"column":30}},"9":{"start":{"line":26,"column":2},"end":{"line":28,"column":3}},"10":{"start":{"line":27,"column":4},"end":{"line":27,"column":98}},"11":{"start":{"line":30,"column":20},"end":{"line":30,"column":75}},"12":{"start":{"line":30,"column":57},"end":{"line":30,"column":73}},"13":{"start":{"line":32,"column":2},"end":{"line":41,"column":3}},"14":{"start":{"line":33,"column":4},"end":{"line":40,"column":5}},"15":{"start":{"line":34,"column":6},"end":{"line":39,"column":9}},"16":{"start":{"line":43,"column":2},"end":{"line":43,"column":20}},"17":{"start":{"line":47,"column":17},"end":{"line":47,"column":68}},"18":{"start":{"line":48,"column":2},"end":{"line":50,"column":3}},"19":{"start":{"line":49,"column":4},"end":{"line":49,"column":48}},"20":{"start":{"line":52,"column":18},"end":{"line":52,"column":55}},"21":{"start":{"line":53,"column":23},"end":{"line":53,"column":28}},"22":{"start":{"line":55,"column":2},"end":{"line":75,"column":3}},"23":{"start":{"line":56,"column":4},"end":{"line":56,"column":22}},"24":{"start":{"line":57,"column":4},"end":{"line":72,"column":5}},"25":{"start":{"line":58,"column":38},"end":{"line":63,"column":17}},"26":{"start":{"line":65,"column":6},"end":{"line":67,"column":7}},"27":{"start":{"line":66,"column":8},"end":{"line":66,"column":89}},"28":{"start":{"line":69,"column":6},"end":{"line":71,"column":7}},"29":{"start":{"line":70,"column":8},"end":{"line":70,"column":25}},"30":{"start":{"line":73,"column":9},"end":{"line":75,"column":3}},"31":{"start":{"line":74,"column":4},"end":{"line":74,"column":22}},"32":{"start":{"line":77,"column":33},"end":{"line":77,"column":35}},"33":{"start":{"line":78,"column":2},"end":{"line":80,"column":3}},"34":{"start":{"line":79,"column":4},"end":{"line":79,"column":97}},"35":{"start":{"line":82,"column":2},"end":{"line":87,"column":4}}},"fnMap":{"0":{"name":"getApplicableTypedCredits","decl":{"start":{"line":4,"column":15},"end":{"line":4,"column":40}},"loc":{"start":{"line":4,"column":74},"end":{"line":44,"column":1}},"line":4},"1":{"name":"(anonymous_1)","decl":{"start":{"line":18,"column":38},"end":{"line":18,"column":39}},"loc":{"start":{"line":18,"column":44},"end":{"line":18,"column":61}},"line":18},"2":{"name":"(anonymous_2)","decl":{"start":{"line":30,"column":52},"end":{"line":30,"column":53}},"loc":{"start":{"line":30,"column":57},"end":{"line":30,"column":73}},"line":30},"3":{"name":"getCourseAccessDetails","decl":{"start":{"line":46,"column":22},"end":{"line":46,"column":44}},"loc":{"start":{"line":46,"column":96},"end":{"line":88,"column":1}},"line":46}},"branchMap":{"0":{"loc":{"start":{"line":11,"column":2},"end":{"line":13,"column":3}},"type":"if","locations":[{"start":{"line":11,"column":2},"end":{"line":13,"column":3}},{"start":{},"end":{}}],"line":11},"1":{"loc":{"start":{"line":16,"column":2},"end":{"line":16,"column":62}},"type":"if","locations":[{"start":{"line":16,"column":2},"end":{"line":16,"column":62}},{"start":{},"end":{}}],"line":16},"2":{"loc":{"start":{"line":16,"column":6},"end":{"line":16,"column":42}},"type":"binary-expr","locations":[{"start":{"line":16,"column":6},"end":{"line":16,"column":16}},{"start":{"line":16,"column":20},"end":{"line":16,"column":42}}],"line":16},"3":{"loc":{"start":{"line":26,"column":2},"end":{"line":28,"column":3}},"type":"if","locations":[{"start":{"line":26,"column":2},"end":{"line":28,"column":3}},{"start":{},"end":{}}],"line":26},"4":{"loc":{"start":{"line":30,"column":29},"end":{"line":30,"column":46}},"type":"binary-expr","locations":[{"start":{"line":30,"column":29},"end":{"line":30,"column":40}},{"start":{"line":30,"column":44},"end":{"line":30,"column":46}}],"line":30},"5":{"loc":{"start":{"line":33,"column":4},"end":{"line":40,"column":5}},"type":"if","locations":[{"start":{"line":33,"column":4},"end":{"line":40,"column":5}},{"start":{},"end":{}}],"line":33},"6":{"loc":{"start":{"line":48,"column":2},"end":{"line":50,"column":3}},"type":"if","locations":[{"start":{"line":48,"column":2},"end":{"line":50,"column":3}},{"start":{},"end":{}}],"line":48},"7":{"loc":{"start":{"line":55,"column":2},"end":{"line":75,"column":3}},"type":"if","locations":[{"start":{"line":55,"column":2},"end":{"line":75,"column":3}},{"start":{"line":73,"column":9},"end":{"line":75,"column":3}}],"line":55},"8":{"loc":{"start":{"line":57,"column":4},"end":{"line":72,"column":5}},"type":"if","locations":[{"start":{"line":57,"column":4},"end":{"line":72,"column":5}},{"start":{},"end":{}}],"line":57},"9":{"loc":{"start":{"line":65,"column":6},"end":{"line":67,"column":7}},"type":"if","locations":[{"start":{"line":65,"column":6},"end":{"line":67,"column":7}},{"start":{},"end":{}}],"line":65},"10":{"loc":{"start":{"line":65,"column":10},"end":{"line":65,"column":44}},"type":"binary-expr","locations":[{"start":{"line":65,"column":10},"end":{"line":65,"column":15}},{"start":{"line":65,"column":19},"end":{"line":65,"column":44}}],"line":65},"11":{"loc":{"start":{"line":69,"column":6},"end":{"line":71,"column":7}},"type":"if","locations":[{"start":{"line":69,"column":6},"end":{"line":71,"column":7}},{"start":{},"end":{}}],"line":69},"12":{"loc":{"start":{"line":73,"column":9},"end":{"line":75,"column":3}},"type":"if","locations":[{"start":{"line":73,"column":9},"end":{"line":75,"column":3}},{"start":{},"end":{}}],"line":73},"13":{"loc":{"start":{"line":78,"column":2},"end":{"line":80,"column":3}},"type":"if","locations":[{"start":{"line":78,"column":2},"end":{"line":80,"column":3}},{"start":{},"end":{}}],"line":78},"14":{"loc":{"start":{"line":78,"column":6},"end":{"line":78,"column":24}},"type":"binary-expr","locations":[{"start":{"line":78,"column":6},"end":{"line":78,"column":10}},{"start":{"line":78,"column":14},"end":{"line":78,"column":24}}],"line":78}},"s":{"0":1,"1":1,"2":0,"3":1,"4":1,"5":0,"6":1,"7":1,"8":1,"9":1,"10":0,"11":1,"12":1,"13":1,"14":1,"15":1,"16":1,"17":7,"18":7,"19":1,"20":6,"21":6,"22":6,"23":5,"24":5,"25":4,"26":4,"27":1,"28":3,"29":2,"30":1,"31":1,"32":5,"33":5,"34":1,"35":5},"f":{"0":1,"1":1,"2":1,"3":7},"b":{"0":[0,1],"1":[0,1],"2":[1,1],"3":[0,1],"4":[1,0],"5":[1,0],"6":[1,6],"7":[5,1],"8":[4,1],"9":[1,3],"10":[4,2],"11":[2,1],"12":[1,0],"13":[1,4],"14":[5,3]},"inputSourceMap":null,"_coverageSchema":"1a1c01bbd47fc00a2c39e90264f33305004495a9","hash":"4335b1ba33e91c80171c1cc3cf6af060ec24d3f3"}
,"/Users/iskandermac/Downloads/project 6/backend/services/courses/courseBillingService.js": {"path":"/Users/iskandermac/Downloads/project 6/backend/services/courses/courseBillingService.js","statementMap":{"0":{"start":{"line":5,"column":18},"end":{"line":10,"column":3}},"1":{"start":{"line":12,"column":26},"end":{"line":12,"column":81}},"2":{"start":{"line":14,"column":2},"end":{"line":17,"column":3}},"3":{"start":{"line":15,"column":4},"end":{"line":15,"column":75}},"4":{"start":{"line":16,"column":4},"end":{"line":16,"column":94}},"5":{"start":{"line":19,"column":2},"end":{"line":19,"column":14}}},"fnMap":{"0":{"name":"consumePlaybackHeartbeat","decl":{"start":{"line":4,"column":22},"end":{"line":4,"column":46}},"loc":{"start":{"line":4,"column":116},"end":{"line":20,"column":1}},"line":4}},"branchMap":{"0":{"loc":{"start":{"line":7,"column":38},"end":{"line":7,"column":55}},"type":"binary-expr","locations":[{"start":{"line":7,"column":38},"end":{"line":7,"column":50}},{"start":{"line":7,"column":54},"end":{"line":7,"column":55}}],"line":7},"1":{"loc":{"start":{"line":8,"column":23},"end":{"line":8,"column":45}},"type":"binary-expr","locations":[{"start":{"line":8,"column":23},"end":{"line":8,"column":37}},{"start":{"line":8,"column":41},"end":{"line":8,"column":45}}],"line":8},"2":{"loc":{"start":{"line":9,"column":22},"end":{"line":9,"column":42}},"type":"binary-expr","locations":[{"start":{"line":9,"column":22},"end":{"line":9,"column":34}},{"start":{"line":9,"column":38},"end":{"line":9,"column":42}}],"line":9},"3":{"loc":{"start":{"line":14,"column":2},"end":{"line":17,"column":3}},"type":"if","locations":[{"start":{"line":14,"column":2},"end":{"line":17,"column":3}},{"start":{},"end":{}}],"line":14}},"s":{"0":4,"1":4,"2":4,"3":2,"4":2,"5":2},"f":{"0":4},"b":{"0":[4,0],"1":[4,0],"2":[4,0],"3":[2,2]},"inputSourceMap":null,"_coverageSchema":"1a1c01bbd47fc00a2c39e90264f33305004495a9","hash":"29472862633ce519d5547ac77c7b188ff120769f"}
,"/Users/iskandermac/Downloads/project 6/backend/services/courses/courseCatalogService.js": {"path":"/Users/iskandermac/Downloads/project 6/backend/services/courses/courseCatalogService.js","statementMap":{"0":{"start":{"line":6,"column":36},"end":{"line":25,"column":12}},"1":{"start":{"line":28,"column":63},"end":{"line":28,"column":69}},"2":{"start":{"line":29,"column":19},"end":{"line":29,"column":34}},"3":{"start":{"line":30,"column":18},"end":{"line":30,"column":32}},"4":{"start":{"line":31,"column":17},"end":{"line":31,"column":41}},"5":{"start":{"line":33,"column":14},"end":{"line":35,"column":53}},"6":{"start":{"line":37,"column":2},"end":{"line":39,"column":3}},"7":{"start":{"line":38,"column":4},"end":{"line":38,"column":53}},"8":{"start":{"line":41,"column":2},"end":{"line":43,"column":3}},"9":{"start":{"line":42,"column":4},"end":{"line":42,"column":42}},"10":{"start":{"line":45,"column":2},"end":{"line":97,"column":3}},"11":{"start":{"line":46,"column":24},"end":{"line":53,"column":6}},"12":{"start":{"line":55,"column":4},"end":{"line":91,"column":5}},"13":{"start":{"line":56,"column":18},"end":{"line":56,"column":53}},"14":{"start":{"line":56,"column":46},"end":{"line":56,"column":52}},"15":{"start":{"line":57,"column":20},"end":{"line":57,"column":55}},"16":{"start":{"line":59,"column":6},"end":{"line":69,"column":7}},"17":{"start":{"line":60,"column":8},"end":{"line":68,"column":10}},"18":{"start":{"line":71,"column":48},"end":{"line":74,"column":22}},"19":{"start":{"line":76,"column":6},"end":{"line":79,"column":7}},"20":{"start":{"line":77,"column":8},"end":{"line":77,"column":83}},"21":{"start":{"line":78,"column":8},"end":{"line":78,"column":91}},"22":{"start":{"line":81,"column":22},"end":{"line":81,"column":46}},"23":{"start":{"line":82,"column":6},"end":{"line":90,"column":8}},"24":{"start":{"line":93,"column":28},"end":{"line":93,"column":55}},"25":{"start":{"line":94,"column":4},"end":{"line":96,"column":5}},"26":{"start":{"line":95,"column":6},"end":{"line":95,"column":132}},"27":{"start":{"line":99,"column":33},"end":{"line":101,"column":41}},"28":{"start":{"line":103,"column":2},"end":{"line":106,"column":3}},"29":{"start":{"line":104,"column":4},"end":{"line":104,"column":62}},"30":{"start":{"line":105,"column":4},"end":{"line":105,"column":89}},"31":{"start":{"line":108,"column":2},"end":{"line":116,"column":4}},"32":{"start":{"line":120,"column":26},"end":{"line":124,"column":13}},"33":{"start":{"line":126,"column":2},"end":{"line":130,"column":3}},"34":{"start":{"line":127,"column":4},"end":{"line":127,"column":47}},"35":{"start":{"line":127,"column":35},"end":{"line":127,"column":47}},"36":{"start":{"line":128,"column":4},"end":{"line":128,"column":73}},"37":{"start":{"line":129,"column":4},"end":{"line":129,"column":92}},"38":{"start":{"line":131,"column":2},"end":{"line":131,"column":14}}},"fnMap":{"0":{"name":"listPublicCourses","decl":{"start":{"line":27,"column":22},"end":{"line":27,"column":39}},"loc":{"start":{"line":27,"column":58},"end":{"line":117,"column":1}},"line":27},"1":{"name":"(anonymous_1)","decl":{"start":{"line":56,"column":39},"end":{"line":56,"column":40}},"loc":{"start":{"line":56,"column":46},"end":{"line":56,"column":52}},"line":56},"2":{"name":"getPublicCourseById","decl":{"start":{"line":119,"column":22},"end":{"line":119,"column":41}},"loc":{"start":{"line":119,"column":56},"end":{"line":132,"column":1}},"line":119}},"branchMap":{"0":{"loc":{"start":{"line":28,"column":28},"end":{"line":28,"column":38}},"type":"default-arg","locations":[{"start":{"line":28,"column":36},"end":{"line":28,"column":38}}],"line":28},"1":{"loc":{"start":{"line":28,"column":40},"end":{"line":28,"column":48}},"type":"default-arg","locations":[{"start":{"line":28,"column":47},"end":{"line":28,"column":48}}],"line":28},"2":{"loc":{"start":{"line":37,"column":2},"end":{"line":39,"column":3}},"type":"if","locations":[{"start":{"line":37,"column":2},"end":{"line":39,"column":3}},{"start":{},"end":{}}],"line":37},"3":{"loc":{"start":{"line":41,"column":2},"end":{"line":43,"column":3}},"type":"if","locations":[{"start":{"line":41,"column":2},"end":{"line":43,"column":3}},{"start":{},"end":{}}],"line":41},"4":{"loc":{"start":{"line":45,"column":2},"end":{"line":97,"column":3}},"type":"if","locations":[{"start":{"line":45,"column":2},"end":{"line":97,"column":3}},{"start":{},"end":{}}],"line":45},"5":{"loc":{"start":{"line":50,"column":12},"end":{"line":50,"column":52}},"type":"cond-expr","locations":[{"start":{"line":50,"column":23},"end":{"line":50,"column":47}},{"start":{"line":50,"column":50},"end":{"line":50,"column":52}}],"line":50},"6":{"loc":{"start":{"line":51,"column":12},"end":{"line":51,"column":60}},"type":"cond-expr","locations":[{"start":{"line":51,"column":34},"end":{"line":51,"column":55}},{"start":{"line":51,"column":58},"end":{"line":51,"column":60}}],"line":51},"7":{"loc":{"start":{"line":55,"column":4},"end":{"line":91,"column":5}},"type":"if","locations":[{"start":{"line":55,"column":4},"end":{"line":91,"column":5}},{"start":{},"end":{}}],"line":55},"8":{"loc":{"start":{"line":57,"column":20},"end":{"line":57,"column":55}},"type":"binary-expr","locations":[{"start":{"line":57,"column":20},"end":{"line":57,"column":50}},{"start":{"line":57,"column":54},"end":{"line":57,"column":55}}],"line":57},"9":{"loc":{"start":{"line":59,"column":6},"end":{"line":69,"column":7}},"type":"if","locations":[{"start":{"line":59,"column":6},"end":{"line":69,"column":7}},{"start":{},"end":{}}],"line":59},"10":{"loc":{"start":{"line":76,"column":6},"end":{"line":79,"column":7}},"type":"if","locations":[{"start":{"line":76,"column":6},"end":{"line":79,"column":7}},{"start":{},"end":{}}],"line":76},"11":{"loc":{"start":{"line":94,"column":4},"end":{"line":96,"column":5}},"type":"if","locations":[{"start":{"line":94,"column":4},"end":{"line":96,"column":5}},{"start":{},"end":{}}],"line":94},"12":{"loc":{"start":{"line":103,"column":2},"end":{"line":106,"column":3}},"type":"if","locations":[{"start":{"line":103,"column":2},"end":{"line":106,"column":3}},{"start":{},"end":{}}],"line":103},"13":{"loc":{"start":{"line":126,"column":2},"end":{"line":130,"column":3}},"type":"if","locations":[{"start":{"line":126,"column":2},"end":{"line":130,"column":3}},{"start":{},"end":{}}],"line":126},"14":{"loc":{"start":{"line":127,"column":4},"end":{"line":127,"column":47}},"type":"if","locations":[{"start":{"line":127,"column":4},"end":{"line":127,"column":47}},{"start":{},"end":{}}],"line":127}},"s":{"0":13,"1":2,"2":2,"3":2,"4":2,"5":2,"6":2,"7":0,"8":2,"9":0,"10":2,"11":0,"12":0,"13":0,"14":0,"15":0,"16":0,"17":0,"18":0,"19":0,"20":0,"21":0,"22":0,"23":0,"24":0,"25":0,"26":0,"27":2,"28":2,"29":0,"30":0,"31":2,"32":2,"33":2,"34":0,"35":0,"36":0,"37":0,"38":2},"f":{"0":2,"1":0,"2":2},"b":{"0":[0],"1":[0],"2":[0,2],"3":[0,2],"4":[0,2],"5":[0,0],"6":[0,0],"7":[0,0],"8":[0,0],"9":[0,0],"10":[0,0],"11":[0,0],"12":[0,2],"13":[0,2],"14":[0,0]},"inputSourceMap":null,"_coverageSchema":"1a1c01bbd47fc00a2c39e90264f33305004495a9","hash":"549952e337c069cede2de131313c1b7d68914860"}
,"/Users/iskandermac/Downloads/project 6/backend/services/courses/coursePlaybackService.js": {"path":"/Users/iskandermac/Downloads/project 6/backend/services/courses/coursePlaybackService.js","statementMap":{"0":{"start":{"line":7,"column":37},"end":{"line":7,"column":100}},"1":{"start":{"line":9,"column":27},"end":{"line":9,"column":105}},"2":{"start":{"line":9,"column":33},"end":{"line":9,"column":105}},"3":{"start":{"line":12,"column":34},"end":{"line":16,"column":13}},"4":{"start":{"line":18,"column":2},"end":{"line":20,"column":3}},"5":{"start":{"line":19,"column":4},"end":{"line":19,"column":48}},"6":{"start":{"line":22,"column":2},"end":{"line":33,"column":3}},"7":{"start":{"line":23,"column":29},"end":{"line":28,"column":15}},"8":{"start":{"line":30,"column":4},"end":{"line":32,"column":5}},"9":{"start":{"line":31,"column":6},"end":{"line":31,"column":57}},"10":{"start":{"line":35,"column":23},"end":{"line":35,"column":27}},"11":{"start":{"line":36,"column":2},"end":{"line":54,"column":3}},"12":{"start":{"line":37,"column":30},"end":{"line":41,"column":15}},"13":{"start":{"line":43,"column":25},"end":{"line":43,"column":58}},"14":{"start":{"line":44,"column":20},"end":{"line":44,"column":41}},"15":{"start":{"line":45,"column":4},"end":{"line":48,"column":6}},"16":{"start":{"line":50,"column":23},"end":{"line":50,"column":46}},"17":{"start":{"line":51,"column":4},"end":{"line":53,"column":5}},"18":{"start":{"line":52,"column":6},"end":{"line":52,"column":49}},"19":{"start":{"line":56,"column":20},"end":{"line":56,"column":40}},"20":{"start":{"line":57,"column":49},"end":{"line":66,"column":13}},"21":{"start":{"line":68,"column":2},"end":{"line":71,"column":3}},"22":{"start":{"line":69,"column":4},"end":{"line":69,"column":110}},"23":{"start":{"line":70,"column":4},"end":{"line":70,"column":99}},"24":{"start":{"line":73,"column":17},"end":{"line":73,"column":21}},"25":{"start":{"line":75,"column":2},"end":{"line":139,"column":3}},"26":{"start":{"line":77,"column":6},"end":{"line":79,"column":7}},"27":{"start":{"line":78,"column":8},"end":{"line":78,"column":61}},"28":{"start":{"line":82,"column":6},"end":{"line":88,"column":7}},"29":{"start":{"line":83,"column":8},"end":{"line":86,"column":10}},"30":{"start":{"line":87,"column":8},"end":{"line":87,"column":14}},"31":{"start":{"line":90,"column":6},"end":{"line":100,"column":7}},"32":{"start":{"line":91,"column":28},"end":{"line":91,"column":86}},"33":{"start":{"line":92,"column":8},"end":{"line":96,"column":10}},"34":{"start":{"line":98,"column":8},"end":{"line":98,"column":123}},"35":{"start":{"line":99,"column":8},"end":{"line":99,"column":91}},"36":{"start":{"line":101,"column":6},"end":{"line":101,"column":12}},"37":{"start":{"line":104,"column":6},"end":{"line":106,"column":7}},"38":{"start":{"line":105,"column":8},"end":{"line":105,"column":61}},"39":{"start":{"line":107,"column":29},"end":{"line":107,"column":72}},"40":{"start":{"line":108,"column":26},"end":{"line":110,"column":32}},"41":{"start":{"line":111,"column":6},"end":{"line":115,"column":8}},"42":{"start":{"line":116,"column":6},"end":{"line":116,"column":12}},"43":{"start":{"line":119,"column":6},"end":{"line":121,"column":7}},"44":{"start":{"line":120,"column":8},"end":{"line":120,"column":61}},"45":{"start":{"line":122,"column":6},"end":{"line":125,"column":8}},"46":{"start":{"line":126,"column":6},"end":{"line":126,"column":12}},"47":{"start":{"line":130,"column":6},"end":{"line":132,"column":7}},"48":{"start":{"line":131,"column":8},"end":{"line":131,"column":61}},"49":{"start":{"line":133,"column":6},"end":{"line":136,"column":8}},"50":{"start":{"line":137,"column":6},"end":{"line":137,"column":12}},"51":{"start":{"line":142,"column":22},"end":{"line":142,"column":26}},"52":{"start":{"line":143,"column":2},"end":{"line":158,"column":3}},"53":{"start":{"line":144,"column":4},"end":{"line":157,"column":5}},"54":{"start":{"line":145,"column":6},"end":{"line":153,"column":9}},"55":{"start":{"line":155,"column":6},"end":{"line":155,"column":112}},"56":{"start":{"line":160,"column":2},"end":{"line":169,"column":4}}},"fnMap":{"0":{"name":"(anonymous_0)","decl":{"start":{"line":9,"column":27},"end":{"line":9,"column":28}},"loc":{"start":{"line":9,"column":33},"end":{"line":9,"column":105}},"line":9},"1":{"name":"createPlaybackSession","decl":{"start":{"line":11,"column":22},"end":{"line":11,"column":43}},"loc":{"start":{"line":11,"column":83},"end":{"line":170,"column":1}},"line":11}},"branchMap":{"0":{"loc":{"start":{"line":7,"column":46},"end":{"line":7,"column":95}},"type":"binary-expr","locations":[{"start":{"line":7,"column":46},"end":{"line":7,"column":86}},{"start":{"line":7,"column":90},"end":{"line":7,"column":95}}],"line":7},"1":{"loc":{"start":{"line":18,"column":2},"end":{"line":20,"column":3}},"type":"if","locations":[{"start":{"line":18,"column":2},"end":{"line":20,"column":3}},{"start":{},"end":{}}],"line":18},"2":{"loc":{"start":{"line":18,"column":6},"end":{"line":18,"column":22}},"type":"binary-expr","locations":[{"start":{"line":18,"column":6},"end":{"line":18,"column":11}},{"start":{"line":18,"column":15},"end":{"line":18,"column":22}}],"line":18},"3":{"loc":{"start":{"line":22,"column":2},"end":{"line":33,"column":3}},"type":"if","locations":[{"start":{"line":22,"column":2},"end":{"line":33,"column":3}},{"start":{},"end":{}}],"line":22},"4":{"loc":{"start":{"line":30,"column":4},"end":{"line":32,"column":5}},"type":"if","locations":[{"start":{"line":30,"column":4},"end":{"line":32,"column":5}},{"start":{},"end":{}}],"line":30},"5":{"loc":{"start":{"line":36,"column":2},"end":{"line":54,"column":3}},"type":"if","locations":[{"start":{"line":36,"column":2},"end":{"line":54,"column":3}},{"start":{},"end":{}}],"line":36},"6":{"loc":{"start":{"line":43,"column":25},"end":{"line":43,"column":58}},"type":"binary-expr","locations":[{"start":{"line":43,"column":25},"end":{"line":43,"column":53}},{"start":{"line":43,"column":57},"end":{"line":43,"column":58}}],"line":43},"7":{"loc":{"start":{"line":44,"column":20},"end":{"line":44,"column":41}},"type":"binary-expr","locations":[{"start":{"line":44,"column":20},"end":{"line":44,"column":36}},{"start":{"line":44,"column":40},"end":{"line":44,"column":41}}],"line":44},"8":{"loc":{"start":{"line":50,"column":23},"end":{"line":50,"column":46}},"type":"binary-expr","locations":[{"start":{"line":50,"column":23},"end":{"line":50,"column":41}},{"start":{"line":50,"column":45},"end":{"line":50,"column":46}}],"line":50},"9":{"loc":{"start":{"line":51,"column":4},"end":{"line":53,"column":5}},"type":"if","locations":[{"start":{"line":51,"column":4},"end":{"line":53,"column":5}},{"start":{},"end":{}}],"line":51},"10":{"loc":{"start":{"line":51,"column":8},"end":{"line":51,"column":75}},"type":"binary-expr","locations":[{"start":{"line":51,"column":8},"end":{"line":51,"column":22}},{"start":{"line":51,"column":26},"end":{"line":51,"column":51}},{"start":{"line":51,"column":55},"end":{"line":51,"column":75}}],"line":51},"11":{"loc":{"start":{"line":68,"column":2},"end":{"line":71,"column":3}},"type":"if","locations":[{"start":{"line":68,"column":2},"end":{"line":71,"column":3}},{"start":{},"end":{}}],"line":68},"12":{"loc":{"start":{"line":75,"column":2},"end":{"line":139,"column":3}},"type":"switch","locations":[{"start":{"line":76,"column":4},"end":{"line":102,"column":5}},{"start":{"line":103,"column":4},"end":{"line":117,"column":5}},{"start":{"line":118,"column":4},"end":{"line":127,"column":5}},{"start":{"line":128,"column":4},"end":{"line":128,"column":15}},{"start":{"line":129,"column":4},"end":{"line":138,"column":5}}],"line":75},"13":{"loc":{"start":{"line":77,"column":6},"end":{"line":79,"column":7}},"type":"if","locations":[{"start":{"line":77,"column":6},"end":{"line":79,"column":7}},{"start":{},"end":{}}],"line":77},"14":{"loc":{"start":{"line":82,"column":6},"end":{"line":88,"column":7}},"type":"if","locations":[{"start":{"line":82,"column":6},"end":{"line":88,"column":7}},{"start":{},"end":{}}],"line":82},"15":{"loc":{"start":{"line":104,"column":6},"end":{"line":106,"column":7}},"type":"if","locations":[{"start":{"line":104,"column":6},"end":{"line":106,"column":7}},{"start":{},"end":{}}],"line":104},"16":{"loc":{"start":{"line":108,"column":26},"end":{"line":110,"column":32}},"type":"cond-expr","locations":[{"start":{"line":109,"column":10},"end":{"line":109,"column":84}},{"start":{"line":110,"column":10},"end":{"line":110,"column":32}}],"line":108},"17":{"loc":{"start":{"line":119,"column":6},"end":{"line":121,"column":7}},"type":"if","locations":[{"start":{"line":119,"column":6},"end":{"line":121,"column":7}},{"start":{},"end":{}}],"line":119},"18":{"loc":{"start":{"line":130,"column":6},"end":{"line":132,"column":7}},"type":"if","locations":[{"start":{"line":130,"column":6},"end":{"line":132,"column":7}},{"start":{},"end":{}}],"line":130},"19":{"loc":{"start":{"line":143,"column":2},"end":{"line":158,"column":3}},"type":"if","locations":[{"start":{"line":143,"column":2},"end":{"line":158,"column":3}},{"start":{},"end":{}}],"line":143},"20":{"loc":{"start":{"line":143,"column":6},"end":{"line":143,"column":54}},"type":"binary-expr","locations":[{"start":{"line":143,"column":6},"end":{"line":143,"column":31}},{"start":{"line":143,"column":35},"end":{"line":143,"column":54}}],"line":143},"21":{"loc":{"start":{"line":151,"column":21},"end":{"line":151,"column":63}},"type":"binary-expr","locations":[{"start":{"line":151,"column":21},"end":{"line":151,"column":56}},{"start":{"line":151,"column":60},"end":{"line":151,"column":63}}],"line":151},"22":{"loc":{"start":{"line":152,"column":21},"end":{"line":152,"column":63}},"type":"binary-expr","locations":[{"start":{"line":152,"column":21},"end":{"line":152,"column":56}},{"start":{"line":152,"column":60},"end":{"line":152,"column":63}}],"line":152},"23":{"loc":{"start":{"line":167,"column":24},"end":{"line":167,"column":58}},"type":"binary-expr","locations":[{"start":{"line":167,"column":24},"end":{"line":167,"column":49}},{"start":{"line":167,"column":53},"end":{"line":167,"column":58}}],"line":167}},"s":{"0":14,"1":14,"2":5,"3":8,"4":8,"5":1,"6":7,"7":1,"8":1,"9":1,"10":6,"11":6,"12":1,"13":1,"14":1,"15":1,"16":1,"17":1,"18":1,"19":5,"20":5,"21":5,"22":0,"23":0,"24":5,"25":5,"26":2,"27":0,"28":2,"29":1,"30":1,"31":1,"32":1,"33":1,"34":0,"35":0,"36":1,"37":1,"38":0,"39":1,"40":1,"41":1,"42":1,"43":1,"44":0,"45":1,"46":1,"47":1,"48":0,"49":1,"50":1,"51":5,"52":5,"53":1,"54":1,"55":0,"56":5},"f":{"0":5,"1":8},"b":{"0":[14,14],"1":[1,7],"2":[8,7],"3":[1,6],"4":[1,0],"5":[1,5],"6":[1,1],"7":[1,1],"8":[1,0],"9":[1,0],"10":[1,1,1],"11":[0,5],"12":[2,1,1,1,1],"13":[0,2],"14":[1,1],"15":[0,1],"16":[0,1],"17":[0,1],"18":[0,1],"19":[1,4],"20":[5,1],"21":[1,1],"22":[1,1],"23":[5,4]},"inputSourceMap":null,"_coverageSchema":"1a1c01bbd47fc00a2c39e90264f33305004495a9","hash":"7ff64baba6dbfb97651fcc2e74bd62f6e11d98f7"}
,"/Users/iskandermac/Downloads/project 6/backend/services/courses/coursePurchaseService.js": {"path":"/Users/iskandermac/Downloads/project 6/backend/services/courses/coursePurchaseService.js","statementMap":{"0":{"start":{"line":5,"column":26},"end":{"line":9,"column":4}},"1":{"start":{"line":11,"column":2},"end":{"line":14,"column":3}},"2":{"start":{"line":12,"column":4},"end":{"line":12,"column":93}},"3":{"start":{"line":13,"column":4},"end":{"line":13,"column":83}},"4":{"start":{"line":16,"column":2},"end":{"line":18,"column":3}},"5":{"start":{"line":17,"column":4},"end":{"line":17,"column":89}},"6":{"start":{"line":20,"column":2},"end":{"line":20,"column":14}}},"fnMap":{"0":{"name":"purchaseCourseAccess","decl":{"start":{"line":4,"column":22},"end":{"line":4,"column":42}},"loc":{"start":{"line":4,"column":91},"end":{"line":21,"column":1}},"line":4}},"branchMap":{"0":{"loc":{"start":{"line":8,"column":23},"end":{"line":8,"column":45}},"type":"binary-expr","locations":[{"start":{"line":8,"column":23},"end":{"line":8,"column":37}},{"start":{"line":8,"column":41},"end":{"line":8,"column":45}}],"line":8},"1":{"loc":{"start":{"line":11,"column":2},"end":{"line":14,"column":3}},"type":"if","locations":[{"start":{"line":11,"column":2},"end":{"line":14,"column":3}},{"start":{},"end":{}}],"line":11},"2":{"loc":{"start":{"line":16,"column":2},"end":{"line":18,"column":3}},"type":"if","locations":[{"start":{"line":16,"column":2},"end":{"line":18,"column":3}},{"start":{},"end":{}}],"line":16},"3":{"loc":{"start":{"line":17,"column":30},"end":{"line":17,"column":87}},"type":"binary-expr","locations":[{"start":{"line":17,"column":30},"end":{"line":17,"column":40}},{"start":{"line":17,"column":44},"end":{"line":17,"column":56}},{"start":{"line":17,"column":60},"end":{"line":17,"column":87}}],"line":17}},"s":{"0":6,"1":6,"2":1,"3":1,"4":5,"5":2,"6":3},"f":{"0":6},"b":{"0":[6,0],"1":[1,5],"2":[2,3],"3":[2,2,0]},"inputSourceMap":null,"_coverageSchema":"1a1c01bbd47fc00a2c39e90264f33305004495a9","hash":"e20f811e11f6054819fe014ae621c09e705e4423"}
,"/Users/iskandermac/Downloads/project 6/backend/services/courses/courseQuizService.js": {"path":"/Users/iskandermac/Downloads/project 6/backend/services/courses/courseQuizService.js","statementMap":{"0":{"start":{"line":7,"column":19},"end":{"line":11,"column":18}},"1":{"start":{"line":13,"column":16},"end":{"line":13,"column":36}},"2":{"start":{"line":14,"column":2},"end":{"line":16,"column":3}},"3":{"start":{"line":15,"column":4},"end":{"line":15,"column":73}},"4":{"start":{"line":18,"column":27},"end":{"line":22,"column":13}},"5":{"start":{"line":24,"column":2},"end":{"line":26,"column":3}},"6":{"start":{"line":25,"column":4},"end":{"line":25,"column":61}},"7":{"start":{"line":28,"column":30},"end":{"line":28,"column":108}},"8":{"start":{"line":30,"column":17},"end":{"line":52,"column":5}},"9":{"start":{"line":56,"column":2},"end":{"line":62,"column":3}},"10":{"start":{"line":57,"column":4},"end":{"line":57,"column":49}},"11":{"start":{"line":58,"column":4},"end":{"line":58,"column":42}},"12":{"start":{"line":60,"column":4},"end":{"line":60,"column":71}},"13":{"start":{"line":61,"column":4},"end":{"line":61,"column":110}},"14":{"start":{"line":64,"column":18},"end":{"line":64,"column":81}},"15":{"start":{"line":67,"column":2},"end":{"line":71,"column":3}},"16":{"start":{"line":68,"column":4},"end":{"line":68,"column":54}},"17":{"start":{"line":70,"column":4},"end":{"line":70,"column":94}},"18":{"start":{"line":73,"column":32},"end":{"line":80,"column":13}},"19":{"start":{"line":82,"column":2},"end":{"line":84,"column":3}},"20":{"start":{"line":83,"column":4},"end":{"line":83,"column":86}},"21":{"start":{"line":86,"column":2},"end":{"line":86,"column":14}},"22":{"start":{"line":90,"column":27},"end":{"line":95,"column":13}},"23":{"start":{"line":97,"column":2},"end":{"line":99,"column":3}},"24":{"start":{"line":98,"column":4},"end":{"line":98,"column":78}},"25":{"start":{"line":101,"column":25},"end":{"line":107,"column":13}},"26":{"start":{"line":109,"column":2},"end":{"line":111,"column":3}},"27":{"start":{"line":110,"column":4},"end":{"line":110,"column":54}},"28":{"start":{"line":113,"column":26},"end":{"line":116,"column":5}},"29":{"start":{"line":113,"column":51},"end":{"line":116,"column":3}},"30":{"start":{"line":118,"column":2},"end":{"line":118,"column":53}},"31":{"start":{"line":122,"column":2},"end":{"line":124,"column":3}},"32":{"start":{"line":123,"column":4},"end":{"line":123,"column":58}},"33":{"start":{"line":126,"column":25},"end":{"line":130,"column":13}},"34":{"start":{"line":132,"column":2},"end":{"line":134,"column":3}},"35":{"start":{"line":133,"column":4},"end":{"line":133,"column":46}},"36":{"start":{"line":136,"column":16},"end":{"line":136,"column":37}},"37":{"start":{"line":137,"column":2},"end":{"line":139,"column":3}},"38":{"start":{"line":138,"column":4},"end":{"line":138,"column":87}},"39":{"start":{"line":141,"column":2},"end":{"line":145,"column":3}},"40":{"start":{"line":142,"column":4},"end":{"line":144,"column":5}},"41":{"start":{"line":143,"column":6},"end":{"line":143,"column":82}},"42":{"start":{"line":147,"column":14},"end":{"line":147,"column":15}},"43":{"start":{"line":149,"column":2},"end":{"line":153,"column":5}},"44":{"start":{"line":150,"column":4},"end":{"line":152,"column":5}},"45":{"start":{"line":151,"column":6},"end":{"line":151,"column":14}},"46":{"start":{"line":155,"column":21},"end":{"line":155,"column":54}},"47":{"start":{"line":156,"column":17},"end":{"line":156,"column":33}},"48":{"start":{"line":158,"column":33},"end":{"line":163,"column":4}},"49":{"start":{"line":165,"column":2},"end":{"line":167,"column":3}},"50":{"start":{"line":166,"column":4},"end":{"line":166,"column":87}},"51":{"start":{"line":169,"column":2},"end":{"line":175,"column":4}}},"fnMap":{"0":{"name":"generateQuizForCourse","decl":{"start":{"line":12,"column":22},"end":{"line":12,"column":43}},"loc":{"start":{"line":12,"column":64},"end":{"line":87,"column":1}},"line":12},"1":{"name":"getLatestQuizForCourse","decl":{"start":{"line":89,"column":22},"end":{"line":89,"column":44}},"loc":{"start":{"line":89,"column":77},"end":{"line":119,"column":1}},"line":89},"2":{"name":"(anonymous_2)","decl":{"start":{"line":113,"column":45},"end":{"line":113,"column":46}},"loc":{"start":{"line":113,"column":51},"end":{"line":116,"column":3}},"line":113},"3":{"name":"submitQuizAnswers","decl":{"start":{"line":121,"column":22},"end":{"line":121,"column":39}},"loc":{"start":{"line":121,"column":79},"end":{"line":176,"column":1}},"line":121},"4":{"name":"(anonymous_4)","decl":{"start":{"line":149,"column":25},"end":{"line":149,"column":26}},"loc":{"start":{"line":149,"column":39},"end":{"line":153,"column":3}},"line":149}},"branchMap":{"0":{"loc":{"start":{"line":14,"column":2},"end":{"line":16,"column":3}},"type":"if","locations":[{"start":{"line":14,"column":2},"end":{"line":16,"column":3}},{"start":{},"end":{}}],"line":14},"1":{"loc":{"start":{"line":24,"column":2},"end":{"line":26,"column":3}},"type":"if","locations":[{"start":{"line":24,"column":2},"end":{"line":26,"column":3}},{"start":{},"end":{}}],"line":24},"2":{"loc":{"start":{"line":24,"column":6},"end":{"line":24,"column":35}},"type":"binary-expr","locations":[{"start":{"line":24,"column":6},"end":{"line":24,"column":13}},{"start":{"line":24,"column":17},"end":{"line":24,"column":35}}],"line":24},"3":{"loc":{"start":{"line":82,"column":2},"end":{"line":84,"column":3}},"type":"if","locations":[{"start":{"line":82,"column":2},"end":{"line":84,"column":3}},{"start":{},"end":{}}],"line":82},"4":{"loc":{"start":{"line":97,"column":2},"end":{"line":99,"column":3}},"type":"if","locations":[{"start":{"line":97,"column":2},"end":{"line":99,"column":3}},{"start":{},"end":{}}],"line":97},"5":{"loc":{"start":{"line":109,"column":2},"end":{"line":111,"column":3}},"type":"if","locations":[{"start":{"line":109,"column":2},"end":{"line":111,"column":3}},{"start":{},"end":{}}],"line":109},"6":{"loc":{"start":{"line":122,"column":2},"end":{"line":124,"column":3}},"type":"if","locations":[{"start":{"line":122,"column":2},"end":{"line":124,"column":3}},{"start":{},"end":{}}],"line":122},"7":{"loc":{"start":{"line":132,"column":2},"end":{"line":134,"column":3}},"type":"if","locations":[{"start":{"line":132,"column":2},"end":{"line":134,"column":3}},{"start":{},"end":{}}],"line":132},"8":{"loc":{"start":{"line":137,"column":2},"end":{"line":139,"column":3}},"type":"if","locations":[{"start":{"line":137,"column":2},"end":{"line":139,"column":3}},{"start":{},"end":{}}],"line":137},"9":{"loc":{"start":{"line":142,"column":4},"end":{"line":144,"column":5}},"type":"if","locations":[{"start":{"line":142,"column":4},"end":{"line":144,"column":5}},{"start":{},"end":{}}],"line":142},"10":{"loc":{"start":{"line":142,"column":8},"end":{"line":142,"column":52}},"type":"binary-expr","locations":[{"start":{"line":142,"column":8},"end":{"line":142,"column":30}},{"start":{"line":142,"column":34},"end":{"line":142,"column":41}},{"start":{"line":142,"column":45},"end":{"line":142,"column":52}}],"line":142},"11":{"loc":{"start":{"line":150,"column":4},"end":{"line":152,"column":5}},"type":"if","locations":[{"start":{"line":150,"column":4},"end":{"line":152,"column":5}},{"start":{},"end":{}}],"line":150},"12":{"loc":{"start":{"line":165,"column":2},"end":{"line":167,"column":3}},"type":"if","locations":[{"start":{"line":165,"column":2},"end":{"line":167,"column":3}},{"start":{},"end":{}}],"line":165}},"s":{"0":13,"1":1,"2":1,"3":0,"4":1,"5":1,"6":0,"7":1,"8":1,"9":1,"10":1,"11":1,"12":0,"13":0,"14":1,"15":1,"16":1,"17":0,"18":1,"19":1,"20":0,"21":1,"22":1,"23":1,"24":0,"25":1,"26":1,"27":0,"28":1,"29":1,"30":1,"31":1,"32":0,"33":1,"34":1,"35":0,"36":1,"37":1,"38":0,"39":1,"40":1,"41":0,"42":1,"43":1,"44":1,"45":1,"46":1,"47":1,"48":1,"49":1,"50":0,"51":1},"f":{"0":1,"1":1,"2":1,"3":1,"4":1},"b":{"0":[0,1],"1":[0,1],"2":[1,1],"3":[0,1],"4":[0,1],"5":[0,1],"6":[0,1],"7":[0,1],"8":[0,1],"9":[0,1],"10":[1,1,1],"11":[1,0],"12":[0,1]},"inputSourceMap":null,"_coverageSchema":"1a1c01bbd47fc00a2c39e90264f33305004495a9","hash":"df81ebb6a44d62fde103a921e3547ea7f9cbb0c8"}
,"/Users/iskandermac/Downloads/project 6/backend/services/courses/hlsService.js": {"path":"/Users/iskandermac/Downloads/project 6/backend/services/courses/hlsService.js","statementMap":{"0":{"start":{"line":5,"column":20},"end":{"line":5,"column":73}},"1":{"start":{"line":8,"column":2},"end":{"line":8,"column":27}},"2":{"start":{"line":8,"column":15},"end":{"line":8,"column":27}},"3":{"start":{"line":9,"column":2},"end":{"line":15,"column":3}},"4":{"start":{"line":10,"column":21},"end":{"line":10,"column":54}},"5":{"start":{"line":11,"column":30},"end":{"line":11,"column":49}},"6":{"start":{"line":12,"column":4},"end":{"line":12,"column":50}},"7":{"start":{"line":12,"column":38},"end":{"line":12,"column":50}},"8":{"start":{"line":13,"column":23},"end":{"line":13,"column":65}},"9":{"start":{"line":14,"column":4},"end":{"line":14,"column":34}},"10":{"start":{"line":17,"column":23},"end":{"line":17,"column":93}},"11":{"start":{"line":18,"column":2},"end":{"line":21,"column":3}},"12":{"start":{"line":19,"column":23},"end":{"line":19,"column":66}},"13":{"start":{"line":20,"column":4},"end":{"line":20,"column":51}},"14":{"start":{"line":23,"column":2},"end":{"line":23,"column":14}},"15":{"start":{"line":27,"column":2},"end":{"line":27,"column":74}},"16":{"start":{"line":31,"column":2},"end":{"line":31,"column":33}},"17":{"start":{"line":31,"column":21},"end":{"line":31,"column":33}},"18":{"start":{"line":32,"column":2},"end":{"line":34,"column":3}},"19":{"start":{"line":33,"column":4},"end":{"line":33,"column":16}},"20":{"start":{"line":35,"column":2},"end":{"line":35,"column":22}},"21":{"start":{"line":39,"column":26},"end":{"line":42,"column":65}},"22":{"start":{"line":44,"column":2},"end":{"line":44,"column":90}},"23":{"start":{"line":44,"column":13},"end":{"line":44,"column":90}},"24":{"start":{"line":45,"column":2},"end":{"line":45,"column":24}},"25":{"start":{"line":49,"column":2},"end":{"line":49,"column":49}},"26":{"start":{"line":49,"column":37},"end":{"line":49,"column":49}},"27":{"start":{"line":50,"column":14},"end":{"line":50,"column":25}},"28":{"start":{"line":51,"column":2},"end":{"line":51,"column":24}},"29":{"start":{"line":51,"column":12},"end":{"line":51,"column":24}},"30":{"start":{"line":52,"column":2},"end":{"line":52,"column":39}},"31":{"start":{"line":52,"column":27},"end":{"line":52,"column":39}},"32":{"start":{"line":53,"column":2},"end":{"line":55,"column":3}},"33":{"start":{"line":54,"column":4},"end":{"line":54,"column":32}},"34":{"start":{"line":56,"column":2},"end":{"line":56,"column":31}},"35":{"start":{"line":60,"column":2},"end":{"line":60,"column":43}},"36":{"start":{"line":60,"column":31},"end":{"line":60,"column":43}},"37":{"start":{"line":61,"column":16},"end":{"line":61,"column":32}},"38":{"start":{"line":62,"column":18},"end":{"line":62,"column":19}},"39":{"start":{"line":63,"column":14},"end":{"line":63,"column":18}},"40":{"start":{"line":64,"column":16},"end":{"line":64,"column":18}},"41":{"start":{"line":66,"column":2},"end":{"line":75,"column":3}},"42":{"start":{"line":67,"column":4},"end":{"line":67,"column":51}},"43":{"start":{"line":68,"column":16},"end":{"line":68,"column":24}},"44":{"start":{"line":69,"column":22},"end":{"line":69,"column":25}},"45":{"start":{"line":70,"column":4},"end":{"line":72,"column":5}},"46":{"start":{"line":71,"column":6},"end":{"line":71,"column":89}},"47":{"start":{"line":73,"column":4},"end":{"line":73,"column":39}},"48":{"start":{"line":74,"column":4},"end":{"line":74,"column":32}},"49":{"start":{"line":77,"column":2},"end":{"line":77,"column":36}},"50":{"start":{"line":78,"column":2},"end":{"line":78,"column":24}},"51":{"start":{"line":82,"column":17},"end":{"line":82,"column":52}},"52":{"start":{"line":83,"column":2},"end":{"line":85,"column":3}},"53":{"start":{"line":84,"column":4},"end":{"line":84,"column":69}},"54":{"start":{"line":87,"column":23},"end":{"line":87,"column":57}},"55":{"start":{"line":88,"column":18},"end":{"line":88,"column":55}},"56":{"start":{"line":89,"column":21},"end":{"line":91,"column":23}},"57":{"start":{"line":93,"column":20},"end":{"line":93,"column":91}},"58":{"start":{"line":94,"column":19},"end":{"line":94,"column":45}},"59":{"start":{"line":95,"column":23},"end":{"line":95,"column":36}},"60":{"start":{"line":97,"column":21},"end":{"line":100,"column":3}},"61":{"start":{"line":98,"column":25},"end":{"line":98,"column":59}},"62":{"start":{"line":99,"column":4},"end":{"line":99,"column":79}},"63":{"start":{"line":102,"column":26},"end":{"line":109,"column":3}},"64":{"start":{"line":103,"column":21},"end":{"line":103,"column":70}},"65":{"start":{"line":104,"column":19},"end":{"line":107,"column":6}},"66":{"start":{"line":108,"column":4},"end":{"line":108,"column":46}},"67":{"start":{"line":111,"column":16},"end":{"line":111,"column":51}},"68":{"start":{"line":112,"column":20},"end":{"line":112,"column":22}},"69":{"start":{"line":114,"column":2},"end":{"line":128,"column":3}},"70":{"start":{"line":115,"column":4},"end":{"line":118,"column":5}},"71":{"start":{"line":116,"column":6},"end":{"line":116,"column":27}},"72":{"start":{"line":117,"column":6},"end":{"line":117,"column":15}},"73":{"start":{"line":120,"column":4},"end":{"line":124,"column":5}},"74":{"start":{"line":121,"column":22},"end":{"line":121,"column":82}},"75":{"start":{"line":122,"column":6},"end":{"line":122,"column":30}},"76":{"start":{"line":123,"column":6},"end":{"line":123,"column":15}},"77":{"start":{"line":126,"column":24},"end":{"line":126,"column":79}},"78":{"start":{"line":127,"column":4},"end":{"line":127,"column":32}},"79":{"start":{"line":130,"column":2},"end":{"line":130,"column":44}}},"fnMap":{"0":{"name":"parseSupabaseSource","decl":{"start":{"line":7,"column":16},"end":{"line":7,"column":35}},"loc":{"start":{"line":7,"column":44},"end":{"line":24,"column":1}},"line":7},"1":{"name":"isRelativeUri","decl":{"start":{"line":26,"column":9},"end":{"line":26,"column":22}},"loc":{"start":{"line":26,"column":28},"end":{"line":28,"column":1}},"line":26},"2":{"name":"sanitizePlaylistPath","decl":{"start":{"line":30,"column":9},"end":{"line":30,"column":29}},"loc":{"start":{"line":30,"column":44},"end":{"line":36,"column":1}},"line":30},"3":{"name":"createSignedUrl","decl":{"start":{"line":38,"column":15},"end":{"line":38,"column":30}},"loc":{"start":{"line":38,"column":73},"end":{"line":46,"column":1}},"line":38},"4":{"name":"rewriteUriLine","decl":{"start":{"line":48,"column":15},"end":{"line":48,"column":29}},"loc":{"start":{"line":48,"column":65},"end":{"line":57,"column":1}},"line":48},"5":{"name":"rewriteAttributeUri","decl":{"start":{"line":59,"column":15},"end":{"line":59,"column":34}},"loc":{"start":{"line":59,"column":70},"end":{"line":79,"column":1}},"line":59},"6":{"name":"buildSignedManifest","decl":{"start":{"line":81,"column":22},"end":{"line":81,"column":41}},"loc":{"start":{"line":81,"column":116},"end":{"line":131,"column":1}},"line":81},"7":{"name":"(anonymous_7)","decl":{"start":{"line":97,"column":21},"end":{"line":97,"column":22}},"loc":{"start":{"line":97,"column":41},"end":{"line":100,"column":3}},"line":97},"8":{"name":"(anonymous_8)","decl":{"start":{"line":102,"column":26},"end":{"line":102,"column":27}},"loc":{"start":{"line":102,"column":40},"end":{"line":109,"column":3}},"line":102}},"branchMap":{"0":{"loc":{"start":{"line":5,"column":29},"end":{"line":5,"column":68}},"type":"binary-expr","locations":[{"start":{"line":5,"column":29},"end":{"line":5,"column":59}},{"start":{"line":5,"column":63},"end":{"line":5,"column":68}}],"line":5},"1":{"loc":{"start":{"line":8,"column":2},"end":{"line":8,"column":27}},"type":"if","locations":[{"start":{"line":8,"column":2},"end":{"line":8,"column":27}},{"start":{},"end":{}}],"line":8},"2":{"loc":{"start":{"line":9,"column":2},"end":{"line":15,"column":3}},"type":"if","locations":[{"start":{"line":9,"column":2},"end":{"line":15,"column":3}},{"start":{},"end":{}}],"line":9},"3":{"loc":{"start":{"line":12,"column":4},"end":{"line":12,"column":50}},"type":"if","locations":[{"start":{"line":12,"column":4},"end":{"line":12,"column":50}},{"start":{},"end":{}}],"line":12},"4":{"loc":{"start":{"line":12,"column":8},"end":{"line":12,"column":36}},"type":"binary-expr","locations":[{"start":{"line":12,"column":8},"end":{"line":12,"column":15}},{"start":{"line":12,"column":19},"end":{"line":12,"column":36}}],"line":12},"5":{"loc":{"start":{"line":18,"column":2},"end":{"line":21,"column":3}},"type":"if","locations":[{"start":{"line":18,"column":2},"end":{"line":21,"column":3}},{"start":{},"end":{}}],"line":18},"6":{"loc":{"start":{"line":27,"column":9},"end":{"line":27,"column":73}},"type":"binary-expr","locations":[{"start":{"line":27,"column":9},"end":{"line":27,"column":12}},{"start":{"line":27,"column":16},"end":{"line":27,"column":42}},{"start":{"line":27,"column":46},"end":{"line":27,"column":73}}],"line":27},"7":{"loc":{"start":{"line":31,"column":2},"end":{"line":31,"column":33}},"type":"if","locations":[{"start":{"line":31,"column":2},"end":{"line":31,"column":33}},{"start":{},"end":{}}],"line":31},"8":{"loc":{"start":{"line":32,"column":2},"end":{"line":34,"column":3}},"type":"if","locations":[{"start":{"line":32,"column":2},"end":{"line":34,"column":3}},{"start":{},"end":{}}],"line":32},"9":{"loc":{"start":{"line":32,"column":6},"end":{"line":32,"column":65}},"type":"binary-expr","locations":[{"start":{"line":32,"column":6},"end":{"line":32,"column":33}},{"start":{"line":32,"column":37},"end":{"line":32,"column":65}}],"line":32},"10":{"loc":{"start":{"line":44,"column":2},"end":{"line":44,"column":90}},"type":"if","locations":[{"start":{"line":44,"column":2},"end":{"line":44,"column":90}},{"start":{},"end":{}}],"line":44},"11":{"loc":{"start":{"line":49,"column":2},"end":{"line":49,"column":49}},"type":"if","locations":[{"start":{"line":49,"column":2},"end":{"line":49,"column":49}},{"start":{},"end":{}}],"line":49},"12":{"loc":{"start":{"line":49,"column":6},"end":{"line":49,"column":35}},"type":"binary-expr","locations":[{"start":{"line":49,"column":6},"end":{"line":49,"column":11}},{"start":{"line":49,"column":15},"end":{"line":49,"column":35}}],"line":49},"13":{"loc":{"start":{"line":51,"column":2},"end":{"line":51,"column":24}},"type":"if","locations":[{"start":{"line":51,"column":2},"end":{"line":51,"column":24}},{"start":{},"end":{}}],"line":51},"14":{"loc":{"start":{"line":52,"column":2},"end":{"line":52,"column":39}},"type":"if","locations":[{"start":{"line":52,"column":2},"end":{"line":52,"column":39}},{"start":{},"end":{}}],"line":52},"15":{"loc":{"start":{"line":53,"column":2},"end":{"line":55,"column":3}},"type":"if","locations":[{"start":{"line":53,"column":2},"end":{"line":55,"column":3}},{"start":{},"end":{}}],"line":53},"16":{"loc":{"start":{"line":60,"column":2},"end":{"line":60,"column":43}},"type":"if","locations":[{"start":{"line":60,"column":2},"end":{"line":60,"column":43}},{"start":{},"end":{}}],"line":60},"17":{"loc":{"start":{"line":70,"column":4},"end":{"line":72,"column":5}},"type":"if","locations":[{"start":{"line":70,"column":4},"end":{"line":72,"column":5}},{"start":{},"end":{}}],"line":70},"18":{"loc":{"start":{"line":71,"column":20},"end":{"line":71,"column":88}},"type":"cond-expr","locations":[{"start":{"line":71,"column":44},"end":{"line":71,"column":64}},{"start":{"line":71,"column":67},"end":{"line":71,"column":88}}],"line":71},"19":{"loc":{"start":{"line":83,"column":2},"end":{"line":85,"column":3}},"type":"if","locations":[{"start":{"line":83,"column":2},"end":{"line":85,"column":3}},{"start":{},"end":{}}],"line":83},"20":{"loc":{"start":{"line":89,"column":21},"end":{"line":91,"column":23}},"type":"cond-expr","locations":[{"start":{"line":90,"column":6},"end":{"line":90,"column":44}},{"start":{"line":91,"column":6},"end":{"line":91,"column":23}}],"line":89},"21":{"loc":{"start":{"line":115,"column":4},"end":{"line":118,"column":5}},"type":"if","locations":[{"start":{"line":115,"column":4},"end":{"line":118,"column":5}},{"start":{},"end":{}}],"line":115},"22":{"loc":{"start":{"line":120,"column":4},"end":{"line":124,"column":5}},"type":"if","locations":[{"start":{"line":120,"column":4},"end":{"line":124,"column":5}},{"start":{},"end":{}}],"line":120}},"s":{"0":14,"1":1,"2":0,"3":1,"4":0,"5":0,"6":0,"7":0,"8":0,"9":0,"10":1,"11":1,"12":0,"13":0,"14":1,"15":0,"16":0,"17":0,"18":0,"19":0,"20":0,"21":0,"22":0,"23":0,"24":0,"25":0,"26":0,"27":0,"28":0,"29":0,"30":0,"31":0,"32":0,"33":0,"34":0,"35":0,"36":0,"37":0,"38":0,"39":0,"40":0,"41":0,"42":0,"43":0,"44":0,"45":0,"46":0,"47":0,"48":0,"49":0,"50":0,"51":0,"52":0,"53":0,"54":0,"55":0,"56":0,"57":0,"58":0,"59":0,"60":0,"61":0,"62":0,"63":0,"64":0,"65":0,"66":0,"67":0,"68":0,"69":0,"70":0,"71":0,"72":0,"73":0,"74":0,"75":0,"76":0,"77":0,"78":0,"79":0},"f":{"0":1,"1":0,"2":0,"3":0,"4":0,"5":0,"6":0,"7":0,"8":0},"b":{"0":[14,14],"1":[0,1],"2":[0,1],"3":[0,0],"4":[0,0],"5":[0,1],"6":[0,0,0],"7":[0,0],"8":[0,0],"9":[0,0],"10":[0,0],"11":[0,0],"12":[0,0],"13":[0,0],"14":[0,0],"15":[0,0],"16":[0,0],"17":[0,0],"18":[0,0],"19":[0,0],"20":[0,0],"21":[0,0],"22":[0,0]},"inputSourceMap":null,"_coverageSchema":"1a1c01bbd47fc00a2c39e90264f33305004495a9","hash":"8d51b7ef408547b76d8c2fdf4e83c0e32136ad4a"}
,"/Users/iskandermac/Downloads/project 6/backend/services/credits/creditsService.js": {"path":"/Users/iskandermac/Downloads/project 6/backend/services/credits/creditsService.js","statementMap":{"0":{"start":{"line":5,"column":24},"end":{"line":12,"column":1}},"1":{"start":{"line":15,"column":26},"end":{"line":19,"column":13}},"2":{"start":{"line":21,"column":2},"end":{"line":24,"column":3}},"3":{"start":{"line":22,"column":4},"end":{"line":22,"column":70}},"4":{"start":{"line":23,"column":4},"end":{"line":23,"column":75}},"5":{"start":{"line":26,"column":25},"end":{"line":26,"column":48}},"6":{"start":{"line":28,"column":52},"end":{"line":32,"column":21}},"7":{"start":{"line":34,"column":2},"end":{"line":36,"column":3}},"8":{"start":{"line":35,"column":4},"end":{"line":35,"column":80}},"9":{"start":{"line":38,"column":24},"end":{"line":43,"column":5}},"10":{"start":{"line":38,"column":56},"end":{"line":43,"column":3}},"11":{"start":{"line":45,"column":2},"end":{"line":48,"column":4}},"12":{"start":{"line":52,"column":25},"end":{"line":52,"column":50}},"13":{"start":{"line":54,"column":26},"end":{"line":59,"column":6}},"14":{"start":{"line":61,"column":2},"end":{"line":64,"column":3}},"15":{"start":{"line":62,"column":4},"end":{"line":62,"column":96}},"16":{"start":{"line":63,"column":4},"end":{"line":63,"column":77}},"17":{"start":{"line":66,"column":2},"end":{"line":68,"column":3}},"18":{"start":{"line":67,"column":4},"end":{"line":67,"column":92}},"19":{"start":{"line":70,"column":2},"end":{"line":82,"column":4}},"20":{"start":{"line":86,"column":26},"end":{"line":91,"column":6}},"21":{"start":{"line":93,"column":2},"end":{"line":96,"column":3}},"22":{"start":{"line":94,"column":4},"end":{"line":94,"column":91}},"23":{"start":{"line":95,"column":4},"end":{"line":95,"column":81}},"24":{"start":{"line":98,"column":2},"end":{"line":100,"column":3}},"25":{"start":{"line":99,"column":4},"end":{"line":99,"column":85}},"26":{"start":{"line":102,"column":2},"end":{"line":106,"column":4}},"27":{"start":{"line":110,"column":26},"end":{"line":114,"column":6}},"28":{"start":{"line":116,"column":2},"end":{"line":123,"column":3}},"29":{"start":{"line":118,"column":4},"end":{"line":120,"column":5}},"30":{"start":{"line":119,"column":7},"end":{"line":119,"column":70}},"31":{"start":{"line":121,"column":4},"end":{"line":121,"column":84}},"32":{"start":{"line":122,"column":4},"end":{"line":122,"column":83}},"33":{"start":{"line":125,"column":2},"end":{"line":127,"column":3}},"34":{"start":{"line":126,"column":4},"end":{"line":126,"column":85}},"35":{"start":{"line":129,"column":2},"end":{"line":134,"column":4}},"36":{"start":{"line":138,"column":49},"end":{"line":142,"column":13}},"37":{"start":{"line":144,"column":2},"end":{"line":150,"column":3}},"38":{"start":{"line":145,"column":4},"end":{"line":147,"column":5}},"39":{"start":{"line":146,"column":6},"end":{"line":146,"column":71}},"40":{"start":{"line":148,"column":4},"end":{"line":148,"column":90}},"41":{"start":{"line":149,"column":4},"end":{"line":149,"column":89}},"42":{"start":{"line":152,"column":26},"end":{"line":152,"column":55}},"43":{"start":{"line":154,"column":2},"end":{"line":160,"column":3}},"44":{"start":{"line":155,"column":4},"end":{"line":159,"column":6}},"45":{"start":{"line":162,"column":2},"end":{"line":164,"column":3}},"46":{"start":{"line":163,"column":4},"end":{"line":163,"column":65}},"47":{"start":{"line":167,"column":31},"end":{"line":171,"column":13}},"48":{"start":{"line":173,"column":2},"end":{"line":175,"column":3}},"49":{"start":{"line":174,"column":4},"end":{"line":174,"column":83}},"50":{"start":{"line":177,"column":47},"end":{"line":182,"column":13}},"51":{"start":{"line":184,"column":2},"end":{"line":186,"column":3}},"52":{"start":{"line":185,"column":4},"end":{"line":185,"column":91}},"53":{"start":{"line":188,"column":2},"end":{"line":191,"column":4}},"54":{"start":{"line":195,"column":26},"end":{"line":199,"column":6}},"55":{"start":{"line":201,"column":2},"end":{"line":207,"column":3}},"56":{"start":{"line":202,"column":4},"end":{"line":204,"column":5}},"57":{"start":{"line":203,"column":7},"end":{"line":203,"column":70}},"58":{"start":{"line":205,"column":4},"end":{"line":205,"column":86}},"59":{"start":{"line":206,"column":4},"end":{"line":206,"column":90}},"60":{"start":{"line":209,"column":2},"end":{"line":211,"column":3}},"61":{"start":{"line":210,"column":5},"end":{"line":210,"column":86}},"62":{"start":{"line":213,"column":2},"end":{"line":218,"column":4}},"63":{"start":{"line":222,"column":51},"end":{"line":226,"column":13}},"64":{"start":{"line":228,"column":2},"end":{"line":234,"column":3}},"65":{"start":{"line":229,"column":4},"end":{"line":231,"column":5}},"66":{"start":{"line":230,"column":7},"end":{"line":230,"column":72}},"67":{"start":{"line":232,"column":4},"end":{"line":232,"column":93}},"68":{"start":{"line":233,"column":4},"end":{"line":233,"column":88}},"69":{"start":{"line":236,"column":26},"end":{"line":236,"column":56}},"70":{"start":{"line":238,"column":2},"end":{"line":244,"column":3}},"71":{"start":{"line":239,"column":4},"end":{"line":243,"column":6}},"72":{"start":{"line":246,"column":2},"end":{"line":248,"column":3}},"73":{"start":{"line":247,"column":4},"end":{"line":247,"column":65}},"74":{"start":{"line":251,"column":31},"end":{"line":255,"column":13}},"75":{"start":{"line":257,"column":2},"end":{"line":259,"column":3}},"76":{"start":{"line":258,"column":4},"end":{"line":258,"column":83}},"77":{"start":{"line":261,"column":47},"end":{"line":266,"column":13}},"78":{"start":{"line":268,"column":2},"end":{"line":270,"column":3}},"79":{"start":{"line":269,"column":5},"end":{"line":269,"column":94}},"80":{"start":{"line":272,"column":2},"end":{"line":275,"column":4}},"81":{"start":{"line":279,"column":19},"end":{"line":279,"column":68}},"82":{"start":{"line":280,"column":18},"end":{"line":280,"column":50}},"83":{"start":{"line":281,"column":17},"end":{"line":281,"column":41}},"84":{"start":{"line":283,"column":14},"end":{"line":288,"column":41}},"85":{"start":{"line":290,"column":2},"end":{"line":292,"column":3}},"86":{"start":{"line":291,"column":4},"end":{"line":291,"column":47}},"87":{"start":{"line":294,"column":33},"end":{"line":294,"column":44}},"88":{"start":{"line":296,"column":2},"end":{"line":299,"column":3}},"89":{"start":{"line":297,"column":4},"end":{"line":297,"column":69}},"90":{"start":{"line":298,"column":4},"end":{"line":298,"column":79}},"91":{"start":{"line":301,"column":2},"end":{"line":309,"column":4}}},"fnMap":{"0":{"name":"getCreditBalance","decl":{"start":{"line":14,"column":22},"end":{"line":14,"column":38}},"loc":{"start":{"line":14,"column":57},"end":{"line":49,"column":1}},"line":14},"1":{"name":"(anonymous_1)","decl":{"start":{"line":38,"column":49},"end":{"line":38,"column":50}},"loc":{"start":{"line":38,"column":56},"end":{"line":43,"column":3}},"line":38},"2":{"name":"redeemLicenseCode","decl":{"start":{"line":51,"column":22},"end":{"line":51,"column":39}},"loc":{"start":{"line":51,"column":78},"end":{"line":83,"column":1}},"line":51},"3":{"name":"consumeVideoMinutes","decl":{"start":{"line":85,"column":22},"end":{"line":85,"column":41}},"loc":{"start":{"line":85,"column":83},"end":{"line":107,"column":1}},"line":85},"4":{"name":"consumeArticleCredit","decl":{"start":{"line":109,"column":22},"end":{"line":109,"column":42}},"loc":{"start":{"line":109,"column":76},"end":{"line":135,"column":1}},"line":109},"5":{"name":"checkArticleAccess","decl":{"start":{"line":137,"column":22},"end":{"line":137,"column":40}},"loc":{"start":{"line":137,"column":74},"end":{"line":192,"column":1}},"line":137},"6":{"name":"consumeResearchCredit","decl":{"start":{"line":194,"column":22},"end":{"line":194,"column":43}},"loc":{"start":{"line":194,"column":78},"end":{"line":219,"column":1}},"line":194},"7":{"name":"checkResearchAccess","decl":{"start":{"line":221,"column":22},"end":{"line":221,"column":41}},"loc":{"start":{"line":221,"column":76},"end":{"line":276,"column":1}},"line":221},"8":{"name":"getTransactions","decl":{"start":{"line":278,"column":22},"end":{"line":278,"column":37}},"loc":{"start":{"line":278,"column":88},"end":{"line":310,"column":1}},"line":278}},"branchMap":{"0":{"loc":{"start":{"line":21,"column":2},"end":{"line":24,"column":3}},"type":"if","locations":[{"start":{"line":21,"column":2},"end":{"line":24,"column":3}},{"start":{},"end":{}}],"line":21},"1":{"loc":{"start":{"line":21,"column":6},"end":{"line":21,"column":40}},"type":"binary-expr","locations":[{"start":{"line":21,"column":6},"end":{"line":21,"column":11}},{"start":{"line":21,"column":15},"end":{"line":21,"column":40}}],"line":21},"2":{"loc":{"start":{"line":26,"column":25},"end":{"line":26,"column":48}},"type":"binary-expr","locations":[{"start":{"line":26,"column":25},"end":{"line":26,"column":29}},{"start":{"line":26,"column":33},"end":{"line":26,"column":48}}],"line":26},"3":{"loc":{"start":{"line":34,"column":2},"end":{"line":36,"column":3}},"type":"if","locations":[{"start":{"line":34,"column":2},"end":{"line":36,"column":3}},{"start":{},"end":{}}],"line":34},"4":{"loc":{"start":{"line":38,"column":25},"end":{"line":38,"column":43}},"type":"binary-expr","locations":[{"start":{"line":38,"column":25},"end":{"line":38,"column":37}},{"start":{"line":38,"column":41},"end":{"line":38,"column":43}}],"line":38},"5":{"loc":{"start":{"line":40,"column":10},"end":{"line":40,"column":44}},"type":"binary-expr","locations":[{"start":{"line":40,"column":10},"end":{"line":40,"column":31}},{"start":{"line":40,"column":35},"end":{"line":40,"column":44}}],"line":40},"6":{"loc":{"start":{"line":41,"column":12},"end":{"line":41,"column":41}},"type":"binary-expr","locations":[{"start":{"line":41,"column":12},"end":{"line":41,"column":35}},{"start":{"line":41,"column":39},"end":{"line":41,"column":41}}],"line":41},"7":{"loc":{"start":{"line":61,"column":2},"end":{"line":64,"column":3}},"type":"if","locations":[{"start":{"line":61,"column":2},"end":{"line":64,"column":3}},{"start":{},"end":{}}],"line":61},"8":{"loc":{"start":{"line":66,"column":2},"end":{"line":68,"column":3}},"type":"if","locations":[{"start":{"line":66,"column":2},"end":{"line":68,"column":3}},{"start":{},"end":{}}],"line":66},"9":{"loc":{"start":{"line":67,"column":23},"end":{"line":67,"column":58}},"type":"binary-expr","locations":[{"start":{"line":67,"column":23},"end":{"line":67,"column":35}},{"start":{"line":67,"column":39},"end":{"line":67,"column":58}}],"line":67},"10":{"loc":{"start":{"line":93,"column":2},"end":{"line":96,"column":3}},"type":"if","locations":[{"start":{"line":93,"column":2},"end":{"line":96,"column":3}},{"start":{},"end":{}}],"line":93},"11":{"loc":{"start":{"line":98,"column":2},"end":{"line":100,"column":3}},"type":"if","locations":[{"start":{"line":98,"column":2},"end":{"line":100,"column":3}},{"start":{},"end":{}}],"line":98},"12":{"loc":{"start":{"line":99,"column":23},"end":{"line":99,"column":54}},"type":"binary-expr","locations":[{"start":{"line":99,"column":23},"end":{"line":99,"column":35}},{"start":{"line":99,"column":39},"end":{"line":99,"column":54}}],"line":99},"13":{"loc":{"start":{"line":116,"column":2},"end":{"line":123,"column":3}},"type":"if","locations":[{"start":{"line":116,"column":2},"end":{"line":123,"column":3}},{"start":{},"end":{}}],"line":116},"14":{"loc":{"start":{"line":118,"column":4},"end":{"line":120,"column":5}},"type":"if","locations":[{"start":{"line":118,"column":4},"end":{"line":120,"column":5}},{"start":{},"end":{}}],"line":118},"15":{"loc":{"start":{"line":125,"column":2},"end":{"line":127,"column":3}},"type":"if","locations":[{"start":{"line":125,"column":2},"end":{"line":127,"column":3}},{"start":{},"end":{}}],"line":125},"16":{"loc":{"start":{"line":126,"column":23},"end":{"line":126,"column":54}},"type":"binary-expr","locations":[{"start":{"line":126,"column":23},"end":{"line":126,"column":35}},{"start":{"line":126,"column":39},"end":{"line":126,"column":54}}],"line":126},"17":{"loc":{"start":{"line":131,"column":13},"end":{"line":131,"column":50}},"type":"binary-expr","locations":[{"start":{"line":131,"column":13},"end":{"line":131,"column":25}},{"start":{"line":131,"column":29},"end":{"line":131,"column":50}}],"line":131},"18":{"loc":{"start":{"line":144,"column":2},"end":{"line":150,"column":3}},"type":"if","locations":[{"start":{"line":144,"column":2},"end":{"line":150,"column":3}},{"start":{},"end":{}}],"line":144},"19":{"loc":{"start":{"line":145,"column":4},"end":{"line":147,"column":5}},"type":"if","locations":[{"start":{"line":145,"column":4},"end":{"line":147,"column":5}},{"start":{},"end":{}}],"line":145},"20":{"loc":{"start":{"line":152,"column":26},"end":{"line":152,"column":55}},"type":"binary-expr","locations":[{"start":{"line":152,"column":26},"end":{"line":152,"column":50}},{"start":{"line":152,"column":54},"end":{"line":152,"column":55}}],"line":152},"21":{"loc":{"start":{"line":154,"column":2},"end":{"line":160,"column":3}},"type":"if","locations":[{"start":{"line":154,"column":2},"end":{"line":160,"column":3}},{"start":{},"end":{}}],"line":154},"22":{"loc":{"start":{"line":162,"column":2},"end":{"line":164,"column":3}},"type":"if","locations":[{"start":{"line":162,"column":2},"end":{"line":164,"column":3}},{"start":{},"end":{}}],"line":162},"23":{"loc":{"start":{"line":173,"column":2},"end":{"line":175,"column":3}},"type":"if","locations":[{"start":{"line":173,"column":2},"end":{"line":175,"column":3}},{"start":{},"end":{}}],"line":173},"24":{"loc":{"start":{"line":184,"column":2},"end":{"line":186,"column":3}},"type":"if","locations":[{"start":{"line":184,"column":2},"end":{"line":186,"column":3}},{"start":{},"end":{}}],"line":184},"25":{"loc":{"start":{"line":184,"column":6},"end":{"line":184,"column":52}},"type":"binary-expr","locations":[{"start":{"line":184,"column":6},"end":{"line":184,"column":17}},{"start":{"line":184,"column":21},"end":{"line":184,"column":52}}],"line":184},"26":{"loc":{"start":{"line":201,"column":2},"end":{"line":207,"column":3}},"type":"if","locations":[{"start":{"line":201,"column":2},"end":{"line":207,"column":3}},{"start":{},"end":{}}],"line":201},"27":{"loc":{"start":{"line":202,"column":4},"end":{"line":204,"column":5}},"type":"if","locations":[{"start":{"line":202,"column":4},"end":{"line":204,"column":5}},{"start":{},"end":{}}],"line":202},"28":{"loc":{"start":{"line":209,"column":2},"end":{"line":211,"column":3}},"type":"if","locations":[{"start":{"line":209,"column":2},"end":{"line":211,"column":3}},{"start":{},"end":{}}],"line":209},"29":{"loc":{"start":{"line":210,"column":24},"end":{"line":210,"column":55}},"type":"binary-expr","locations":[{"start":{"line":210,"column":24},"end":{"line":210,"column":36}},{"start":{"line":210,"column":40},"end":{"line":210,"column":55}}],"line":210},"30":{"loc":{"start":{"line":215,"column":13},"end":{"line":215,"column":49}},"type":"binary-expr","locations":[{"start":{"line":215,"column":13},"end":{"line":215,"column":25}},{"start":{"line":215,"column":29},"end":{"line":215,"column":49}}],"line":215},"31":{"loc":{"start":{"line":228,"column":2},"end":{"line":234,"column":3}},"type":"if","locations":[{"start":{"line":228,"column":2},"end":{"line":234,"column":3}},{"start":{},"end":{}}],"line":228},"32":{"loc":{"start":{"line":229,"column":4},"end":{"line":231,"column":5}},"type":"if","locations":[{"start":{"line":229,"column":4},"end":{"line":231,"column":5}},{"start":{},"end":{}}],"line":229},"33":{"loc":{"start":{"line":236,"column":26},"end":{"line":236,"column":56}},"type":"binary-expr","locations":[{"start":{"line":236,"column":26},"end":{"line":236,"column":51}},{"start":{"line":236,"column":55},"end":{"line":236,"column":56}}],"line":236},"34":{"loc":{"start":{"line":238,"column":2},"end":{"line":244,"column":3}},"type":"if","locations":[{"start":{"line":238,"column":2},"end":{"line":244,"column":3}},{"start":{},"end":{}}],"line":238},"35":{"loc":{"start":{"line":246,"column":2},"end":{"line":248,"column":3}},"type":"if","locations":[{"start":{"line":246,"column":2},"end":{"line":248,"column":3}},{"start":{},"end":{}}],"line":246},"36":{"loc":{"start":{"line":257,"column":2},"end":{"line":259,"column":3}},"type":"if","locations":[{"start":{"line":257,"column":2},"end":{"line":259,"column":3}},{"start":{},"end":{}}],"line":257},"37":{"loc":{"start":{"line":268,"column":2},"end":{"line":270,"column":3}},"type":"if","locations":[{"start":{"line":268,"column":2},"end":{"line":270,"column":3}},{"start":{},"end":{}}],"line":268},"38":{"loc":{"start":{"line":268,"column":6},"end":{"line":268,"column":52}},"type":"binary-expr","locations":[{"start":{"line":268,"column":6},"end":{"line":268,"column":17}},{"start":{"line":268,"column":21},"end":{"line":268,"column":52}}],"line":268},"39":{"loc":{"start":{"line":278,"column":58},"end":{"line":278,"column":66}},"type":"default-arg","locations":[{"start":{"line":278,"column":65},"end":{"line":278,"column":66}}],"line":278},"40":{"loc":{"start":{"line":278,"column":68},"end":{"line":278,"column":78}},"type":"default-arg","locations":[{"start":{"line":278,"column":76},"end":{"line":278,"column":78}}],"line":278},"41":{"loc":{"start":{"line":279,"column":37},"end":{"line":279,"column":58}},"type":"binary-expr","locations":[{"start":{"line":279,"column":37},"end":{"line":279,"column":52}},{"start":{"line":279,"column":56},"end":{"line":279,"column":58}}],"line":279},"42":{"loc":{"start":{"line":280,"column":27},"end":{"line":280,"column":46}},"type":"binary-expr","locations":[{"start":{"line":280,"column":27},"end":{"line":280,"column":41}},{"start":{"line":280,"column":45},"end":{"line":280,"column":46}}],"line":280},"43":{"loc":{"start":{"line":290,"column":2},"end":{"line":292,"column":3}},"type":"if","locations":[{"start":{"line":290,"column":2},"end":{"line":292,"column":3}},{"start":{},"end":{}}],"line":290},"44":{"loc":{"start":{"line":296,"column":2},"end":{"line":299,"column":3}},"type":"if","locations":[{"start":{"line":296,"column":2},"end":{"line":299,"column":3}},{"start":{},"end":{}}],"line":296},"45":{"loc":{"start":{"line":307,"column":24},"end":{"line":307,"column":34}},"type":"binary-expr","locations":[{"start":{"line":307,"column":24},"end":{"line":307,"column":29}},{"start":{"line":307,"column":33},"end":{"line":307,"column":34}}],"line":307}},"s":{"0":13,"1":4,"2":4,"3":2,"4":2,"5":2,"6":2,"7":2,"8":0,"9":2,"10":0,"11":2,"12":6,"13":6,"14":6,"15":0,"16":0,"17":6,"18":4,"19":2,"20":4,"21":4,"22":0,"23":0,"24":4,"25":1,"26":3,"27":3,"28":3,"29":2,"30":1,"31":1,"32":1,"33":1,"34":1,"35":0,"36":1,"37":1,"38":1,"39":1,"40":0,"41":0,"42":0,"43":0,"44":0,"45":0,"46":0,"47":0,"48":0,"49":0,"50":0,"51":0,"52":0,"53":0,"54":0,"55":0,"56":0,"57":0,"58":0,"59":0,"60":0,"61":0,"62":0,"63":2,"64":2,"65":1,"66":0,"67":1,"68":1,"69":1,"70":1,"71":0,"72":1,"73":1,"74":0,"75":0,"76":0,"77":0,"78":0,"79":0,"80":0,"81":2,"82":2,"83":2,"84":2,"85":2,"86":0,"87":2,"88":2,"89":1,"90":1,"91":1},"f":{"0":4,"1":0,"2":6,"3":4,"4":3,"5":1,"6":0,"7":2,"8":2},"b":{"0":[2,2],"1":[4,3],"2":[2,1],"3":[0,2],"4":[2,1],"5":[0,0],"6":[0,0],"7":[0,6],"8":[4,2],"9":[4,0],"10":[0,4],"11":[1,3],"12":[1,0],"13":[2,1],"14":[1,1],"15":[1,0],"16":[1,0],"17":[0,0],"18":[1,0],"19":[1,0],"20":[0,0],"21":[0,0],"22":[0,0],"23":[0,0],"24":[0,0],"25":[0,0],"26":[0,0],"27":[0,0],"28":[0,0],"29":[0,0],"30":[0,0],"31":[1,1],"32":[0,1],"33":[1,1],"34":[0,1],"35":[1,0],"36":[0,0],"37":[0,0],"38":[0,0],"39":[1],"40":[1],"41":[2,0],"42":[2,0],"43":[0,2],"44":[1,1],"45":[1,0]},"inputSourceMap":null,"_coverageSchema":"1a1c01bbd47fc00a2c39e90264f33305004495a9","hash":"76df9d80abe8cbb70c1c62c518210f5ee2f34444"}
}
