{"/Users/iskandermac/Downloads/project 6/backend/server.js": {"path":"/Users/iskandermac/Downloads/project 6/backend/server.js","statementMap":{"0":{"start":{"line":40,"column":0},"end":{"line":40,"column":16}},"1":{"start":{"line":41,"column":0},"end":{"line":41,"column":22}},"2":{"start":{"line":42,"column":0},"end":{"line":42,"column":29}},"3":{"start":{"line":44,"column":19},"end":{"line":44,"column":49}},"4":{"start":{"line":45,"column":18},"end":{"line":45,"column":37}},"5":{"start":{"line":47,"column":12},"end":{"line":47,"column":21}},"6":{"start":{"line":48,"column":13},"end":{"line":48,"column":37}},"7":{"start":{"line":51,"column":0},"end":{"line":51,"column":19}},"8":{"start":{"line":54,"column":0},"end":{"line":54,"column":16}},"9":{"start":{"line":55,"column":0},"end":{"line":55,"column":30}},"10":{"start":{"line":56,"column":0},"end":{"line":56,"column":30}},"11":{"start":{"line":59,"column":26},"end":{"line":68,"column":2}},"12":{"start":{"line":69,"column":0},"end":{"line":69,"column":27}},"13":{"start":{"line":72,"column":0},"end":{"line":72,"column":26}},"14":{"start":{"line":75,"column":0},"end":{"line":80,"column":3}},"15":{"start":{"line":76,"column":2},"end":{"line":78,"column":3}},"16":{"start":{"line":77,"column":4},"end":{"line":77,"column":50}},"17":{"start":{"line":79,"column":2},"end":{"line":79,"column":41}},"18":{"start":{"line":81,"column":0},"end":{"line":81,"column":31}},"19":{"start":{"line":84,"column":0},"end":{"line":84,"column":23}},"20":{"start":{"line":87,"column":0},"end":{"line":87,"column":23}},"21":{"start":{"line":90,"column":0},"end":{"line":98,"column":4}},"22":{"start":{"line":101,"column":0},"end":{"line":101,"column":41}},"23":{"start":{"line":102,"column":0},"end":{"line":102,"column":63}},"24":{"start":{"line":105,"column":0},"end":{"line":105,"column":24}},"25":{"start":{"line":108,"column":0},"end":{"line":108,"column":22}},"26":{"start":{"line":109,"column":0},"end":{"line":109,"column":20}},"27":{"start":{"line":110,"column":0},"end":{"line":110,"column":20}},"28":{"start":{"line":111,"column":0},"end":{"line":111,"column":23}},"29":{"start":{"line":114,"column":0},"end":{"line":114,"column":33}},"30":{"start":{"line":121,"column":0},"end":{"line":160,"column":3}},"31":{"start":{"line":122,"column":17},"end":{"line":132,"column":3}},"32":{"start":{"line":135,"column":2},"end":{"line":142,"column":3}},"33":{"start":{"line":136,"column":22},"end":{"line":136,"column":113}},"34":{"start":{"line":137,"column":4},"end":{"line":137,"column":65}},"35":{"start":{"line":138,"column":4},"end":{"line":138,"column":42}},"36":{"start":{"line":138,"column":15},"end":{"line":138,"column":42}},"37":{"start":{"line":140,"column":4},"end":{"line":140,"column":43}},"38":{"start":{"line":141,"column":4},"end":{"line":141,"column":31}},"39":{"start":{"line":145,"column":2},"end":{"line":155,"column":3}},"40":{"start":{"line":146,"column":4},"end":{"line":154,"column":5}},"41":{"start":{"line":147,"column":21},"end":{"line":147,"column":37}},"42":{"start":{"line":148,"column":24},"end":{"line":148,"column":48}},"43":{"start":{"line":149,"column":6},"end":{"line":149,"column":74}},"44":{"start":{"line":150,"column":6},"end":{"line":150,"column":49}},"45":{"start":{"line":150,"column":22},"end":{"line":150,"column":49}},"46":{"start":{"line":152,"column":6},"end":{"line":152,"column":48}},"47":{"start":{"line":153,"column":6},"end":{"line":153,"column":33}},"48":{"start":{"line":159,"column":2},"end":{"line":159,"column":62}},"49":{"start":{"line":166,"column":0},"end":{"line":176,"column":4}},"50":{"start":{"line":171,"column":4},"end":{"line":171,"column":55}},"51":{"start":{"line":172,"column":4},"end":{"line":172,"column":45}},"52":{"start":{"line":174,"column":4},"end":{"line":174,"column":55}},"53":{"start":{"line":179,"column":0},"end":{"line":179,"column":29}},"54":{"start":{"line":182,"column":0},"end":{"line":182,"column":18}},"55":{"start":{"line":185,"column":0},"end":{"line":185,"column":41}},"56":{"start":{"line":186,"column":0},"end":{"line":186,"column":41}},"57":{"start":{"line":187,"column":0},"end":{"line":187,"column":42}},"58":{"start":{"line":188,"column":0},"end":{"line":188,"column":35}},"59":{"start":{"line":189,"column":0},"end":{"line":189,"column":39}},"60":{"start":{"line":190,"column":0},"end":{"line":190,"column":29}},"61":{"start":{"line":191,"column":23},"end":{"line":191,"column":61}},"62":{"start":{"line":192,"column":0},"end":{"line":194,"column":1}},"63":{"start":{"line":193,"column":2},"end":{"line":193,"column":41}},"64":{"start":{"line":195,"column":0},"end":{"line":195,"column":39}},"65":{"start":{"line":196,"column":0},"end":{"line":196,"column":37}},"66":{"start":{"line":197,"column":0},"end":{"line":197,"column":37}},"67":{"start":{"line":198,"column":0},"end":{"line":198,"column":37}},"68":{"start":{"line":201,"column":0},"end":{"line":201,"column":28}},"69":{"start":{"line":204,"column":0},"end":{"line":206,"column":3}},"70":{"start":{"line":205,"column":2},"end":{"line":205,"column":60}},"71":{"start":{"line":209,"column":0},"end":{"line":209,"column":29}},"72":{"start":{"line":212,"column":0},"end":{"line":212,"column":22}},"73":{"start":{"line":215,"column":0},"end":{"line":221,"column":1}},"74":{"start":{"line":216,"column":2},"end":{"line":220,"column":5}},"75":{"start":{"line":217,"column":4},"end":{"line":217,"column":53}},"76":{"start":{"line":218,"column":4},"end":{"line":218,"column":68}},"77":{"start":{"line":219,"column":4},"end":{"line":219,"column":76}}},"fnMap":{"0":{"name":"(anonymous_0)","decl":{"start":{"line":75,"column":8},"end":{"line":75,"column":9}},"loc":{"start":{"line":75,"column":28},"end":{"line":80,"column":1}},"line":75},"1":{"name":"(anonymous_1)","decl":{"start":{"line":121,"column":19},"end":{"line":121,"column":20}},"loc":{"start":{"line":121,"column":39},"end":{"line":160,"column":1}},"line":121},"2":{"name":"(anonymous_2)","decl":{"start":{"line":169,"column":14},"end":{"line":169,"column":15}},"loc":{"start":{"line":169,"column":33},"end":{"line":175,"column":3}},"line":169},"3":{"name":"(anonymous_3)","decl":{"start":{"line":204,"column":18},"end":{"line":204,"column":19}},"loc":{"start":{"line":204,"column":32},"end":{"line":206,"column":1}},"line":204},"4":{"name":"(anonymous_4)","decl":{"start":{"line":216,"column":19},"end":{"line":216,"column":20}},"loc":{"start":{"line":216,"column":25},"end":{"line":220,"column":3}},"line":216}},"branchMap":{"0":{"loc":{"start":{"line":48,"column":13},"end":{"line":48,"column":37}},"type":"binary-expr","locations":[{"start":{"line":48,"column":13},"end":{"line":48,"column":29}},{"start":{"line":48,"column":33},"end":{"line":48,"column":37}}],"line":48},"1":{"loc":{"start":{"line":76,"column":2},"end":{"line":78,"column":3}},"type":"if","locations":[{"start":{"line":76,"column":2},"end":{"line":78,"column":3}},{"start":{},"end":{}}],"line":76},"2":{"loc":{"start":{"line":126,"column":17},"end":{"line":126,"column":54}},"type":"binary-expr","locations":[{"start":{"line":126,"column":17},"end":{"line":126,"column":37}},{"start":{"line":126,"column":41},"end":{"line":126,"column":54}}],"line":126},"3":{"loc":{"start":{"line":129,"column":13},"end":{"line":129,"column":62}},"type":"cond-expr","locations":[{"start":{"line":129,"column":34},"end":{"line":129,"column":45}},{"start":{"line":129,"column":48},"end":{"line":129,"column":62}}],"line":129},"4":{"loc":{"start":{"line":130,"column":19},"end":{"line":130,"column":60}},"type":"cond-expr","locations":[{"start":{"line":130,"column":38},"end":{"line":130,"column":47}},{"start":{"line":130,"column":50},"end":{"line":130,"column":60}}],"line":130},"5":{"loc":{"start":{"line":137,"column":35},"end":{"line":137,"column":64}},"type":"cond-expr","locations":[{"start":{"line":137,"column":43},"end":{"line":137,"column":50}},{"start":{"line":137,"column":53},"end":{"line":137,"column":64}}],"line":137},"6":{"loc":{"start":{"line":138,"column":4},"end":{"line":138,"column":42}},"type":"if","locations":[{"start":{"line":138,"column":4},"end":{"line":138,"column":42}},{"start":{},"end":{}}],"line":138},"7":{"loc":{"start":{"line":145,"column":2},"end":{"line":155,"column":3}},"type":"if","locations":[{"start":{"line":145,"column":2},"end":{"line":155,"column":3}},{"start":{},"end":{}}],"line":145},"8":{"loc":{"start":{"line":149,"column":40},"end":{"line":149,"column":73}},"type":"cond-expr","locations":[{"start":{"line":149,"column":52},"end":{"line":149,"column":63}},{"start":{"line":149,"column":66},"end":{"line":149,"column":73}}],"line":149},"9":{"loc":{"start":{"line":150,"column":6},"end":{"line":150,"column":49}},"type":"if","locations":[{"start":{"line":150,"column":6},"end":{"line":150,"column":49}},{"start":{},"end":{}}],"line":150},"10":{"loc":{"start":{"line":159,"column":13},"end":{"line":159,"column":47}},"type":"cond-expr","locations":[{"start":{"line":159,"column":38},"end":{"line":159,"column":41}},{"start":{"line":159,"column":44},"end":{"line":159,"column":47}}],"line":159},"11":{"loc":{"start":{"line":192,"column":0},"end":{"line":194,"column":1}},"type":"if","locations":[{"start":{"line":192,"column":0},"end":{"line":194,"column":1}},{"start":{},"end":{}}],"line":192},"12":{"loc":{"start":{"line":215,"column":0},"end":{"line":221,"column":1}},"type":"if","locations":[{"start":{"line":215,"column":0},"end":{"line":221,"column":1}},{"start":{},"end":{}}],"line":215},"13":{"loc":{"start":{"line":219,"column":35},"end":{"line":219,"column":72}},"type":"binary-expr","locations":[{"start":{"line":219,"column":35},"end":{"line":219,"column":55}},{"start":{"line":219,"column":59},"end":{"line":219,"column":72}}],"line":219}},"s":{"0":13,"1":13,"2":13,"3":13,"4":13,"5":13,"6":13,"7":13,"8":13,"9":13,"10":13,"11":13,"12":13,"13":13,"14":13,"15":61,"16":0,"17":61,"18":13,"19":13,"20":13,"21":13,"22":13,"23":13,"24":13,"25":13,"26":13,"27":13,"28":13,"29":13,"30":13,"31":3,"32":3,"33":3,"34":1,"35":1,"36":1,"37":2,"38":2,"39":3,"40":0,"41":0,"42":0,"43":0,"44":0,"45":0,"46":0,"47":0,"48":3,"49":13,"50":0,"51":0,"52":0,"53":13,"54":13,"55":13,"56":13,"57":13,"58":13,"59":13,"60":13,"61":13,"62":13,"63":13,"64":13,"65":13,"66":13,"67":13,"68":13,"69":13,"70":3,"71":13,"72":13,"73":13,"74":0,"75":0,"76":0,"77":0},"f":{"0":61,"1":3,"2":0,"3":3,"4":0},"b":{"0":[13,0],"1":[0,61],"2":[3,0],"3":[2,1],"4":[0,3],"5":[1,0],"6":[1,0],"7":[0,3],"8":[0,0],"9":[0,0],"10":[0,3],"11":[13,0],"12":[0,13],"13":[0,0]},"inputSourceMap":null,"_coverageSchema":"1a1c01bbd47fc00a2c39e90264f33305004495a9","hash":"b66cdd121599beedb616e9d9cd8691e05a67ab72"}
,"/Users/iskandermac/Downloads/project 6/backend/__tests__/mocks/middlewareMock.js": {"path":"/Users/iskandermac/Downloads/project 6/backend/__tests__/mocks/middlewareMock.js","statementMap":{"0":{"start":{"line":3,"column":32},"end":{"line":14,"column":1}},"1":{"start":{"line":4,"column":36},"end":{"line":4,"column":42}},"2":{"start":{"line":5,"column":37},"end":{"line":5,"column":43}},"3":{"start":{"line":6,"column":39},"end":{"line":6,"column":45}},"4":{"start":{"line":7,"column":35},"end":{"line":7,"column":41}},"5":{"start":{"line":8,"column":39},"end":{"line":8,"column":45}},"6":{"start":{"line":9,"column":39},"end":{"line":9,"column":45}},"7":{"start":{"line":10,"column":46},"end":{"line":10,"column":52}},"8":{"start":{"line":12,"column":40},"end":{"line":12,"column":46}},"9":{"start":{"line":16,"column":25},"end":{"line":20,"column":1}},"10":{"start":{"line":17,"column":27},"end":{"line":17,"column":53}},"11":{"start":{"line":17,"column":47},"end":{"line":17,"column":53}},"12":{"start":{"line":22,"column":28},"end":{"line":35,"column":1}},"13":{"start":{"line":24,"column":8},"end":{"line":24,"column":52}},"14":{"start":{"line":25,"column":8},"end":{"line":25,"column":15}},"15":{"start":{"line":28,"column":8},"end":{"line":28,"column":52}},"16":{"start":{"line":29,"column":8},"end":{"line":29,"column":15}},"17":{"start":{"line":31,"column":33},"end":{"line":31,"column":45}},"18":{"start":{"line":32,"column":33},"end":{"line":32,"column":67}},"19":{"start":{"line":33,"column":37},"end":{"line":33,"column":54}},"20":{"start":{"line":34,"column":45},"end":{"line":34,"column":62}}},"fnMap":{"0":{"name":"(anonymous_0)","decl":{"start":{"line":4,"column":16},"end":{"line":4,"column":17}},"loc":{"start":{"line":4,"column":36},"end":{"line":4,"column":42}},"line":4},"1":{"name":"(anonymous_1)","decl":{"start":{"line":5,"column":17},"end":{"line":5,"column":18}},"loc":{"start":{"line":5,"column":37},"end":{"line":5,"column":43}},"line":5},"2":{"name":"(anonymous_2)","decl":{"start":{"line":6,"column":19},"end":{"line":6,"column":20}},"loc":{"start":{"line":6,"column":39},"end":{"line":6,"column":45}},"line":6},"3":{"name":"(anonymous_3)","decl":{"start":{"line":7,"column":15},"end":{"line":7,"column":16}},"loc":{"start":{"line":7,"column":35},"end":{"line":7,"column":41}},"line":7},"4":{"name":"(anonymous_4)","decl":{"start":{"line":8,"column":19},"end":{"line":8,"column":20}},"loc":{"start":{"line":8,"column":39},"end":{"line":8,"column":45}},"line":8},"5":{"name":"(anonymous_5)","decl":{"start":{"line":9,"column":19},"end":{"line":9,"column":20}},"loc":{"start":{"line":9,"column":39},"end":{"line":9,"column":45}},"line":9},"6":{"name":"(anonymous_6)","decl":{"start":{"line":10,"column":26},"end":{"line":10,"column":27}},"loc":{"start":{"line":10,"column":46},"end":{"line":10,"column":52}},"line":10},"7":{"name":"(anonymous_7)","decl":{"start":{"line":12,"column":20},"end":{"line":12,"column":21}},"loc":{"start":{"line":12,"column":40},"end":{"line":12,"column":46}},"line":12},"8":{"name":"(anonymous_8)","decl":{"start":{"line":17,"column":21},"end":{"line":17,"column":22}},"loc":{"start":{"line":17,"column":27},"end":{"line":17,"column":53}},"line":17},"9":{"name":"(anonymous_9)","decl":{"start":{"line":17,"column":27},"end":{"line":17,"column":28}},"loc":{"start":{"line":17,"column":47},"end":{"line":17,"column":53}},"line":17},"10":{"name":"(anonymous_10)","decl":{"start":{"line":23,"column":22},"end":{"line":23,"column":23}},"loc":{"start":{"line":23,"column":42},"end":{"line":26,"column":5}},"line":23},"11":{"name":"(anonymous_11)","decl":{"start":{"line":27,"column":18},"end":{"line":27,"column":19}},"loc":{"start":{"line":27,"column":38},"end":{"line":30,"column":5}},"line":27},"12":{"name":"(anonymous_12)","decl":{"start":{"line":31,"column":27},"end":{"line":31,"column":28}},"loc":{"start":{"line":31,"column":33},"end":{"line":31,"column":45}},"line":31},"13":{"name":"(anonymous_13)","decl":{"start":{"line":32,"column":27},"end":{"line":32,"column":28}},"loc":{"start":{"line":32,"column":33},"end":{"line":32,"column":67}},"line":32},"14":{"name":"(anonymous_14)","decl":{"start":{"line":33,"column":31},"end":{"line":33,"column":32}},"loc":{"start":{"line":33,"column":37},"end":{"line":33,"column":54}},"line":33},"15":{"name":"(anonymous_15)","decl":{"start":{"line":34,"column":39},"end":{"line":34,"column":40}},"loc":{"start":{"line":34,"column":45},"end":{"line":34,"column":62}},"line":34}},"branchMap":{},"s":{"0":4,"1":27,"2":6,"3":1,"4":0,"5":0,"6":0,"7":6,"8":0,"9":4,"10":12,"11":0,"12":4,"13":0,"14":0,"15":0,"16":0,"17":0,"18":0,"19":0,"20":0},"f":{"0":27,"1":6,"2":1,"3":0,"4":0,"5":0,"6":6,"7":0,"8":12,"9":0,"10":0,"11":0,"12":0,"13":0,"14":0,"15":0},"b":{},"inputSourceMap":null,"_coverageSchema":"1a1c01bbd47fc00a2c39e90264f33305004495a9","hash":"0a300074f14e2a6a4cf0bd048334910f14ae2a1e"}
,"/Users/iskandermac/Downloads/project 6/backend/__tests__/mocks/redisMock.js": {"path":"/Users/iskandermac/Downloads/project 6/backend/__tests__/mocks/redisMock.js","statementMap":{"0":{"start":{"line":3,"column":25},"end":{"line":10,"column":1}},"1":{"start":{"line":12,"column":30},"end":{"line":12,"column":71}},"2":{"start":{"line":12,"column":44},"end":{"line":12,"column":70}},"3":{"start":{"line":13,"column":32},"end":{"line":13,"column":51}},"4":{"start":{"line":13,"column":46},"end":{"line":13,"column":50}}},"fnMap":{"0":{"name":"(anonymous_0)","decl":{"start":{"line":12,"column":38},"end":{"line":12,"column":39}},"loc":{"start":{"line":12,"column":44},"end":{"line":12,"column":70}},"line":12},"1":{"name":"(anonymous_1)","decl":{"start":{"line":13,"column":40},"end":{"line":13,"column":41}},"loc":{"start":{"line":13,"column":46},"end":{"line":13,"column":50}},"line":13}},"branchMap":{},"s":{"0":4,"1":4,"2":0,"3":4,"4":0},"f":{"0":0,"1":0},"b":{},"inputSourceMap":null,"_coverageSchema":"1a1c01bbd47fc00a2c39e90264f33305004495a9","hash":"c3e5313a60c4f3f960c7fed92def2e145f68af37"}
,"/Users/iskandermac/Downloads/project 6/backend/__tests__/mocks/supabaseMock.js": {"path":"/Users/iskandermac/Downloads/project 6/backend/__tests__/mocks/supabaseMock.js","statementMap":{"0":{"start":{"line":3,"column":22},"end":{"line":51,"column":1}},"1":{"start":{"line":4,"column":20},"end":{"line":49,"column":5}},"2":{"start":{"line":7,"column":12},"end":{"line":7,"column":47}},"3":{"start":{"line":8,"column":12},"end":{"line":8,"column":27}},"4":{"start":{"line":29,"column":56},"end":{"line":29,"column":110}},"5":{"start":{"line":30,"column":67},"end":{"line":30,"column":136}},"6":{"start":{"line":31,"column":56},"end":{"line":31,"column":88}},"7":{"start":{"line":32,"column":46},"end":{"line":32,"column":100}},"8":{"start":{"line":37,"column":33},"end":{"line":42,"column":13}},"9":{"start":{"line":39,"column":45},"end":{"line":39,"column":99}},"10":{"start":{"line":47,"column":12},"end":{"line":47,"column":35}},"11":{"start":{"line":50,"column":4},"end":{"line":50,"column":19}},"12":{"start":{"line":53,"column":28},"end":{"line":53,"column":43}},"13":{"start":{"line":55,"column":33},"end":{"line":75,"column":1}},"14":{"start":{"line":56,"column":4},"end":{"line":56,"column":54}},"15":{"start":{"line":59,"column":20},"end":{"line":62,"column":5}},"16":{"start":{"line":63,"column":4},"end":{"line":66,"column":7}},"17":{"start":{"line":64,"column":8},"end":{"line":64,"column":41}},"18":{"start":{"line":65,"column":8},"end":{"line":65,"column":68}},"19":{"start":{"line":65,"column":54},"end":{"line":65,"column":66}},"20":{"start":{"line":69,"column":4},"end":{"line":69,"column":42}},"21":{"start":{"line":70,"column":4},"end":{"line":70,"column":111}},"22":{"start":{"line":70,"column":55},"end":{"line":70,"column":109}},"23":{"start":{"line":71,"column":4},"end":{"line":71,"column":53}},"24":{"start":{"line":72,"column":4},"end":{"line":72,"column":137}},"25":{"start":{"line":72,"column":66},"end":{"line":72,"column":135}},"26":{"start":{"line":73,"column":4},"end":{"line":73,"column":42}},"27":{"start":{"line":74,"column":4},"end":{"line":74,"column":89}},"28":{"start":{"line":74,"column":55},"end":{"line":74,"column":87}}},"fnMap":{"0":{"name":"(anonymous_0)","decl":{"start":{"line":3,"column":22},"end":{"line":3,"column":23}},"loc":{"start":{"line":3,"column":28},"end":{"line":51,"column":1}},"line":3},"1":{"name":"(anonymous_1)","decl":{"start":{"line":6,"column":20},"end":{"line":6,"column":21}},"loc":{"start":{"line":6,"column":44},"end":{"line":9,"column":9}},"line":6},"2":{"name":"(anonymous_2)","decl":{"start":{"line":29,"column":50},"end":{"line":29,"column":51}},"loc":{"start":{"line":29,"column":56},"end":{"line":29,"column":110}},"line":29},"3":{"name":"(anonymous_3)","decl":{"start":{"line":30,"column":61},"end":{"line":30,"column":62}},"loc":{"start":{"line":30,"column":67},"end":{"line":30,"column":136}},"line":30},"4":{"name":"(anonymous_4)","decl":{"start":{"line":31,"column":50},"end":{"line":31,"column":51}},"loc":{"start":{"line":31,"column":56},"end":{"line":31,"column":88}},"line":31},"5":{"name":"(anonymous_5)","decl":{"start":{"line":32,"column":39},"end":{"line":32,"column":40}},"loc":{"start":{"line":32,"column":46},"end":{"line":32,"column":100}},"line":32},"6":{"name":"(anonymous_6)","decl":{"start":{"line":37,"column":26},"end":{"line":37,"column":27}},"loc":{"start":{"line":37,"column":33},"end":{"line":42,"column":13}},"line":37},"7":{"name":"(anonymous_7)","decl":{"start":{"line":39,"column":38},"end":{"line":39,"column":39}},"loc":{"start":{"line":39,"column":45},"end":{"line":39,"column":99}},"line":39},"8":{"name":"(anonymous_8)","decl":{"start":{"line":46,"column":14},"end":{"line":46,"column":15}},"loc":{"start":{"line":46,"column":41},"end":{"line":48,"column":9}},"line":46},"9":{"name":"(anonymous_9)","decl":{"start":{"line":55,"column":33},"end":{"line":55,"column":34}},"loc":{"start":{"line":55,"column":39},"end":{"line":75,"column":1}},"line":55},"10":{"name":"(anonymous_10)","decl":{"start":{"line":63,"column":20},"end":{"line":63,"column":21}},"loc":{"start":{"line":63,"column":30},"end":{"line":66,"column":5}},"line":63},"11":{"name":"(anonymous_11)","decl":{"start":{"line":65,"column":48},"end":{"line":65,"column":49}},"loc":{"start":{"line":65,"column":54},"end":{"line":65,"column":66}},"line":65},"12":{"name":"(anonymous_12)","decl":{"start":{"line":70,"column":49},"end":{"line":70,"column":50}},"loc":{"start":{"line":70,"column":55},"end":{"line":70,"column":109}},"line":70},"13":{"name":"(anonymous_13)","decl":{"start":{"line":72,"column":60},"end":{"line":72,"column":61}},"loc":{"start":{"line":72,"column":66},"end":{"line":72,"column":135}},"line":72},"14":{"name":"(anonymous_14)","decl":{"start":{"line":74,"column":49},"end":{"line":74,"column":50}},"loc":{"start":{"line":74,"column":55},"end":{"line":74,"column":87}},"line":74}},"branchMap":{"0":{"loc":{"start":{"line":6,"column":27},"end":{"line":6,"column":39}},"type":"default-arg","locations":[{"start":{"line":6,"column":35},"end":{"line":6,"column":39}}],"line":6}},"s":{"0":4,"1":4,"2":0,"3":0,"4":0,"5":0,"6":0,"7":0,"8":2,"9":0,"10":8,"11":4,"12":4,"13":4,"14":23,"15":23,"16":23,"17":368,"18":368,"19":167,"20":23,"21":23,"22":0,"23":23,"24":23,"25":0,"26":23,"27":23,"28":0},"f":{"0":4,"1":0,"2":0,"3":0,"4":0,"5":0,"6":2,"7":0,"8":8,"9":23,"10":368,"11":167,"12":0,"13":0,"14":0},"b":{"0":[0]},"inputSourceMap":null,"_coverageSchema":"1a1c01bbd47fc00a2c39e90264f33305004495a9","hash":"8410604520ecb627b3e63f99eb36e00c14ea786e"}
,"/Users/iskandermac/Downloads/project 6/backend/config/gemini.js": {"path":"/Users/iskandermac/Downloads/project 6/backend/config/gemini.js","statementMap":{"0":{"start":{"line":4,"column":16},"end":{"line":4,"column":42}},"1":{"start":{"line":6,"column":18},"end":{"line":6,"column":22}},"2":{"start":{"line":8,"column":0},"end":{"line":19,"column":1}},"3":{"start":{"line":9,"column":2},"end":{"line":16,"column":3}},"4":{"start":{"line":10,"column":18},"end":{"line":10,"column":49}},"5":{"start":{"line":12,"column":4},"end":{"line":12,"column":74}},"6":{"start":{"line":13,"column":4},"end":{"line":13,"column":54}},"7":{"start":{"line":15,"column":4},"end":{"line":15,"column":62}},"8":{"start":{"line":18,"column":2},"end":{"line":18,"column":74}},"9":{"start":{"line":25,"column":34},"end":{"line":27,"column":1}},"10":{"start":{"line":26,"column":2},"end":{"line":26,"column":21}}},"fnMap":{"0":{"name":"(anonymous_0)","decl":{"start":{"line":25,"column":34},"end":{"line":25,"column":35}},"loc":{"start":{"line":25,"column":40},"end":{"line":27,"column":1}},"line":25}},"branchMap":{"0":{"loc":{"start":{"line":8,"column":0},"end":{"line":19,"column":1}},"type":"if","locations":[{"start":{"line":8,"column":0},"end":{"line":19,"column":1}},{"start":{"line":17,"column":7},"end":{"line":19,"column":1}}],"line":8}},"s":{"0":13,"1":13,"2":13,"3":13,"4":13,"5":13,"6":13,"7":0,"8":0,"9":13,"10":13},"f":{"0":13},"b":{"0":[13,0]},"inputSourceMap":null,"_coverageSchema":"1a1c01bbd47fc00a2c39e90264f33305004495a9","hash":"f6565dc2f78d40d49bc15c264060a922919118e8"}
,"/Users/iskandermac/Downloads/project 6/backend/config/logger.js": {"path":"/Users/iskandermac/Downloads/project 6/backend/config/logger.js","statementMap":{"0":{"start":{"line":3,"column":55},"end":{"line":3,"column":69}},"1":{"start":{"line":6,"column":22},"end":{"line":12,"column":2}},"2":{"start":{"line":7,"column":14},"end":{"line":7,"column":51}},"3":{"start":{"line":8,"column":4},"end":{"line":10,"column":5}},"4":{"start":{"line":9,"column":8},"end":{"line":9,"column":46}},"5":{"start":{"line":11,"column":4},"end":{"line":11,"column":15}},"6":{"start":{"line":14,"column":15},"end":{"line":27,"column":2}},"7":{"start":{"line":30,"column":0},"end":{"line":42,"column":1}},"8":{"start":{"line":31,"column":4},"end":{"line":36,"column":8}},"9":{"start":{"line":37,"column":4},"end":{"line":41,"column":8}}},"fnMap":{"0":{"name":"(anonymous_0)","decl":{"start":{"line":6,"column":29},"end":{"line":6,"column":30}},"loc":{"start":{"line":6,"column":77},"end":{"line":12,"column":1}},"line":6}},"branchMap":{"0":{"loc":{"start":{"line":8,"column":4},"end":{"line":10,"column":5}},"type":"if","locations":[{"start":{"line":8,"column":4},"end":{"line":10,"column":5}},{"start":{},"end":{}}],"line":8},"1":{"loc":{"start":{"line":15,"column":11},"end":{"line":15,"column":42}},"type":"binary-expr","locations":[{"start":{"line":15,"column":11},"end":{"line":15,"column":32}},{"start":{"line":15,"column":36},"end":{"line":15,"column":42}}],"line":15},"2":{"loc":{"start":{"line":22,"column":20},"end":{"line":24,"column":65}},"type":"cond-expr","locations":[{"start":{"line":23,"column":18},"end":{"line":23,"column":24}},{"start":{"line":24,"column":18},"end":{"line":24,"column":65}}],"line":22},"3":{"loc":{"start":{"line":30,"column":0},"end":{"line":42,"column":1}},"type":"if","locations":[{"start":{"line":30,"column":0},"end":{"line":42,"column":1}},{"start":{},"end":{}}],"line":30}},"s":{"0":23,"1":23,"2":53,"3":53,"4":37,"5":53,"6":23,"7":23,"8":0,"9":0},"f":{"0":53},"b":{"0":[37,16],"1":[23,23],"2":[0,23],"3":[0,23]},"inputSourceMap":null,"_coverageSchema":"1a1c01bbd47fc00a2c39e90264f33305004495a9","hash":"fa023a6e91caf27320645d943ae4a96b15030d98"}
,"/Users/iskandermac/Downloads/project 6/backend/config/redis.js": {"path":"/Users/iskandermac/Downloads/project 6/backend/config/redis.js","statementMap":{"0":{"start":{"line":5,"column":21},"end":{"line":5,"column":26}},"1":{"start":{"line":7,"column":18},"end":{"line":53,"column":1}},"2":{"start":{"line":8,"column":4},"end":{"line":8,"column":40}},"3":{"start":{"line":8,"column":21},"end":{"line":8,"column":40}},"4":{"start":{"line":10,"column":21},"end":{"line":10,"column":70}},"5":{"start":{"line":15,"column":4},"end":{"line":30,"column":7}},"6":{"start":{"line":20,"column":30},"end":{"line":20,"column":71}},"7":{"start":{"line":22,"column":16},"end":{"line":25,"column":17}},"8":{"start":{"line":23,"column":20},"end":{"line":23,"column":134}},"9":{"start":{"line":24,"column":20},"end":{"line":24,"column":89}},"10":{"start":{"line":27,"column":16},"end":{"line":27,"column":29}},"11":{"start":{"line":32,"column":4},"end":{"line":37,"column":7}},"12":{"start":{"line":33,"column":8},"end":{"line":35,"column":9}},"13":{"start":{"line":34,"column":12},"end":{"line":34,"column":65}},"14":{"start":{"line":36,"column":8},"end":{"line":36,"column":31}},"15":{"start":{"line":39,"column":4},"end":{"line":42,"column":7}},"16":{"start":{"line":40,"column":8},"end":{"line":40,"column":48}},"17":{"start":{"line":41,"column":8},"end":{"line":41,"column":30}},"18":{"start":{"line":44,"column":4},"end":{"line":50,"column":5}},"19":{"start":{"line":45,"column":8},"end":{"line":45,"column":36}},"20":{"start":{"line":47,"column":8},"end":{"line":47,"column":106}},"21":{"start":{"line":48,"column":8},"end":{"line":48,"column":31}},"22":{"start":{"line":49,"column":8},"end":{"line":49,"column":20}},"23":{"start":{"line":52,"column":4},"end":{"line":52,"column":23}},"24":{"start":{"line":56,"column":21},"end":{"line":56,"column":90}},"25":{"start":{"line":58,"column":30},"end":{"line":76,"column":1}},"26":{"start":{"line":59,"column":19},"end":{"line":59,"column":37}},"27":{"start":{"line":60,"column":4},"end":{"line":60,"column":29}},"28":{"start":{"line":60,"column":17},"end":{"line":60,"column":29}},"29":{"start":{"line":63,"column":4},"end":{"line":73,"column":5}},"30":{"start":{"line":64,"column":8},"end":{"line":72,"column":9}},"31":{"start":{"line":65,"column":12},"end":{"line":65,"column":79}},"32":{"start":{"line":66,"column":12},"end":{"line":66,"column":35}},"33":{"start":{"line":67,"column":12},"end":{"line":67,"column":34}},"34":{"start":{"line":69,"column":12},"end":{"line":69,"column":57}},"35":{"start":{"line":70,"column":12},"end":{"line":70,"column":35}},"36":{"start":{"line":71,"column":12},"end":{"line":71,"column":24}},"37":{"start":{"line":75,"column":4},"end":{"line":75,"column":42}},"38":{"start":{"line":78,"column":32},"end":{"line":78,"column":52}},"39":{"start":{"line":78,"column":38},"end":{"line":78,"column":52}}},"fnMap":{"0":{"name":"(anonymous_0)","decl":{"start":{"line":7,"column":18},"end":{"line":7,"column":19}},"loc":{"start":{"line":7,"column":30},"end":{"line":53,"column":1}},"line":7},"1":{"name":"(anonymous_1)","decl":{"start":{"line":18,"column":31},"end":{"line":18,"column":32}},"loc":{"start":{"line":18,"column":44},"end":{"line":28,"column":13}},"line":18},"2":{"name":"(anonymous_2)","decl":{"start":{"line":32,"column":28},"end":{"line":32,"column":29}},"loc":{"start":{"line":32,"column":37},"end":{"line":37,"column":5}},"line":32},"3":{"name":"(anonymous_3)","decl":{"start":{"line":39,"column":30},"end":{"line":39,"column":31}},"loc":{"start":{"line":39,"column":36},"end":{"line":42,"column":5}},"line":39},"4":{"name":"(anonymous_4)","decl":{"start":{"line":58,"column":30},"end":{"line":58,"column":31}},"loc":{"start":{"line":58,"column":42},"end":{"line":76,"column":1}},"line":58},"5":{"name":"(anonymous_5)","decl":{"start":{"line":78,"column":32},"end":{"line":78,"column":33}},"loc":{"start":{"line":78,"column":38},"end":{"line":78,"column":52}},"line":78}},"branchMap":{"0":{"loc":{"start":{"line":8,"column":4},"end":{"line":8,"column":40}},"type":"if","locations":[{"start":{"line":8,"column":4},"end":{"line":8,"column":40}},{"start":{},"end":{}}],"line":8},"1":{"loc":{"start":{"line":10,"column":21},"end":{"line":10,"column":70}},"type":"binary-expr","locations":[{"start":{"line":10,"column":21},"end":{"line":10,"column":42}},{"start":{"line":10,"column":46},"end":{"line":10,"column":70}}],"line":10},"2":{"loc":{"start":{"line":22,"column":16},"end":{"line":25,"column":17}},"type":"if","locations":[{"start":{"line":22,"column":16},"end":{"line":25,"column":17}},{"start":{},"end":{}}],"line":22},"3":{"loc":{"start":{"line":33,"column":8},"end":{"line":35,"column":9}},"type":"if","locations":[{"start":{"line":33,"column":8},"end":{"line":35,"column":9}},{"start":{},"end":{}}],"line":33},"4":{"loc":{"start":{"line":33,"column":12},"end":{"line":33,"column":57}},"type":"binary-expr","locations":[{"start":{"line":33,"column":12},"end":{"line":33,"column":26}},{"start":{"line":33,"column":30},"end":{"line":33,"column":57}}],"line":33},"5":{"loc":{"start":{"line":56,"column":21},"end":{"line":56,"column":90}},"type":"cond-expr","locations":[{"start":{"line":56,"column":55},"end":{"line":56,"column":76}},{"start":{"line":56,"column":79},"end":{"line":56,"column":90}}],"line":56},"6":{"loc":{"start":{"line":60,"column":4},"end":{"line":60,"column":29}},"type":"if","locations":[{"start":{"line":60,"column":4},"end":{"line":60,"column":29}},{"start":{},"end":{}}],"line":60},"7":{"loc":{"start":{"line":63,"column":4},"end":{"line":73,"column":5}},"type":"if","locations":[{"start":{"line":63,"column":4},"end":{"line":73,"column":5}},{"start":{},"end":{}}],"line":63},"8":{"loc":{"start":{"line":75,"column":11},"end":{"line":75,"column":41}},"type":"cond-expr","locations":[{"start":{"line":75,"column":28},"end":{"line":75,"column":34}},{"start":{"line":75,"column":37},"end":{"line":75,"column":41}}],"line":75}},"s":{"0":4,"1":4,"2":0,"3":0,"4":0,"5":0,"6":0,"7":0,"8":0,"9":0,"10":0,"11":0,"12":0,"13":0,"14":0,"15":0,"16":0,"17":0,"18":0,"19":0,"20":0,"21":0,"22":0,"23":0,"24":4,"25":4,"26":7,"27":7,"28":7,"29":0,"30":0,"31":0,"32":0,"33":0,"34":0,"35":0,"36":0,"37":0,"38":4,"39":1},"f":{"0":0,"1":0,"2":0,"3":0,"4":7,"5":1},"b":{"0":[0,0],"1":[0,0],"2":[0,0],"3":[0,0],"4":[0,0],"5":[4,0],"6":[7,0],"7":[0,0],"8":[0,0]},"inputSourceMap":null,"_coverageSchema":"1a1c01bbd47fc00a2c39e90264f33305004495a9","hash":"c148b11caba9efc19b751eba512fc89dd15ef48a"}
,"/Users/iskandermac/Downloads/project 6/backend/config/security.js": {"path":"/Users/iskandermac/Downloads/project 6/backend/config/security.js","statementMap":{"0":{"start":{"line":2,"column":31},"end":{"line":79,"column":1}},"1":{"start":{"line":82,"column":30},"end":{"line":105,"column":1}},"2":{"start":{"line":83,"column":14},"end":{"line":83,"column":51}},"3":{"start":{"line":84,"column":16},"end":{"line":84,"column":18}},"4":{"start":{"line":87,"column":2},"end":{"line":93,"column":3}},"5":{"start":{"line":88,"column":4},"end":{"line":88,"column":98}},"6":{"start":{"line":88,"column":67},"end":{"line":88,"column":80}},"7":{"start":{"line":90,"column":4},"end":{"line":92,"column":41}},"8":{"start":{"line":96,"column":2},"end":{"line":104,"column":5}},"9":{"start":{"line":97,"column":4},"end":{"line":103,"column":5}},"10":{"start":{"line":98,"column":6},"end":{"line":98,"column":22}},"11":{"start":{"line":99,"column":6},"end":{"line":99,"column":18}},"12":{"start":{"line":101,"column":6},"end":{"line":101,"column":67}},"13":{"start":{"line":102,"column":6},"end":{"line":102,"column":19}},"14":{"start":{"line":108,"column":40},"end":{"line":136,"column":1}},"15":{"start":{"line":109,"column":17},"end":{"line":109,"column":41}},"16":{"start":{"line":110,"column":17},"end":{"line":110,"column":19}},"17":{"start":{"line":112,"column":2},"end":{"line":114,"column":3}},"18":{"start":{"line":113,"column":4},"end":{"line":113,"column":81}},"19":{"start":{"line":116,"column":2},"end":{"line":118,"column":3}},"20":{"start":{"line":117,"column":4},"end":{"line":117,"column":71}},"21":{"start":{"line":120,"column":2},"end":{"line":122,"column":3}},"22":{"start":{"line":121,"column":4},"end":{"line":121,"column":71}},"23":{"start":{"line":124,"column":2},"end":{"line":126,"column":3}},"24":{"start":{"line":125,"column":4},"end":{"line":125,"column":61}},"25":{"start":{"line":128,"column":2},"end":{"line":130,"column":3}},"26":{"start":{"line":129,"column":4},"end":{"line":129,"column":72}},"27":{"start":{"line":132,"column":2},"end":{"line":135,"column":4}}},"fnMap":{"0":{"name":"(anonymous_0)","decl":{"start":{"line":82,"column":30},"end":{"line":82,"column":31}},"loc":{"start":{"line":82,"column":36},"end":{"line":105,"column":1}},"line":82},"1":{"name":"(anonymous_1)","decl":{"start":{"line":88,"column":57},"end":{"line":88,"column":58}},"loc":{"start":{"line":88,"column":67},"end":{"line":88,"column":80}},"line":88},"2":{"name":"(anonymous_2)","decl":{"start":{"line":96,"column":24},"end":{"line":96,"column":25}},"loc":{"start":{"line":96,"column":34},"end":{"line":104,"column":3}},"line":96},"3":{"name":"(anonymous_3)","decl":{"start":{"line":108,"column":40},"end":{"line":108,"column":41}},"loc":{"start":{"line":108,"column":54},"end":{"line":136,"column":1}},"line":108}},"branchMap":{"0":{"loc":{"start":{"line":83,"column":14},"end":{"line":83,"column":51}},"type":"binary-expr","locations":[{"start":{"line":83,"column":14},"end":{"line":83,"column":34}},{"start":{"line":83,"column":38},"end":{"line":83,"column":51}}],"line":83},"1":{"loc":{"start":{"line":87,"column":2},"end":{"line":93,"column":3}},"type":"if","locations":[{"start":{"line":87,"column":2},"end":{"line":93,"column":3}},{"start":{"line":89,"column":9},"end":{"line":93,"column":3}}],"line":87},"2":{"loc":{"start":{"line":90,"column":14},"end":{"line":92,"column":40}},"type":"cond-expr","locations":[{"start":{"line":91,"column":8},"end":{"line":91,"column":39}},{"start":{"line":92,"column":8},"end":{"line":92,"column":40}}],"line":90},"3":{"loc":{"start":{"line":112,"column":2},"end":{"line":114,"column":3}},"type":"if","locations":[{"start":{"line":112,"column":2},"end":{"line":114,"column":3}},{"start":{},"end":{}}],"line":112},"4":{"loc":{"start":{"line":116,"column":2},"end":{"line":118,"column":3}},"type":"if","locations":[{"start":{"line":116,"column":2},"end":{"line":118,"column":3}},{"start":{},"end":{}}],"line":116},"5":{"loc":{"start":{"line":116,"column":6},"end":{"line":116,"column":56}},"type":"binary-expr","locations":[{"start":{"line":116,"column":6},"end":{"line":116,"column":29}},{"start":{"line":116,"column":33},"end":{"line":116,"column":56}}],"line":116},"6":{"loc":{"start":{"line":120,"column":2},"end":{"line":122,"column":3}},"type":"if","locations":[{"start":{"line":120,"column":2},"end":{"line":122,"column":3}},{"start":{},"end":{}}],"line":120},"7":{"loc":{"start":{"line":120,"column":6},"end":{"line":120,"column":56}},"type":"binary-expr","locations":[{"start":{"line":120,"column":6},"end":{"line":120,"column":29}},{"start":{"line":120,"column":33},"end":{"line":120,"column":56}}],"line":120},"8":{"loc":{"start":{"line":124,"column":2},"end":{"line":126,"column":3}},"type":"if","locations":[{"start":{"line":124,"column":2},"end":{"line":126,"column":3}},{"start":{},"end":{}}],"line":124},"9":{"loc":{"start":{"line":124,"column":6},"end":{"line":124,"column":51}},"type":"binary-expr","locations":[{"start":{"line":124,"column":6},"end":{"line":124,"column":27}},{"start":{"line":124,"column":31},"end":{"line":124,"column":51}}],"line":124},"10":{"loc":{"start":{"line":128,"column":2},"end":{"line":130,"column":3}},"type":"if","locations":[{"start":{"line":128,"column":2},"end":{"line":130,"column":3}},{"start":{},"end":{}}],"line":128},"11":{"loc":{"start":{"line":128,"column":6},"end":{"line":128,"column":92}},"type":"binary-expr","locations":[{"start":{"line":128,"column":6},"end":{"line":128,"column":32}},{"start":{"line":128,"column":36},"end":{"line":128,"column":92}}],"line":128}},"s":{"0":14,"1":14,"2":13,"3":13,"4":13,"5":13,"6":39,"7":0,"8":13,"9":39,"10":39,"11":39,"12":0,"13":0,"14":14,"15":8,"16":8,"17":8,"18":1,"19":8,"20":1,"21":8,"22":0,"23":8,"24":1,"25":8,"26":1,"27":8},"f":{"0":13,"1":39,"2":39,"3":8},"b":{"0":[13,0],"1":[13,0],"2":[0,0],"3":[1,7],"4":[1,7],"5":[8,8],"6":[0,8],"7":[8,8],"8":[1,7],"9":[8,8],"10":[1,7],"11":[8,8]},"inputSourceMap":null,"_coverageSchema":"1a1c01bbd47fc00a2c39e90264f33305004495a9","hash":"9ebd1f2676b14b528d8170613dad51645c6d6e46"}
,"/Users/iskandermac/Downloads/project 6/backend/config/sentry.js": {"path":"/Users/iskandermac/Downloads/project 6/backend/config/sentry.js","statementMap":{"0":{"start":{"line":8,"column":26},"end":{"line":26,"column":1}},"1":{"start":{"line":9,"column":16},"end":{"line":9,"column":38}},"2":{"start":{"line":11,"column":4},"end":{"line":14,"column":5}},"3":{"start":{"line":12,"column":8},"end":{"line":12,"column":82}},"4":{"start":{"line":13,"column":8},"end":{"line":13,"column":15}},"5":{"start":{"line":16,"column":4},"end":{"line":23,"column":7}},"6":{"start":{"line":25,"column":4},"end":{"line":25,"column":57}},"7":{"start":{"line":32,"column":36},"end":{"line":32,"column":62}},"8":{"start":{"line":32,"column":56},"end":{"line":32,"column":62}},"9":{"start":{"line":38,"column":36},"end":{"line":38,"column":62}},"10":{"start":{"line":38,"column":56},"end":{"line":38,"column":62}},"11":{"start":{"line":44,"column":34},"end":{"line":49,"column":1}},"12":{"start":{"line":45,"column":4},"end":{"line":47,"column":5}},"13":{"start":{"line":46,"column":8},"end":{"line":46,"column":37}},"14":{"start":{"line":48,"column":4},"end":{"line":48,"column":14}},"15":{"start":{"line":55,"column":39},"end":{"line":59,"column":1}},"16":{"start":{"line":56,"column":4},"end":{"line":58,"column":5}},"17":{"start":{"line":57,"column":8},"end":{"line":57,"column":45}},"18":{"start":{"line":64,"column":32},"end":{"line":70,"column":1}},"19":{"start":{"line":65,"column":4},"end":{"line":69,"column":5}},"20":{"start":{"line":66,"column":8},"end":{"line":66,"column":59}},"21":{"start":{"line":68,"column":8},"end":{"line":68,"column":59}},"22":{"start":{"line":75,"column":30},"end":{"line":79,"column":1}},"23":{"start":{"line":76,"column":4},"end":{"line":78,"column":5}},"24":{"start":{"line":77,"column":8},"end":{"line":77,"column":46}}},"fnMap":{"0":{"name":"(anonymous_0)","decl":{"start":{"line":8,"column":26},"end":{"line":8,"column":27}},"loc":{"start":{"line":8,"column":35},"end":{"line":26,"column":1}},"line":8},"1":{"name":"(anonymous_1)","decl":{"start":{"line":32,"column":36},"end":{"line":32,"column":37}},"loc":{"start":{"line":32,"column":56},"end":{"line":32,"column":62}},"line":32},"2":{"name":"(anonymous_2)","decl":{"start":{"line":38,"column":36},"end":{"line":38,"column":37}},"loc":{"start":{"line":38,"column":56},"end":{"line":38,"column":62}},"line":38},"3":{"name":"(anonymous_3)","decl":{"start":{"line":44,"column":34},"end":{"line":44,"column":35}},"loc":{"start":{"line":44,"column":59},"end":{"line":49,"column":1}},"line":44},"4":{"name":"(anonymous_4)","decl":{"start":{"line":55,"column":39},"end":{"line":55,"column":40}},"loc":{"start":{"line":55,"column":48},"end":{"line":59,"column":1}},"line":55},"5":{"name":"(anonymous_5)","decl":{"start":{"line":64,"column":32},"end":{"line":64,"column":33}},"loc":{"start":{"line":64,"column":57},"end":{"line":70,"column":1}},"line":64},"6":{"name":"(anonymous_6)","decl":{"start":{"line":75,"column":30},"end":{"line":75,"column":31}},"loc":{"start":{"line":75,"column":59},"end":{"line":79,"column":1}},"line":75}},"branchMap":{"0":{"loc":{"start":{"line":11,"column":4},"end":{"line":14,"column":5}},"type":"if","locations":[{"start":{"line":11,"column":4},"end":{"line":14,"column":5}},{"start":{},"end":{}}],"line":11},"1":{"loc":{"start":{"line":18,"column":21},"end":{"line":18,"column":58}},"type":"binary-expr","locations":[{"start":{"line":18,"column":21},"end":{"line":18,"column":41}},{"start":{"line":18,"column":45},"end":{"line":18,"column":58}}],"line":18},"2":{"loc":{"start":{"line":19,"column":26},"end":{"line":19,"column":75}},"type":"cond-expr","locations":[{"start":{"line":19,"column":66},"end":{"line":19,"column":69}},{"start":{"line":19,"column":72},"end":{"line":19,"column":75}}],"line":19},"3":{"loc":{"start":{"line":45,"column":4},"end":{"line":47,"column":5}},"type":"if","locations":[{"start":{"line":45,"column":4},"end":{"line":47,"column":5}},{"start":{},"end":{}}],"line":45},"4":{"loc":{"start":{"line":56,"column":4},"end":{"line":58,"column":5}},"type":"if","locations":[{"start":{"line":56,"column":4},"end":{"line":58,"column":5}},{"start":{},"end":{}}],"line":56},"5":{"loc":{"start":{"line":64,"column":40},"end":{"line":64,"column":52}},"type":"default-arg","locations":[{"start":{"line":64,"column":50},"end":{"line":64,"column":52}}],"line":64},"6":{"loc":{"start":{"line":65,"column":4},"end":{"line":69,"column":5}},"type":"if","locations":[{"start":{"line":65,"column":4},"end":{"line":69,"column":5}},{"start":{"line":67,"column":11},"end":{"line":69,"column":5}}],"line":65},"7":{"loc":{"start":{"line":75,"column":40},"end":{"line":75,"column":54}},"type":"default-arg","locations":[{"start":{"line":75,"column":48},"end":{"line":75,"column":54}}],"line":75},"8":{"loc":{"start":{"line":76,"column":4},"end":{"line":78,"column":5}},"type":"if","locations":[{"start":{"line":76,"column":4},"end":{"line":78,"column":5}},{"start":{},"end":{}}],"line":76}},"s":{"0":13,"1":13,"2":13,"3":0,"4":0,"5":13,"6":13,"7":13,"8":61,"9":13,"10":61,"11":13,"12":0,"13":0,"14":0,"15":13,"16":13,"17":13,"18":13,"19":0,"20":0,"21":0,"22":13,"23":0,"24":0},"f":{"0":13,"1":61,"2":61,"3":0,"4":13,"5":0,"6":0},"b":{"0":[0,13],"1":[13,0],"2":[0,13],"3":[0,0],"4":[13,0],"5":[0],"6":[0,0],"7":[0],"8":[0,0]},"inputSourceMap":null,"_coverageSchema":"1a1c01bbd47fc00a2c39e90264f33305004495a9","hash":"e32535a9ca1c42115779e722e8ee9ea5ace00074"}
,"/Users/iskandermac/Downloads/project 6/backend/config/supabase.js": {"path":"/Users/iskandermac/Downloads/project 6/backend/config/supabase.js","statementMap":{"0":{"start":{"line":3,"column":20},"end":{"line":3,"column":44}},"1":{"start":{"line":4,"column":24},"end":{"line":4,"column":53}},"2":{"start":{"line":5,"column":27},"end":{"line":5,"column":64}},"3":{"start":{"line":7,"column":0},"end":{"line":11,"column":1}},"4":{"start":{"line":8,"column":2},"end":{"line":10,"column":4}},"5":{"start":{"line":13,"column":20},"end":{"line":18,"column":1}},"6":{"start":{"line":20,"column":30},"end":{"line":27,"column":1}},"7":{"start":{"line":29,"column":29},"end":{"line":36,"column":1}}},"fnMap":{},"branchMap":{"0":{"loc":{"start":{"line":7,"column":0},"end":{"line":11,"column":1}},"type":"if","locations":[{"start":{"line":7,"column":0},"end":{"line":11,"column":1}},{"start":{},"end":{}}],"line":7},"1":{"loc":{"start":{"line":7,"column":4},"end":{"line":7,"column":59}},"type":"binary-expr","locations":[{"start":{"line":7,"column":4},"end":{"line":7,"column":16}},{"start":{"line":7,"column":20},"end":{"line":7,"column":36}},{"start":{"line":7,"column":40},"end":{"line":7,"column":59}}],"line":7}},"s":{"0":13,"1":13,"2":13,"3":13,"4":0,"5":13,"6":13,"7":13},"f":{},"b":{"0":[0,13],"1":[13,13,13]},"inputSourceMap":null,"_coverageSchema":"1a1c01bbd47fc00a2c39e90264f33305004495a9","hash":"b5c85855d75f9d709cd4ec87e3d23b01b7aba803"}
,"/Users/iskandermac/Downloads/project 6/backend/config/swagger.js": {"path":"/Users/iskandermac/Downloads/project 6/backend/config/swagger.js","statementMap":{"0":{"start":{"line":4,"column":16},"end":{"line":103,"column":1}},"1":{"start":{"line":105,"column":14},"end":{"line":105,"column":35}},"2":{"start":{"line":111,"column":28},"end":{"line":125,"column":1}},"3":{"start":{"line":113,"column":4},"end":{"line":116,"column":8}},"4":{"start":{"line":119,"column":4},"end":{"line":122,"column":7}},"5":{"start":{"line":120,"column":8},"end":{"line":120,"column":58}},"6":{"start":{"line":121,"column":8},"end":{"line":121,"column":24}},"7":{"start":{"line":124,"column":4},"end":{"line":124,"column":63}}},"fnMap":{"0":{"name":"(anonymous_0)","decl":{"start":{"line":111,"column":28},"end":{"line":111,"column":29}},"loc":{"start":{"line":111,"column":37},"end":{"line":125,"column":1}},"line":111},"1":{"name":"(anonymous_1)","decl":{"start":{"line":119,"column":30},"end":{"line":119,"column":31}},"loc":{"start":{"line":119,"column":44},"end":{"line":122,"column":5}},"line":119}},"branchMap":{"0":{"loc":{"start":{"line":18,"column":21},"end":{"line":18,"column":71}},"type":"binary-expr","locations":[{"start":{"line":18,"column":21},"end":{"line":18,"column":40}},{"start":{"line":18,"column":44},"end":{"line":18,"column":71}}],"line":18}},"s":{"0":13,"1":13,"2":13,"3":13,"4":13,"5":0,"6":0,"7":13},"f":{"0":13,"1":0},"b":{"0":[13,13]},"inputSourceMap":null,"_coverageSchema":"1a1c01bbd47fc00a2c39e90264f33305004495a9","hash":"e0af38dd43fc3f3a7ed5dca52d5b014145f601b5"}
,"/Users/iskandermac/Downloads/project 6/backend/middleware/auth.js": {"path":"/Users/iskandermac/Downloads/project 6/backend/middleware/auth.js","statementMap":{"0":{"start":{"line":8,"column":20},"end":{"line":8,"column":80}},"1":{"start":{"line":8,"column":36},"end":{"line":8,"column":80}},"2":{"start":{"line":9,"column":22},"end":{"line":9,"column":29}},"3":{"start":{"line":12,"column":33},"end":{"line":109,"column":1}},"4":{"start":{"line":13,"column":21},"end":{"line":13,"column":49}},"5":{"start":{"line":14,"column":22},"end":{"line":14,"column":60}},"6":{"start":{"line":15,"column":22},"end":{"line":15,"column":42}},"7":{"start":{"line":16,"column":16},"end":{"line":16,"column":42}},"8":{"start":{"line":18,"column":2},"end":{"line":23,"column":3}},"9":{"start":{"line":19,"column":4},"end":{"line":22,"column":7}},"10":{"start":{"line":25,"column":2},"end":{"line":108,"column":3}},"11":{"start":{"line":26,"column":22},"end":{"line":26,"column":77}},"12":{"start":{"line":27,"column":21},"end":{"line":27,"column":49}},"13":{"start":{"line":28,"column":19},"end":{"line":28,"column":41}},"14":{"start":{"line":31,"column":4},"end":{"line":40,"column":5}},"15":{"start":{"line":32,"column":21},"end":{"line":32,"column":47}},"16":{"start":{"line":33,"column":6},"end":{"line":39,"column":7}},"17":{"start":{"line":34,"column":23},"end":{"line":34,"column":41}},"18":{"start":{"line":35,"column":8},"end":{"line":35,"column":31}},"19":{"start":{"line":36,"column":8},"end":{"line":36,"column":33}},"20":{"start":{"line":37,"column":8},"end":{"line":37,"column":34}},"21":{"start":{"line":38,"column":8},"end":{"line":38,"column":22}},"22":{"start":{"line":43,"column":28},"end":{"line":43,"column":68}},"23":{"start":{"line":45,"column":4},"end":{"line":54,"column":5}},"24":{"start":{"line":47,"column":6},"end":{"line":49,"column":7}},"25":{"start":{"line":48,"column":8},"end":{"line":48,"column":57}},"26":{"start":{"line":50,"column":6},"end":{"line":53,"column":9}},"27":{"start":{"line":56,"column":4},"end":{"line":61,"column":5}},"28":{"start":{"line":57,"column":6},"end":{"line":60,"column":9}},"29":{"start":{"line":64,"column":51},"end":{"line":68,"column":15}},"30":{"start":{"line":70,"column":4},"end":{"line":78,"column":5}},"31":{"start":{"line":71,"column":6},"end":{"line":73,"column":7}},"32":{"start":{"line":72,"column":8},"end":{"line":72,"column":62}},"33":{"start":{"line":74,"column":6},"end":{"line":77,"column":9}},"34":{"start":{"line":81,"column":4},"end":{"line":81,"column":25}},"35":{"start":{"line":82,"column":4},"end":{"line":82,"column":26}},"36":{"start":{"line":87,"column":4},"end":{"line":94,"column":5}},"37":{"start":{"line":88,"column":27},"end":{"line":88,"column":79}},"38":{"start":{"line":89,"column":6},"end":{"line":93,"column":7}},"39":{"start":{"line":90,"column":8},"end":{"line":90,"column":61}},"40":{"start":{"line":92,"column":8},"end":{"line":92,"column":48}},"41":{"start":{"line":97,"column":4},"end":{"line":97,"column":30}},"42":{"start":{"line":99,"column":4},"end":{"line":99,"column":11}},"43":{"start":{"line":101,"column":4},"end":{"line":103,"column":5}},"44":{"start":{"line":102,"column":6},"end":{"line":102,"column":51}},"45":{"start":{"line":104,"column":4},"end":{"line":107,"column":7}},"46":{"start":{"line":112,"column":23},"end":{"line":112,"column":32}},"47":{"start":{"line":115,"column":0},"end":{"line":124,"column":27}},"48":{"start":{"line":116,"column":14},"end":{"line":116,"column":24}},"49":{"start":{"line":117,"column":2},"end":{"line":123,"column":3}},"50":{"start":{"line":118,"column":4},"end":{"line":122,"column":5}},"51":{"start":{"line":119,"column":6},"end":{"line":119,"column":33}},"52":{"start":{"line":120,"column":11},"end":{"line":122,"column":5}},"53":{"start":{"line":121,"column":6},"end":{"line":121,"column":33}},"54":{"start":{"line":127,"column":33},"end":{"line":213,"column":1}},"55":{"start":{"line":128,"column":17},"end":{"line":128,"column":39}},"56":{"start":{"line":129,"column":14},"end":{"line":129,"column":37}},"57":{"start":{"line":130,"column":14},"end":{"line":130,"column":24}},"58":{"start":{"line":133,"column":2},"end":{"line":168,"column":3}},"59":{"start":{"line":134,"column":4},"end":{"line":137,"column":5}},"60":{"start":{"line":135,"column":6},"end":{"line":135,"column":33}},"61":{"start":{"line":136,"column":6},"end":{"line":136,"column":31}},"62":{"start":{"line":139,"column":19},"end":{"line":139,"column":77}},"63":{"start":{"line":141,"column":4},"end":{"line":148,"column":5}},"64":{"start":{"line":142,"column":28},"end":{"line":142,"column":79}},"65":{"start":{"line":143,"column":6},"end":{"line":147,"column":8}},"66":{"start":{"line":150,"column":4},"end":{"line":150,"column":21}},"67":{"start":{"line":151,"column":4},"end":{"line":151,"column":29}},"68":{"start":{"line":153,"column":4},"end":{"line":161,"column":5}},"69":{"start":{"line":154,"column":6},"end":{"line":154,"column":58}},"70":{"start":{"line":155,"column":6},"end":{"line":155,"column":40}},"71":{"start":{"line":156,"column":6},"end":{"line":160,"column":8}},"72":{"start":{"line":163,"column":4},"end":{"line":163,"column":38}},"73":{"start":{"line":164,"column":4},"end":{"line":167,"column":6}},"74":{"start":{"line":170,"column":2},"end":{"line":212,"column":3}},"75":{"start":{"line":172,"column":4},"end":{"line":172,"column":26}},"76":{"start":{"line":173,"column":4},"end":{"line":173,"column":29}},"77":{"start":{"line":176,"column":19},"end":{"line":176,"column":40}},"78":{"start":{"line":177,"column":4},"end":{"line":177,"column":81}},"79":{"start":{"line":180,"column":4},"end":{"line":187,"column":5}},"80":{"start":{"line":181,"column":28},"end":{"line":181,"column":79}},"81":{"start":{"line":182,"column":6},"end":{"line":186,"column":8}},"82":{"start":{"line":190,"column":4},"end":{"line":190,"column":21}},"83":{"start":{"line":191,"column":4},"end":{"line":191,"column":29}},"84":{"start":{"line":194,"column":4},"end":{"line":203,"column":5}},"85":{"start":{"line":195,"column":6},"end":{"line":195,"column":58}},"86":{"start":{"line":197,"column":6},"end":{"line":197,"column":77}},"87":{"start":{"line":198,"column":6},"end":{"line":202,"column":8}},"88":{"start":{"line":206,"column":4},"end":{"line":206,"column":75}},"89":{"start":{"line":208,"column":4},"end":{"line":211,"column":6}},"90":{"start":{"line":216,"column":33},"end":{"line":252,"column":1}},"91":{"start":{"line":217,"column":21},"end":{"line":217,"column":70}},"92":{"start":{"line":218,"column":2},"end":{"line":218,"column":33}},"93":{"start":{"line":218,"column":19},"end":{"line":218,"column":33}},"94":{"start":{"line":220,"column":17},"end":{"line":220,"column":39}},"95":{"start":{"line":221,"column":14},"end":{"line":221,"column":37}},"96":{"start":{"line":222,"column":14},"end":{"line":222,"column":24}},"97":{"start":{"line":224,"column":2},"end":{"line":235,"column":3}},"98":{"start":{"line":225,"column":21},"end":{"line":225,"column":44}},"99":{"start":{"line":226,"column":4},"end":{"line":233,"column":5}},"100":{"start":{"line":227,"column":28},"end":{"line":227,"column":79}},"101":{"start":{"line":228,"column":6},"end":{"line":232,"column":9}},"102":{"start":{"line":234,"column":4},"end":{"line":234,"column":18}},"103":{"start":{"line":237,"column":15},"end":{"line":237,"column":36}},"104":{"start":{"line":239,"column":2},"end":{"line":249,"column":3}},"105":{"start":{"line":240,"column":21},"end":{"line":240,"column":37}},"106":{"start":{"line":241,"column":4},"end":{"line":248,"column":5}},"107":{"start":{"line":242,"column":28},"end":{"line":242,"column":79}},"108":{"start":{"line":243,"column":6},"end":{"line":247,"column":9}},"109":{"start":{"line":251,"column":2},"end":{"line":251,"column":9}},"110":{"start":{"line":255,"column":27},"end":{"line":273,"column":1}},"111":{"start":{"line":256,"column":2},"end":{"line":272,"column":4}},"112":{"start":{"line":257,"column":4},"end":{"line":262,"column":5}},"113":{"start":{"line":258,"column":6},"end":{"line":261,"column":9}},"114":{"start":{"line":264,"column":4},"end":{"line":271,"column":5}},"115":{"start":{"line":265,"column":6},"end":{"line":265,"column":13}},"116":{"start":{"line":267,"column":6},"end":{"line":270,"column":9}}},"fnMap":{"0":{"name":"(anonymous_0)","decl":{"start":{"line":8,"column":20},"end":{"line":8,"column":21}},"loc":{"start":{"line":8,"column":36},"end":{"line":8,"column":80}},"line":8},"1":{"name":"(anonymous_1)","decl":{"start":{"line":12,"column":33},"end":{"line":12,"column":34}},"loc":{"start":{"line":12,"column":59},"end":{"line":109,"column":1}},"line":12},"2":{"name":"(anonymous_2)","decl":{"start":{"line":115,"column":12},"end":{"line":115,"column":13}},"loc":{"start":{"line":115,"column":18},"end":{"line":124,"column":1}},"line":115},"3":{"name":"(anonymous_3)","decl":{"start":{"line":127,"column":33},"end":{"line":127,"column":34}},"loc":{"start":{"line":127,"column":64},"end":{"line":213,"column":1}},"line":127},"4":{"name":"(anonymous_4)","decl":{"start":{"line":216,"column":33},"end":{"line":216,"column":34}},"loc":{"start":{"line":216,"column":59},"end":{"line":252,"column":1}},"line":216},"5":{"name":"(anonymous_5)","decl":{"start":{"line":255,"column":27},"end":{"line":255,"column":28}},"loc":{"start":{"line":255,"column":48},"end":{"line":273,"column":1}},"line":255},"6":{"name":"(anonymous_6)","decl":{"start":{"line":256,"column":9},"end":{"line":256,"column":10}},"loc":{"start":{"line":256,"column":29},"end":{"line":272,"column":3}},"line":256}},"branchMap":{"0":{"loc":{"start":{"line":14,"column":22},"end":{"line":14,"column":60}},"type":"binary-expr","locations":[{"start":{"line":14,"column":22},"end":{"line":14,"column":32}},{"start":{"line":14,"column":36},"end":{"line":14,"column":60}}],"line":14},"1":{"loc":{"start":{"line":16,"column":16},"end":{"line":16,"column":42}},"type":"binary-expr","locations":[{"start":{"line":16,"column":16},"end":{"line":16,"column":27}},{"start":{"line":16,"column":31},"end":{"line":16,"column":42}}],"line":16},"2":{"loc":{"start":{"line":18,"column":2},"end":{"line":23,"column":3}},"type":"if","locations":[{"start":{"line":18,"column":2},"end":{"line":23,"column":3}},{"start":{},"end":{}}],"line":18},"3":{"loc":{"start":{"line":31,"column":4},"end":{"line":40,"column":5}},"type":"if","locations":[{"start":{"line":31,"column":4},"end":{"line":40,"column":5}},{"start":{},"end":{}}],"line":31},"4":{"loc":{"start":{"line":33,"column":6},"end":{"line":39,"column":7}},"type":"if","locations":[{"start":{"line":33,"column":6},"end":{"line":39,"column":7}},{"start":{},"end":{}}],"line":33},"5":{"loc":{"start":{"line":45,"column":4},"end":{"line":54,"column":5}},"type":"if","locations":[{"start":{"line":45,"column":4},"end":{"line":54,"column":5}},{"start":{},"end":{}}],"line":45},"6":{"loc":{"start":{"line":47,"column":6},"end":{"line":49,"column":7}},"type":"if","locations":[{"start":{"line":47,"column":6},"end":{"line":49,"column":7}},{"start":{},"end":{}}],"line":47},"7":{"loc":{"start":{"line":56,"column":4},"end":{"line":61,"column":5}},"type":"if","locations":[{"start":{"line":56,"column":4},"end":{"line":61,"column":5}},{"start":{},"end":{}}],"line":56},"8":{"loc":{"start":{"line":70,"column":4},"end":{"line":78,"column":5}},"type":"if","locations":[{"start":{"line":70,"column":4},"end":{"line":78,"column":5}},{"start":{},"end":{}}],"line":70},"9":{"loc":{"start":{"line":70,"column":8},"end":{"line":70,"column":32}},"type":"binary-expr","locations":[{"start":{"line":70,"column":8},"end":{"line":70,"column":18}},{"start":{"line":70,"column":22},"end":{"line":70,"column":32}}],"line":70},"10":{"loc":{"start":{"line":71,"column":6},"end":{"line":73,"column":7}},"type":"if","locations":[{"start":{"line":71,"column":6},"end":{"line":73,"column":7}},{"start":{},"end":{}}],"line":71},"11":{"loc":{"start":{"line":87,"column":4},"end":{"line":94,"column":5}},"type":"if","locations":[{"start":{"line":87,"column":4},"end":{"line":94,"column":5}},{"start":{},"end":{}}],"line":87},"12":{"loc":{"start":{"line":101,"column":4},"end":{"line":103,"column":5}},"type":"if","locations":[{"start":{"line":101,"column":4},"end":{"line":103,"column":5}},{"start":{},"end":{}}],"line":101},"13":{"loc":{"start":{"line":118,"column":4},"end":{"line":122,"column":5}},"type":"if","locations":[{"start":{"line":118,"column":4},"end":{"line":122,"column":5}},{"start":{"line":120,"column":11},"end":{"line":122,"column":5}}],"line":118},"14":{"loc":{"start":{"line":118,"column":8},"end":{"line":118,"column":52}},"type":"binary-expr","locations":[{"start":{"line":118,"column":8},"end":{"line":118,"column":25}},{"start":{"line":118,"column":29},"end":{"line":118,"column":52}}],"line":118},"15":{"loc":{"start":{"line":120,"column":11},"end":{"line":122,"column":5}},"type":"if","locations":[{"start":{"line":120,"column":11},"end":{"line":122,"column":5}},{"start":{},"end":{}}],"line":120},"16":{"loc":{"start":{"line":120,"column":15},"end":{"line":120,"column":102}},"type":"binary-expr","locations":[{"start":{"line":120,"column":15},"end":{"line":120,"column":33}},{"start":{"line":120,"column":37},"end":{"line":120,"column":52}},{"start":{"line":120,"column":57},"end":{"line":120,"column":101}}],"line":120},"17":{"loc":{"start":{"line":133,"column":2},"end":{"line":168,"column":3}},"type":"if","locations":[{"start":{"line":133,"column":2},"end":{"line":168,"column":3}},{"start":{},"end":{}}],"line":133},"18":{"loc":{"start":{"line":134,"column":4},"end":{"line":137,"column":5}},"type":"if","locations":[{"start":{"line":134,"column":4},"end":{"line":137,"column":5}},{"start":{},"end":{}}],"line":134},"19":{"loc":{"start":{"line":139,"column":19},"end":{"line":139,"column":77}},"type":"binary-expr","locations":[{"start":{"line":139,"column":19},"end":{"line":139,"column":42}},{"start":{"line":139,"column":46},"end":{"line":139,"column":77}}],"line":139},"20":{"loc":{"start":{"line":141,"column":4},"end":{"line":148,"column":5}},"type":"if","locations":[{"start":{"line":141,"column":4},"end":{"line":148,"column":5}},{"start":{},"end":{}}],"line":141},"21":{"loc":{"start":{"line":141,"column":8},"end":{"line":141,"column":58}},"type":"binary-expr","locations":[{"start":{"line":141,"column":8},"end":{"line":141,"column":28}},{"start":{"line":141,"column":32},"end":{"line":141,"column":58}}],"line":141},"22":{"loc":{"start":{"line":153,"column":4},"end":{"line":161,"column":5}},"type":"if","locations":[{"start":{"line":153,"column":4},"end":{"line":161,"column":5}},{"start":{},"end":{}}],"line":153},"23":{"loc":{"start":{"line":170,"column":2},"end":{"line":212,"column":3}},"type":"if","locations":[{"start":{"line":170,"column":2},"end":{"line":212,"column":3}},{"start":{"line":174,"column":9},"end":{"line":212,"column":3}}],"line":170},"24":{"loc":{"start":{"line":177,"column":15},"end":{"line":177,"column":80}},"type":"cond-expr","locations":[{"start":{"line":177,"column":26},"end":{"line":177,"column":46}},{"start":{"line":177,"column":49},"end":{"line":177,"column":80}}],"line":177},"25":{"loc":{"start":{"line":180,"column":4},"end":{"line":187,"column":5}},"type":"if","locations":[{"start":{"line":180,"column":4},"end":{"line":187,"column":5}},{"start":{},"end":{}}],"line":180},"26":{"loc":{"start":{"line":180,"column":8},"end":{"line":180,"column":58}},"type":"binary-expr","locations":[{"start":{"line":180,"column":8},"end":{"line":180,"column":28}},{"start":{"line":180,"column":32},"end":{"line":180,"column":58}}],"line":180},"27":{"loc":{"start":{"line":194,"column":4},"end":{"line":203,"column":5}},"type":"if","locations":[{"start":{"line":194,"column":4},"end":{"line":203,"column":5}},{"start":{},"end":{}}],"line":194},"28":{"loc":{"start":{"line":217,"column":21},"end":{"line":217,"column":70}},"type":"binary-expr","locations":[{"start":{"line":217,"column":21},"end":{"line":217,"column":35}},{"start":{"line":217,"column":39},"end":{"line":217,"column":60}},{"start":{"line":217,"column":64},"end":{"line":217,"column":70}}],"line":217},"29":{"loc":{"start":{"line":218,"column":2},"end":{"line":218,"column":33}},"type":"if","locations":[{"start":{"line":218,"column":2},"end":{"line":218,"column":33}},{"start":{},"end":{}}],"line":218},"30":{"loc":{"start":{"line":224,"column":2},"end":{"line":235,"column":3}},"type":"if","locations":[{"start":{"line":224,"column":2},"end":{"line":235,"column":3}},{"start":{},"end":{}}],"line":224},"31":{"loc":{"start":{"line":226,"column":4},"end":{"line":233,"column":5}},"type":"if","locations":[{"start":{"line":226,"column":4},"end":{"line":233,"column":5}},{"start":{},"end":{}}],"line":226},"32":{"loc":{"start":{"line":226,"column":8},"end":{"line":226,"column":70}},"type":"binary-expr","locations":[{"start":{"line":226,"column":8},"end":{"line":226,"column":16}},{"start":{"line":226,"column":20},"end":{"line":226,"column":40}},{"start":{"line":226,"column":44},"end":{"line":226,"column":70}}],"line":226},"33":{"loc":{"start":{"line":239,"column":2},"end":{"line":249,"column":3}},"type":"if","locations":[{"start":{"line":239,"column":2},"end":{"line":249,"column":3}},{"start":{},"end":{}}],"line":239},"34":{"loc":{"start":{"line":241,"column":4},"end":{"line":248,"column":5}},"type":"if","locations":[{"start":{"line":241,"column":4},"end":{"line":248,"column":5}},{"start":{},"end":{}}],"line":241},"35":{"loc":{"start":{"line":241,"column":8},"end":{"line":241,"column":58}},"type":"binary-expr","locations":[{"start":{"line":241,"column":8},"end":{"line":241,"column":28}},{"start":{"line":241,"column":32},"end":{"line":241,"column":58}}],"line":241},"36":{"loc":{"start":{"line":257,"column":4},"end":{"line":262,"column":5}},"type":"if","locations":[{"start":{"line":257,"column":4},"end":{"line":262,"column":5}},{"start":{},"end":{}}],"line":257},"37":{"loc":{"start":{"line":264,"column":4},"end":{"line":271,"column":5}},"type":"if","locations":[{"start":{"line":264,"column":4},"end":{"line":271,"column":5}},{"start":{"line":266,"column":11},"end":{"line":271,"column":5}}],"line":264}},"s":{"0":12,"1":12,"2":12,"3":12,"4":5,"5":5,"6":5,"7":5,"8":5,"9":0,"10":5,"11":5,"12":5,"13":5,"14":5,"15":5,"16":5,"17":0,"18":0,"19":0,"20":0,"21":0,"22":5,"23":5,"24":0,"25":0,"26":0,"27":5,"28":0,"29":5,"30":5,"31":0,"32":0,"33":0,"34":5,"35":5,"36":5,"37":5,"38":5,"39":5,"40":0,"41":5,"42":5,"43":0,"44":0,"45":0,"46":12,"47":12,"48":0,"49":0,"50":0,"51":0,"52":0,"53":0,"54":12,"55":5,"56":5,"57":5,"58":5,"59":0,"60":0,"61":0,"62":0,"63":0,"64":0,"65":0,"66":0,"67":0,"68":0,"69":0,"70":0,"71":0,"72":0,"73":0,"74":5,"75":2,"76":2,"77":3,"78":3,"79":3,"80":0,"81":0,"82":3,"83":3,"84":3,"85":0,"86":0,"87":0,"88":3,"89":3,"90":12,"91":7,"92":7,"93":0,"94":7,"95":7,"96":7,"97":7,"98":0,"99":0,"100":0,"101":0,"102":0,"103":7,"104":7,"105":3,"106":3,"107":2,"108":2,"109":5,"110":12,"111":0,"112":0,"113":0,"114":0,"115":0,"116":0},"f":{"0":12,"1":5,"2":0,"3":5,"4":7,"5":0,"6":0},"b":{"0":[5,5],"1":[5,0],"2":[0,5],"3":[5,0],"4":[0,5],"5":[0,5],"6":[0,0],"7":[0,5],"8":[0,5],"9":[5,5],"10":[0,0],"11":[5,0],"12":[0,0],"13":[0,0],"14":[0,0],"15":[0,0],"16":[0,0,0],"17":[0,5],"18":[0,0],"19":[0,0],"20":[0,0],"21":[0,0],"22":[0,0],"23":[2,3],"24":[1,2],"25":[0,3],"26":[3,0],"27":[0,3],"28":[7,2,0],"29":[0,7],"30":[0,7],"31":[0,0],"32":[0,0,0],"33":[3,4],"34":[2,1],"35":[3,2],"36":[0,0],"37":[0,0]},"inputSourceMap":null,"_coverageSchema":"1a1c01bbd47fc00a2c39e90264f33305004495a9","hash":"f9cbf06808bc789e0ef73a79eace438bc6a4dfe3"}
,"/Users/iskandermac/Downloads/project 6/backend/middleware/cache.js": {"path":"/Users/iskandermac/Downloads/project 6/backend/middleware/cache.js","statementMap":{"0":{"start":{"line":5,"column":31},"end":{"line":58,"column":1}},"1":{"start":{"line":5,"column":51},"end":{"line":58,"column":1}},"2":{"start":{"line":7,"column":4},"end":{"line":9,"column":5}},"3":{"start":{"line":8,"column":8},"end":{"line":8,"column":22}},"4":{"start":{"line":12,"column":4},"end":{"line":14,"column":5}},"5":{"start":{"line":13,"column":8},"end":{"line":13,"column":22}},"6":{"start":{"line":18,"column":4},"end":{"line":20,"column":5}},"7":{"start":{"line":19,"column":8},"end":{"line":19,"column":22}},"8":{"start":{"line":22,"column":19},"end":{"line":22,"column":41}},"9":{"start":{"line":24,"column":4},"end":{"line":26,"column":5}},"10":{"start":{"line":25,"column":8},"end":{"line":25,"column":22}},"11":{"start":{"line":28,"column":16},"end":{"line":28,"column":53}},"12":{"start":{"line":30,"column":4},"end":{"line":57,"column":5}},"13":{"start":{"line":31,"column":27},"end":{"line":31,"column":48}},"14":{"start":{"line":32,"column":8},"end":{"line":36,"column":9}},"15":{"start":{"line":33,"column":25},"end":{"line":33,"column":47}},"16":{"start":{"line":35,"column":12},"end":{"line":35,"column":34}},"17":{"start":{"line":39,"column":29},"end":{"line":39,"column":37}},"18":{"start":{"line":40,"column":8},"end":{"line":51,"column":10}},"19":{"start":{"line":42,"column":12},"end":{"line":47,"column":13}},"20":{"start":{"line":44,"column":16},"end":{"line":46,"column":73}},"21":{"start":{"line":46,"column":32},"end":{"line":46,"column":71}},"22":{"start":{"line":50,"column":12},"end":{"line":50,"column":49}},"23":{"start":{"line":53,"column":8},"end":{"line":53,"column":15}},"24":{"start":{"line":55,"column":8},"end":{"line":55,"column":55}},"25":{"start":{"line":56,"column":8},"end":{"line":56,"column":15}},"26":{"start":{"line":61,"column":31},"end":{"line":72,"column":1}},"27":{"start":{"line":62,"column":4},"end":{"line":71,"column":5}},"28":{"start":{"line":63,"column":23},"end":{"line":63,"column":45}},"29":{"start":{"line":64,"column":8},"end":{"line":64,"column":46}},"30":{"start":{"line":64,"column":39},"end":{"line":64,"column":46}},"31":{"start":{"line":66,"column":8},"end":{"line":68,"column":9}},"32":{"start":{"line":67,"column":12},"end":{"line":67,"column":34}},"33":{"start":{"line":70,"column":8},"end":{"line":70,"column":57}},"34":{"start":{"line":76,"column":38},"end":{"line":99,"column":1}},"35":{"start":{"line":77,"column":4},"end":{"line":98,"column":5}},"36":{"start":{"line":78,"column":23},"end":{"line":78,"column":45}},"37":{"start":{"line":79,"column":8},"end":{"line":79,"column":46}},"38":{"start":{"line":79,"column":39},"end":{"line":79,"column":46}},"39":{"start":{"line":81,"column":29},"end":{"line":81,"column":31}},"40":{"start":{"line":82,"column":21},"end":{"line":82,"column":22}},"41":{"start":{"line":84,"column":8},"end":{"line":90,"column":31}},"42":{"start":{"line":85,"column":27},"end":{"line":85,"column":84}},"43":{"start":{"line":86,"column":12},"end":{"line":86,"column":35}},"44":{"start":{"line":87,"column":12},"end":{"line":89,"column":13}},"45":{"start":{"line":88,"column":16},"end":{"line":88,"column":50}},"46":{"start":{"line":92,"column":8},"end":{"line":95,"column":9}},"47":{"start":{"line":93,"column":12},"end":{"line":93,"column":43}},"48":{"start":{"line":94,"column":12},"end":{"line":94,"column":103}},"49":{"start":{"line":97,"column":8},"end":{"line":97,"column":65}}},"fnMap":{"0":{"name":"(anonymous_0)","decl":{"start":{"line":5,"column":31},"end":{"line":5,"column":32}},"loc":{"start":{"line":5,"column":51},"end":{"line":58,"column":1}},"line":5},"1":{"name":"(anonymous_1)","decl":{"start":{"line":5,"column":51},"end":{"line":5,"column":52}},"loc":{"start":{"line":5,"column":77},"end":{"line":58,"column":1}},"line":5},"2":{"name":"(anonymous_2)","decl":{"start":{"line":40,"column":19},"end":{"line":40,"column":20}},"loc":{"start":{"line":40,"column":35},"end":{"line":51,"column":9}},"line":40},"3":{"name":"(anonymous_3)","decl":{"start":{"line":46,"column":25},"end":{"line":46,"column":26}},"loc":{"start":{"line":46,"column":32},"end":{"line":46,"column":71}},"line":46},"4":{"name":"(anonymous_4)","decl":{"start":{"line":61,"column":31},"end":{"line":61,"column":32}},"loc":{"start":{"line":61,"column":52},"end":{"line":72,"column":1}},"line":61},"5":{"name":"(anonymous_5)","decl":{"start":{"line":76,"column":38},"end":{"line":76,"column":39}},"loc":{"start":{"line":76,"column":57},"end":{"line":99,"column":1}},"line":76}},"branchMap":{"0":{"loc":{"start":{"line":5,"column":32},"end":{"line":5,"column":46}},"type":"default-arg","locations":[{"start":{"line":5,"column":43},"end":{"line":5,"column":46}}],"line":5},"1":{"loc":{"start":{"line":7,"column":4},"end":{"line":9,"column":5}},"type":"if","locations":[{"start":{"line":7,"column":4},"end":{"line":9,"column":5}},{"start":{},"end":{}}],"line":7},"2":{"loc":{"start":{"line":12,"column":4},"end":{"line":14,"column":5}},"type":"if","locations":[{"start":{"line":12,"column":4},"end":{"line":14,"column":5}},{"start":{},"end":{}}],"line":12},"3":{"loc":{"start":{"line":18,"column":4},"end":{"line":20,"column":5}},"type":"if","locations":[{"start":{"line":18,"column":4},"end":{"line":20,"column":5}},{"start":{},"end":{}}],"line":18},"4":{"loc":{"start":{"line":18,"column":8},"end":{"line":18,"column":65}},"type":"binary-expr","locations":[{"start":{"line":18,"column":8},"end":{"line":18,"column":36}},{"start":{"line":18,"column":40},"end":{"line":18,"column":65}}],"line":18},"5":{"loc":{"start":{"line":24,"column":4},"end":{"line":26,"column":5}},"type":"if","locations":[{"start":{"line":24,"column":4},"end":{"line":26,"column":5}},{"start":{},"end":{}}],"line":24},"6":{"loc":{"start":{"line":24,"column":8},"end":{"line":24,"column":33}},"type":"binary-expr","locations":[{"start":{"line":24,"column":8},"end":{"line":24,"column":15}},{"start":{"line":24,"column":19},"end":{"line":24,"column":33}}],"line":24},"7":{"loc":{"start":{"line":28,"column":25},"end":{"line":28,"column":51}},"type":"binary-expr","locations":[{"start":{"line":28,"column":25},"end":{"line":28,"column":40}},{"start":{"line":28,"column":44},"end":{"line":28,"column":51}}],"line":28},"8":{"loc":{"start":{"line":32,"column":8},"end":{"line":36,"column":9}},"type":"if","locations":[{"start":{"line":32,"column":8},"end":{"line":36,"column":9}},{"start":{},"end":{}}],"line":32},"9":{"loc":{"start":{"line":42,"column":12},"end":{"line":47,"column":13}},"type":"if","locations":[{"start":{"line":42,"column":12},"end":{"line":47,"column":13}},{"start":{},"end":{}}],"line":42},"10":{"loc":{"start":{"line":42,"column":16},"end":{"line":42,"column":61}},"type":"binary-expr","locations":[{"start":{"line":42,"column":16},"end":{"line":42,"column":37}},{"start":{"line":42,"column":41},"end":{"line":42,"column":61}}],"line":42},"11":{"loc":{"start":{"line":61,"column":38},"end":{"line":61,"column":47}},"type":"default-arg","locations":[{"start":{"line":61,"column":45},"end":{"line":61,"column":47}}],"line":61},"12":{"loc":{"start":{"line":64,"column":8},"end":{"line":64,"column":46}},"type":"if","locations":[{"start":{"line":64,"column":8},"end":{"line":64,"column":46}},{"start":{},"end":{}}],"line":64},"13":{"loc":{"start":{"line":64,"column":12},"end":{"line":64,"column":37}},"type":"binary-expr","locations":[{"start":{"line":64,"column":12},"end":{"line":64,"column":19}},{"start":{"line":64,"column":23},"end":{"line":64,"column":37}}],"line":64},"14":{"loc":{"start":{"line":79,"column":8},"end":{"line":79,"column":46}},"type":"if","locations":[{"start":{"line":79,"column":8},"end":{"line":79,"column":46}},{"start":{},"end":{}}],"line":79},"15":{"loc":{"start":{"line":79,"column":12},"end":{"line":79,"column":37}},"type":"binary-expr","locations":[{"start":{"line":79,"column":12},"end":{"line":79,"column":19}},{"start":{"line":79,"column":23},"end":{"line":79,"column":37}}],"line":79},"16":{"loc":{"start":{"line":87,"column":12},"end":{"line":89,"column":13}},"type":"if","locations":[{"start":{"line":87,"column":12},"end":{"line":89,"column":13}},{"start":{},"end":{}}],"line":87},"17":{"loc":{"start":{"line":92,"column":8},"end":{"line":95,"column":9}},"type":"if","locations":[{"start":{"line":92,"column":8},"end":{"line":95,"column":9}},{"start":{},"end":{}}],"line":92}},"s":{"0":6,"1":23,"2":0,"3":0,"4":0,"5":0,"6":0,"7":0,"8":0,"9":0,"10":0,"11":0,"12":0,"13":0,"14":0,"15":0,"16":0,"17":0,"18":0,"19":0,"20":0,"21":0,"22":0,"23":0,"24":0,"25":0,"26":6,"27":0,"28":0,"29":0,"30":0,"31":0,"32":0,"33":0,"34":6,"35":1,"36":1,"37":1,"38":1,"39":0,"40":0,"41":0,"42":0,"43":0,"44":0,"45":0,"46":0,"47":0,"48":0,"49":0},"f":{"0":23,"1":0,"2":0,"3":0,"4":0,"5":1},"b":{"0":[0],"1":[0,0],"2":[0,0],"3":[0,0],"4":[0,0],"5":[0,0],"6":[0,0],"7":[0,0],"8":[0,0],"9":[0,0],"10":[0,0],"11":[0],"12":[0,0],"13":[0,0],"14":[1,0],"15":[1,0],"16":[0,0],"17":[0,0]},"inputSourceMap":null,"_coverageSchema":"1a1c01bbd47fc00a2c39e90264f33305004495a9","hash":"2ca85d94f27d241a5f82921817e920cd016c58aa"}
,"/Users/iskandermac/Downloads/project 6/backend/middleware/envValidator.js": {"path":"/Users/iskandermac/Downloads/project 6/backend/middleware/envValidator.js","statementMap":{"0":{"start":{"line":3,"column":26},"end":{"line":8,"column":1}},"1":{"start":{"line":11,"column":29},"end":{"line":15,"column":1}},"2":{"start":{"line":18,"column":35},"end":{"line":89,"column":1}},"3":{"start":{"line":19,"column":18},"end":{"line":19,"column":20}},"4":{"start":{"line":20,"column":19},"end":{"line":20,"column":21}},"5":{"start":{"line":23,"column":2},"end":{"line":29,"column":3}},"6":{"start":{"line":24,"column":4},"end":{"line":28,"column":5}},"7":{"start":{"line":25,"column":6},"end":{"line":27,"column":7}},"8":{"start":{"line":26,"column":8},"end":{"line":26,"column":30}},"9":{"start":{"line":32,"column":2},"end":{"line":36,"column":3}},"10":{"start":{"line":33,"column":4},"end":{"line":35,"column":5}},"11":{"start":{"line":34,"column":6},"end":{"line":34,"column":29}},"12":{"start":{"line":39,"column":2},"end":{"line":44,"column":3}},"13":{"start":{"line":40,"column":4},"end":{"line":40,"column":73}},"14":{"start":{"line":41,"column":4},"end":{"line":41,"column":53}},"15":{"start":{"line":41,"column":25},"end":{"line":41,"column":51}},"16":{"start":{"line":42,"column":4},"end":{"line":42,"column":96}},"17":{"start":{"line":43,"column":4},"end":{"line":43,"column":20}},"18":{"start":{"line":48,"column":2},"end":{"line":52,"column":3}},"19":{"start":{"line":49,"column":4},"end":{"line":49,"column":76}},"20":{"start":{"line":50,"column":4},"end":{"line":50,"column":53}},"21":{"start":{"line":50,"column":26},"end":{"line":50,"column":51}},"22":{"start":{"line":51,"column":4},"end":{"line":51,"column":107}},"23":{"start":{"line":54,"column":2},"end":{"line":57,"column":3}},"24":{"start":{"line":55,"column":4},"end":{"line":55,"column":72}},"25":{"start":{"line":56,"column":4},"end":{"line":56,"column":20}},"26":{"start":{"line":60,"column":20},"end":{"line":60,"column":57}},"27":{"start":{"line":61,"column":2},"end":{"line":63,"column":3}},"28":{"start":{"line":62,"column":4},"end":{"line":62,"column":121}},"29":{"start":{"line":66,"column":2},"end":{"line":69,"column":3}},"30":{"start":{"line":67,"column":4},"end":{"line":67,"column":75}},"31":{"start":{"line":68,"column":4},"end":{"line":68,"column":20}},"32":{"start":{"line":72,"column":2},"end":{"line":75,"column":3}},"33":{"start":{"line":73,"column":4},"end":{"line":73,"column":75}},"34":{"start":{"line":74,"column":4},"end":{"line":74,"column":20}},"35":{"start":{"line":78,"column":2},"end":{"line":86,"column":3}},"36":{"start":{"line":79,"column":26},"end":{"line":79,"column":101}},"37":{"start":{"line":80,"column":4},"end":{"line":85,"column":5}},"38":{"start":{"line":81,"column":6},"end":{"line":84,"column":7}},"39":{"start":{"line":81,"column":59},"end":{"line":81,"column":92}},"40":{"start":{"line":82,"column":8},"end":{"line":82,"column":142}},"41":{"start":{"line":83,"column":8},"end":{"line":83,"column":24}},"42":{"start":{"line":88,"column":2},"end":{"line":88,"column":49}},"43":{"start":{"line":90,"column":42},"end":{"line":114,"column":1}},"44":{"start":{"line":91,"column":2},"end":{"line":113,"column":3}},"45":{"start":{"line":92,"column":27},"end":{"line":92,"column":29}},"46":{"start":{"line":95,"column":4},"end":{"line":97,"column":5}},"47":{"start":{"line":96,"column":6},"end":{"line":96,"column":78}},"48":{"start":{"line":101,"column":4},"end":{"line":101,"column":85}},"49":{"start":{"line":103,"column":4},"end":{"line":112,"column":5}},"50":{"start":{"line":104,"column":6},"end":{"line":104,"column":56}},"51":{"start":{"line":105,"column":6},"end":{"line":105,"column":70}},"52":{"start":{"line":105,"column":38},"end":{"line":105,"column":68}},"53":{"start":{"line":106,"column":6},"end":{"line":106,"column":92}},"54":{"start":{"line":109,"column":6},"end":{"line":111,"column":7}},"55":{"start":{"line":110,"column":8},"end":{"line":110,"column":24}},"56":{"start":{"line":117,"column":39},"end":{"line":125,"column":1}},"57":{"start":{"line":118,"column":2},"end":{"line":123,"column":3}},"58":{"start":{"line":119,"column":4},"end":{"line":122,"column":7}},"59":{"start":{"line":124,"column":2},"end":{"line":124,"column":9}}},"fnMap":{"0":{"name":"(anonymous_0)","decl":{"start":{"line":18,"col
[...]
d":{"line":55,"column":1}},"line":51}},"branchMap":{"0":{"loc":{"start":{"line":9,"column":34},"end":{"line":9,"column":46}},"type":"default-arg","locations":[{"start":{"line":9,"column":44},"end":{"line":9,"column":46}}],"line":9},"1":{"loc":{"start":{"line":12,"column":4},"end":{"line":12,"column":72}},"type":"if","locations":[{"start":{"line":12,"column":4},"end":{"line":12,"column":72}},{"start":{},"end":{}}],"line":12},"2":{"loc":{"start":{"line":12,"column":8},"end":{"line":12,"column":61}},"type":"binary-expr","locations":[{"start":{"line":12,"column":8},"end":{"line":12,"column":27}},{"start":{"line":12,"column":31},"end":{"line":12,"column":45}},{"start":{"line":12,"column":49},"end":{"line":12,"column":61}}],"line":12},"3":{"loc":{"start":{"line":13,"column":4},"end":{"line":18,"column":5}},"type":"if","locations":[{"start":{"line":13,"column":4},"end":{"line":18,"column":5}},{"start":{},"end":{}}],"line":13},"4":{"loc":{"start":{"line":14,"column":6},"end":{"line":14,"column":34}},"type":"if","locations":[{"start":{"line":14,"column":6},"end":{"line":14,"column":34}},{"start":{},"end":{}}],"line":14},"5":{"loc":{"start":{"line":19,"column":4},"end":{"line":22,"column":5}},"type":"if","locations":[{"start":{"line":19,"column":4},"end":{"line":22,"column":5}},{"start":{},"end":{}}],"line":19},"6":{"loc":{"start":{"line":19,"column":8},"end":{"line":19,"column":63}},"type":"binary-expr","locations":[{"start":{"line":19,"column":8},"end":{"line":19,"column":34}},{"start":{"line":19,"column":38},"end":{"line":19,"column":63}}],"line":19},"7":{"loc":{"start":{"line":25,"column":9},"end":{"line":25,"column":55}},"type":"cond-expr","locations":[{"start":{"line":25,"column":24},"end":{"line":25,"column":43}},{"start":{"line":25,"column":46},"end":{"line":25,"column":55}}],"line":25},"8":{"loc":{"start":{"line":28,"column":52},"end":{"line":28,"column":95}},"type":"default-arg","locations":[{"start":{"line":28,"column":93},"end":{"line":28,"column":95}}],"line":28},"9":{"loc":{"start":{"line":28,"column":54},"end":{"line":28,"column":62}},"type":"default-arg","locations":[{"start":{"line":28,"column":61},"end":{"line":28,"column":62}}],"line":28},"10":{"loc":{"start":{"line":28,"column":64},"end":{"line":28,"column":74}},"type":"default-arg","locations":[{"start":{"line":28,"column":72},"end":{"line":28,"column":74}}],"line":28},"11":{"loc":{"start":{"line":28,"column":76},"end":{"line":28,"column":88}},"type":"default-arg","locations":[{"start":{"line":28,"column":86},"end":{"line":28,"column":88}}],"line":28},"12":{"loc":{"start":{"line":29,"column":2},"end":{"line":29,"column":37}},"type":"if","locations":[{"start":{"line":29,"column":2},"end":{"line":29,"column":37}},{"start":{},"end":{}}],"line":29},"13":{"loc":{"start":{"line":51,"column":33},"end":{"line":51,"column":46}},"type":"default-arg","locations":[{"start":{"line":51,"column":45},"end":{"line":51,"column":46}}],"line":51},"14":{"loc":{"start":{"line":52,"column":2},"end":{"line":52,"column":71}},"type":"if","locations":[{"start":{"line":52,"column":2},"end":{"line":52,"column":71}},{"start":{},"end":{}}],"line":52},"15":{"loc":{"start":{"line":53,"column":2},"end":{"line":53,"column":69}},"type":"if","locations":[{"start":{"line":53,"column":2},"end":{"line":53,"column":69}},{"start":{},"end":{}}],"line":53}},"s":{"0":0,"1":0,"2":0,"3":0,"4":0,"5":0,"6":0,"7":0,"8":0,"9":0,"10":0,"11":0,"12":0,"13":0,"14":0,"15":0,"16":0,"17":0,"18":0,"19":0,"20":0,"21":0,"22":0,"23":0,"24":0,"25":0,"26":1,"27":1,"28":1,"29":1,"30":1,"31":1,"32":0,"33":0,"34":0},"f":{"0":0,"1":0,"2":0,"3":0,"4":1,"5":1,"6":1,"7":1},"b":{"0":[0],"1":[0,0],"2":[0,0,0],"3":[0,0],"4":[0,0],"5":[0,0],"6":[0,0],"7":[0,0],"8":[0],"9":[0],"10":[0],"11":[0],"12":[0,0],"13":[0],"14":[1,0],"15":[0,0]},"inputSourceMap":null,"_coverageSchema":"1a1c01bbd47fc00a2c39e90264f33305004495a9","hash":"8362037ea034511b1a518942004f850ed21f060c"}
,"/Users/iskandermac/Downloads/project 6/backend/utils/asyncHandler.js": {"path":"/Users/iskandermac/Downloads/project 6/backend/utils/asyncHandler.js","statementMap":{"0":{"start":{"line":1,"column":28},"end":{"line":2,"column":54}},"1":{"start":{"line":1,"column":41},"end":{"line":2,"column":54}},"2":{"start":{"line":2,"column":2},"end":{"line":2,"column":54}}},"fnMap":{"0":{"name":"(anonymous_0)","decl":{"start":{"line":1,"column":28},"end":{"line":1,"column":29}},"loc":{"start":{"line":1,"column":41},"end":{"line":2,"column":54}},"line":1},"1":{"name":"(anonymous_1)","decl":{"start":{"line":1,"column":41},"end":{"line":1,"column":42}},"loc":{"start":{"line":2,"column":2},"end":{"line":2,"column":54}},"line":2}},"branchMap":{},"s":{"0":18,"1":1051,"2":68},"f":{"0":1051,"1":68},"b":{},"inputSourceMap":null,"_coverageSchema":"1a1c01bbd47fc00a2c39e90264f33305004495a9","hash":"5f5836ea2f2d6fc3212f1d8156a7394ab13405f7"}
,"/Users/iskandermac/Downloads/project 6/backend/utils/errors.js": {"path":"/Users/iskandermac/Downloads/project 6/backend/utils/errors.js","statementMap":{"0":{"start":{"line":3,"column":4},"end":{"line":3,"column":19}},"1":{"start":{"line":4,"column":4},"end":{"line":4,"column":38}},"2":{"start":{"line":5,"column":4},"end":{"line":5,"column":33}},"3":{"start":{"line":6,"column":4},"end":{"line":6,"column":21}},"4":{"start":{"line":7,"column":4},"end":{"line":7,"column":27}},"5":{"start":{"line":8,"column":4},"end":{"line":8,"column":25}},"6":{"start":{"line":9,"column":4},"end":{"line":9,"column":52}},"7":{"start":{"line":15,"column":4},"end":{"line":15,"column":54}},"8":{"start":{"line":21,"column":4},"end":{"line":21,"column":55}},"9":{"start":{"line":27,"column":4},"end":{"line":27,"column":52}},"10":{"start":{"line":33,"column":4},"end":{"line":33,"column":52}},"11":{"start":{"line":39,"column":4},"end":{"line":39,"column":51}},"12":{"start":{"line":45,"column":4},"end":{"line":45,"column":63}},"13":{"start":{"line":51,"column":4},"end":{"line":51,"column":60}}},"fnMap":{"0":{"name":"(anonymous_0)","decl":{"start":{"line":2,"column":2},"end":{"line":2,"column":3}},"loc":{"start":{"line":2,"column":103},"end":{"line":10,"column":3}},"line":2},"1":{"name":"(anonymous_1)","decl":{"start":{"line":14,"column":2},"end":{"line":14,"column":3}},"loc":{"start":{"line":14,"column":48},"end":{"line":16,"column":3}},"line":14},"2":{"name":"(anonymous_2)","decl":{"start":{"line":20,"column":2},"end":{"line":20,"column":3}},"loc":{"start":{"line":20,"column":49},"end":{"line":22,"column":3}},"line":20},"3":{"name":"(anonymous_3)","decl":{"start":{"line":26,"column":2},"end":{"line":26,"column":3}},"loc":{"start":{"line":26,"column":46},"end":{"line":28,"column":3}},"line":26},"4":{"name":"(anonymous_4)","decl":{"start":{"line":32,"column":2},"end":{"line":32,"column":3}},"loc":{"start":{"line":32,"column":55},"end":{"line":34,"column":3}},"line":32},"5":{"name":"(anonymous_5)","decl":{"start":{"line":38,"column":2},"end":{"line":38,"column":3}},"loc":{"start":{"line":38,"column":45},"end":{"line":40,"column":3}},"line":38},"6":{"name":"(anonymous_6)","decl":{"start":{"line":44,"column":2},"end":{"line":44,"column":3}},"loc":{"start":{"line":44,"column":57},"end":{"line":46,"column":3}},"line":44},"7":{"name":"(anonymous_7)","decl":{"start":{"line":50,"column":2},"end":{"line":50,"column":3}},"loc":{"start":{"line":50,"column":54},"end":{"line":52,"column":3}},"line":50}},"branchMap":{"0":{"loc":{"start":{"line":2,"column":23},"end":{"line":2,"column":39}},"type":"default-arg","locations":[{"start":{"line":2,"column":36},"end":{"line":2,"column":39}}],"line":2},"1":{"loc":{"start":{"line":2,"column":41},"end":{"line":2,"column":64}},"type":"default-arg","locations":[{"start":{"line":2,"column":48},"end":{"line":2,"column":64}}],"line":2},"2":{"loc":{"start":{"line":2,"column":66},"end":{"line":2,"column":85}},"type":"default-arg","locations":[{"start":{"line":2,"column":76},"end":{"line":2,"column":85}}],"line":2},"3":{"loc":{"start":{"line":2,"column":87},"end":{"line":2,"column":101}},"type":"default-arg","locations":[{"start":{"line":2,"column":96},"end":{"line":2,"column":101}}],"line":2},"4":{"loc":{"start":{"line":14,"column":14},"end":{"line":14,"column":37}},"type":"default-arg","locations":[{"start":{"line":14,"column":24},"end":{"line":14,"column":37}}],"line":14},"5":{"loc":{"start":{"line":20,"column":14},"end":{"line":20,"column":38}},"type":"default-arg","locations":[{"start":{"line":20,"column":24},"end":{"line":20,"column":38}}],"line":20},"6":{"loc":{"start":{"line":26,"column":14},"end":{"line":26,"column":35}},"type":"default-arg","locations":[{"start":{"line":26,"column":24},"end":{"line":26,"column":35}}],"line":26},"7":{"loc":{"start":{"line":32,"column":14},"end":{"line":32,"column":44}},"type":"default-arg","locations":[{"start":{"line":32,"column":24},"end":{"line":32,"column":44}}],"line":32},"8":{"loc":{"start":{"line":38,"column":14},"end":{"line":38,"column":34}},"type":"default-arg","locations":[{"start":{"line":38,"column":24},"end":{"line":38,"column":34}}],"line":38},"9":{"loc":{"start":{"line":44,"column":14},"end":{"line":44,"column":46}},"type":"default-arg","locations":[{"start":{"line":44,"column":24},"end":{"line":44,"column":46}}],"line":44},"10":{"loc":{"start":{"line":50,"column":14},"end":{"line":50,"column":43}},"type":"default-arg","locations":[{"start":{"line":50,"column":24},"end":{"line":50,"column":43}}],"line":50}},"s":{"0":28,"1":28,"2":28,"3":28,"4":28,"5":28,"6":28,"7":3,"8":0,"9":1,"10":2,"11":0,"12":0,"13":0},"f":{"0":28,"1":3,"2":0,"3":1,"4":2,"5":0,"6":0,"7":0},"b":{"0":[0],"1":[1],"2":[28],"3":[22],"4":[0],"5":[0],"6":[0],"7":[0],"8":[0],"9":[0],"10":[0]},"inputSourceMap":null,"_coverageSchema":"1a1c01bbd47fc00a2c39e90264f33305004495a9","hash":"f5f64e94fe69f783edc2a4878c5f2e7e150f2b5d"}
,"/Users/iskandermac/Downloads/project 6/backend/utils/fileValidation.js": {"path":"/Users/iskandermac/Downloads/project 6/backend/utils/fileValidation.js","statementMap":{"0":{"start":{"line":10,"column":37},"end":{"line":29,"column":1}},"1":{"start":{"line":11,"column":4},"end":{"line":28,"column":5}},"2":{"start":{"line":12,"column":21},"end":{"line":12,"column":53}},"3":{"start":{"line":14,"column":8},"end":{"line":16,"column":9}},"4":{"start":{"line":15,"column":12},"end":{"line":15,"column":76}},"5":{"start":{"line":18,"column":24},"end":{"line":18,"column":56}},"6":{"start":{"line":20,"column":8},"end":{"line":24,"column":10}},"7":{"start":{"line":26,"column":8},"end":{"line":26,"column":64}},"8":{"start":{"line":27,"column":8},"end":{"line":27,"column":59}}},"fnMap":{"0":{"name":"(anonymous_0)","decl":{"start":{"line":10,"column":37},"end":{"line":10,"column":38}},"loc":{"start":{"line":10,"column":69},"end":{"line":29,"column":1}},"line":10}},"branchMap":{"0":{"loc":{"start":{"line":14,"column":8},"end":{"line":16,"column":9}},"type":"if","locations":[{"start":{"line":14,"column":8},"end":{"line":16,"column":9}},{"start":{},"end":{}}],"line":14}},"s":{"0":15,"1":4,"2":4,"3":4,"4":1,"5":3,"6":3,"7":0,"8":0},"f":{"0":4},"b":{"0":[1,3]},"inputSourceMap":null,"_coverageSchema":"1a1c01bbd47fc00a2c39e90264f33305004495a9","hash":"471e244f420a23acc7d15c25f08d43c0ca168500"}
,"/Users/iskandermac/Downloads/project 6/backend/utils/phone.js": {"path":"/Users/iskandermac/Downloads/project 6/backend/utils/phone.js","statementMap":{"0":{"start":{"line":1,"column":28},"end":{"line":6,"column":1}},"1":{"start":{"line":8,"column":32},"end":{"line":12,"column":1}},"2":{"start":{"line":9,"column":14},"end":{"line":9,"column":27}},"3":{"start":{"line":10,"column":21},"end":{"line":10,"column":46}},"4":{"start":{"line":11,"column":2},"end":{"line":11,"column":61}},"5":{"start":{"line":14,"column":34},"end":{"line":19,"column":1}},"6":{"start":{"line":15,"column":18},"end":{"line":15,"column":41}},"7":{"start":{"line":17,"column":22},"end":{"line":17,"column":43}},"8":{"start":{"line":18,"column":2},"end":{"line":18,"column":35}},"9":{"start":{"line":21,"column":36},"end":{"line":34,"column":1}},"10":{"start":{"line":22,"column":18},"end":{"line":22,"column":41}},"11":{"start":{"line":24,"column":2},"end":{"line":26,"column":3}},"12":{"start":{"line":25,"column":4},"end":{"line":25,"column":38}},"13":{"start":{"line":27,"column":2},"end":{"line":29,"column":3}},"14":{"start":{"line":28,"column":4},"end":{"line":28,"column":38}},"15":{"start":{"line":30,"column":2},"end":{"line":32,"column":3}},"16":{"start":{"line":31,"column":4},"end":{"line":31,"column":25}},"17":{"start":{"line":33,"column":2},"end":{"line":33,"column":17}}},"fnMap":{"0":{"name":"(anonymous_0)","decl":{"start":{"line":8,"column":32},"end":{"line":8,"column":33}},"loc":{"start":{"line":8,"column":48},"end":{"line":12,"column":1}},"line":8},"1":{"name":"(anonymous_1)","decl":{"start":{"line":14,"column":34},"end":{"line":14,"column":35}},"loc":{"start":{"line":14,"column":45},"end":{"line":19,"column":1}},"line":14},"2":{"name":"(anonymous_2)","decl":{"start":{"line":21,"column":36},"end":{"line":21,"column":37}},"loc":{"start":{"line":21,"column":47},"end":{"line":34,"column":1}},"line":21}},"branchMap":{"0":{"loc":{"start":{"line":8,"column":33},"end":{"line":8,"column":43}},"type":"default-arg","locations":[{"start":{"line":8,"column":41},"end":{"line":8,"column":43}}],"line":8},"1":{"loc":{"start":{"line":11,"column":9},"end":{"line":11,"column":60}},"type":"cond-expr","locations":[{"start":{"line":11,"column":31},"end":{"line":11,"column":47}},{"start":{"line":11,"column":50},"end":{"line":11,"column":60}}],"line":11},"2":{"loc":{"start":{"line":24,"column":2},"end":{"line":26,"column":3}},"type":"if","locations":[{"start":{"line":24,"column":2},"end":{"line":26,"column":3}},{"start":{},"end":{}}],"line":24},"3":{"loc":{"start":{"line":27,"column":2},"end":{"line":29,"column":3}},"type":"if","locations":[{"start":{"line":27,"column":2},"end":{"line":29,"column":3}},{"start":{},"end":{}}],"line":27},"4":{"loc":{"start":{"line":30,"column":2},"end":{"line":32,"column":3}},"type":"if","locations":[{"start":{"line":30,"column":2},"end":{"line":32,"column":3}},{"start":{},"end":{}}],"line":30},"5":{"loc":{"start":{"line":30,"column":6},"end":{"line":30,"column":53}},"type":"binary-expr","locations":[{"start":{"line":30,"column":6},"end":{"line":30,"column":29}},{"start":{"line":30,"column":33},"end":{"line":30,"column":53}}],"line":30}},"s":{"0":13,"1":13,"2":9,"3":9,"4":9,"5":13,"6":3,"7":3,"8":3,"9":13,"10":3,"11":3,"12":0,"13":3,"14":0,"15":3,"16":0,"17":3},"f":{"0":9,"1":3,"2":3},"b":{"0":[0],"1":[0,9],"2":[0,3],"3":[0,3],"4":[0,3],"5":[3,0]},"inputSourceMap":null,"_coverageSchema":"1a1c01bbd47fc00a2c39e90264f33305004495a9","hash":"dc2f9e1c1bfc406ee5f6853d814fb1116080ece6"}
,"/Users/iskandermac/Downloads/project 6/backend/utils/queryFields.js": {"path":"/Users/iskandermac/Downloads/project 6/backend/utils/queryFields.js","statementMap":{"0":{"start":{"line":6,"column":35},"end":{"line":6,"column":151}},"1":{"start":{"line":7,"column":37},"end":{"line":7,"column":70}},"2":{"start":{"line":9,"column":36},"end":{"line":9,"column":121}},"3":{"start":{"line":11,"column":34},"end":{"line":11,"column":181}},"4":{"start":{"line":12,"column":36},"end":{"line":12,"column":122}},"5":{"start":{"line":14,"column":34},"end":{"line":14,"column":108}},"6":{"start":{"line":15,"column":28},"end":{"line":15,"column":57}},"7":{"start":{"line":16,"column":27},"end":{"line":16,"column":65}}},"fnMap":{},"branchMap":{},"s":{"0":16,"1":16,"2":16,"3":16,"4":16,"5":16,"6":16,"7":16},"f":{},"b":{},"inputSourceMap":null,"_coverageSchema":"1a1c01bbd47fc00a2c39e90264f33305004495a9","hash":"dfb510895ac4acdc230aa61a668537a11325e87b"}
,"/Users/iskandermac/Downloads/project 6/backend/utils/searchUtils.js": {"path":"/Users/iskandermac/Downloads/project 6/backend/utils/searchUtils.js","statementMap":{"0":{"start":{"line":15,"column":4},"end":{"line":17,"column":5}},"1":{"start":{"line":16,"column":8},"end":{"line":16,"column":18}},"2":{"start":{"line":20,"column":20},"end":{"line":20,"column":32}},"3":{"start":{"line":23,"column":30},"end":{"line":23,"column":33}},"4":{"start":{"line":24,"column":4},"end":{"line":26,"column":5}},"5":{"start":{"line":25,"column":8},"end":{"line":25,"column":62}},"6":{"start":{"line":29,"column":4},"end":{"line":29,"column":49}},"7":{"start":{"line":33,"column":4},"end":{"line":35,"column":30}},"8":{"start":{"line":40,"column":4},"end":{"line":42,"column":30}},"9":{"start":{"line":49,"column":4},"end":{"line":63,"column":35}},"10":{"start":{"line":65,"column":4},"end":{"line":65,"column":21}},"11":{"start":{"line":76,"column":4},"end":{"line":78,"column":5}},"12":{"start":{"line":77,"column":8},"end":{"line":77,"column":18}},"13":{"start":{"line":81,"column":15},"end":{"line":81,"column":50}},"14":{"start":{"line":85,"column":4},"end":{"line":85,"column":50}},"15":{"start":{"line":89,"column":18},"end":{"line":89,"column":61}},"16":{"start":{"line":89,"column":48},"end":{"line":89,"column":60}},"17":{"start":{"line":91,"column":4},"end":{"line":93,"column":5}},"18":{"start":{"line":92,"column":8},"end":{"line":92,"column":18}},"19":{"start":{"line":96,"column":4},"end":{"line":96,"column":48}},"20":{"start":{"line":96,"column":26},"end":{"line":96,"column":34}},"21":{"start":{"line":106,"column":22},"end":{"line":106,"column":48}},"22":{"start":{"line":107,"column":4},"end":{"line":107,"column":32}}},"fnMap":{"0":{"name":"sanitizeSearchInput","decl":{"start":{"line":14,"column":16},"end":{"line":14,"column":35}},"loc":{"start":{"line":14,"column":43},"end":{"line":66,"column":1}},"line":14},"1":{"name":"buildFtsQuery","decl":{"start":{"line":75,"column":16},"end":{"line":75,"column":29}},"loc":{"start":{"line":75,"column":42},"end":{"line":97,"column":1}},"line":75},"2":{"name":"(anonymous_2)","decl":{"start":{"line":89,"column":43},"end":{"line":89,"column":44}},"loc":{"start":{"line":89,"column":48},"end":{"line":89,"column":60}},"line":89},"3":{"name":"(anonymous_3)","decl":{"start":{"line":96,"column":21},"end":{"line":96,"column":22}},"loc":{"start":{"line":96,"column":26},"end":{"line":96,"column":34}},"line":96},"4":{"name":"isValidSearchTerm","decl":{"start":{"line":105,"column":16},"end":{"line":105,"column":33}},"loc":{"start":{"line":105,"column":41},"end":{"line":108,"column":1}},"line":105}},"branchMap":{"0":{"loc":{"start":{"line":15,"column":4},"end":{"line":17,"column":5}},"type":"if","locations":[{"start":{"line":15,"column":4},"end":{"line":17,"column":5}},{"start":{},"end":{}}],"line":15},"1":{"loc":{"start":{"line":15,"column":8},"end":{"line":15,"column":43}},"type":"binary-expr","locations":[{"start":{"line":15,"column":8},"end":{"line":15,"column":14}},{"start":{"line":15,"column":18},"end":{"line":15,"column":43}}],"line":15},"2":{"loc":{"start":{"line":24,"column":4},"end":{"line":26,"column":5}},"type":"if","locations":[{"start":{"line":24,"column":4},"end":{"line":26,"column":5}},{"start":{},"end":{}}],"line":24},"3":{"loc":{"start":{"line":76,"column":4},"end":{"line":78,"column":5}},"type":"if","locations":[{"start":{"line":76,"column":4},"end":{"line":78,"column":5}},{"start":{},"end":{}}],"line":76},"4":{"loc":{"start":{"line":76,"column":8},"end":{"line":76,"column":53}},"type":"binary-expr","locations":[{"start":{"line":76,"column":8},"end":{"line":76,"column":19}},{"start":{"line":76,"column":23},"end":{"line":76,"column":53}}],"line":76},"5":{"loc":{"start":{"line":91,"column":4},"end":{"line":93,"column":5}},"type":"if","locations":[{"start":{"line":91,"column":4},"end":{"line":93,"column":5}},{"start":{},"end":{}}],"line":91}},"s":{"0":22,"1":5,"2":17,"3":17,"4":17,"5":1,"6":17,"7":17,"8":17,"9":17,"10":17,"11":8,"12":2,"13":6,"14":6,"15":6,"16":11,"17":6,"18":1,"19":5,"20":9,"21":5,"22":5},"f":{"0":22,"1":8,"2":11,"3":9,"4":5},"b":{"0":[5,17],"1":[22,17],"2":[1,16],"3":[2,6],"4":[8,6],"5":[1,5]},"inputSourceMap":null,"_coverageSchema":"1a1c01bbd47fc00a2c39e90264f33305004495a9","hash":"a068418a21354493e56fa0fd33f14f18bcd47acf"}
}
