TN:
SF:server.js
FN:75,(anonymous_0)
FN:121,(anonymous_1)
FN:169,(anonymous_2)
FN:204,(anonymous_3)
FN:216,(anonymous_4)
FNF:5
FNH:3
FNDA:61,(anonymous_0)
FNDA:3,(anonymous_1)
FNDA:0,(anonymous_2)
FNDA:3,(anonymous_3)
FNDA:0,(anonymous_4)
DA:40,13
DA:41,13
DA:42,13
DA:44,13
DA:45,13
DA:47,13
DA:48,13
DA:51,13
DA:54,13
DA:55,13
DA:56,13
DA:59,13
DA:69,13
DA:72,13
DA:75,13
DA:76,61
DA:77,0
DA:79,61
DA:81,13
DA:84,13
DA:87,13
DA:90,13
DA:101,13
DA:102,13
DA:105,13
DA:108,13
DA:109,13
DA:110,13
DA:111,13
DA:114,13
DA:121,13
DA:122,3
DA:135,3
DA:136,3
DA:137,1
DA:138,1
DA:140,2
DA:141,2
DA:145,3
DA:146,0
DA:147,0
DA:148,0
DA:149,0
DA:150,0
DA:152,0
DA:153,0
DA:159,3
DA:166,13
DA:171,0
DA:172,0
DA:174,0
DA:179,13
DA:182,13
DA:185,13
DA:186,13
DA:187,13
DA:188,13
DA:189,13
DA:190,13
DA:191,13
DA:192,13
DA:193,13
DA:195,13
DA:196,13
DA:197,13
DA:198,13
DA:201,13
DA:204,13
DA:205,3
DA:209,13
DA:212,13
DA:215,13
DA:216,0
DA:217,0
DA:218,0
DA:219,0
LF:76
LH:61
BRDA:48,0,0,13
BRDA:48,0,1,0
BRDA:76,1,0,0
BRDA:76,1,1,61
BRDA:126,2,0,3
BRDA:126,2,1,0
BRDA:129,3,0,2
BRDA:129,3,1,1
BRDA:130,4,0,0
BRDA:130,4,1,3
BRDA:137,5,0,1
BRDA:137,5,1,0
BRDA:138,6,0,1
BRDA:138,6,1,0
BRDA:145,7,0,0
BRDA:145,7,1,3
BRDA:149,8,0,0
BRDA:149,8,1,0
BRDA:150,9,0,0
BRDA:150,9,1,0
BRDA:159,10,0,0
BRDA:159,10,1,3
BRDA:192,11,0,13
BRDA:192,11,1,0
BRDA:215,12,0,0
BRDA:215,12,1,13
BRDA:219,13,0,0
BRDA:219,13,1,0
BRF:28
BRH:12
end_of_record
TN:
SF:__tests__/mocks/middlewareMock.js
FN:4,(anonymous_0)
FN:5,(anonymous_1)
FN:6,(anonymous_2)
FN:7,(anonymous_3)
FN:8,(anonymous_4)
FN:9,(anonymous_5)
FN:10,(anonymous_6)
FN:12,(anonymous_7)
FN:17,(anonymous_8)
FN:17,(anonymous_9)
FN:23,(anonymous_10)
FN:27,(anonymous_11)
FN:31,(anonymous_12)
FN:32,(anonymous_13)
FN:33,(anonymous_14)
FN:34,(anonymous_15)
FNF:16
FNH:5
FNDA:27,(anonymous_0)
FNDA:6,(anonymous_1)
FNDA:1,(anonymous_2)
FNDA:0,(anonymous_3)
FNDA:0,(anonymous_4)
FNDA:0,(anonymous_5)
FNDA:6,(anonymous_6)
FNDA:0,(anonymous_7)
FNDA:12,(anonymous_8)
FNDA:0,(anonymous_9)
FNDA:0,(anonymous_10)
FNDA:0,(anonymous_11)
FNDA:0,(anonymous_12)
FNDA:0,(anonymous_13)
FNDA:0,(anonymous_14)
FNDA:0,(anonymous_15)
DA:3,4
DA:4,27
DA:5,6
DA:6,1
DA:7,0
DA:8,0
DA:9,0
DA:10,6
DA:12,0
DA:16,4
DA:17,12
DA:22,4
DA:24,0
DA:25,0
DA:28,0
DA:29,0
DA:31,0
DA:32,0
DA:33,0
DA:34,0
LF:20
LH:8
BRF:0
BRH:0
end_of_record
TN:
SF:__tests__/mocks/redisMock.js
FN:12,(anonymous_0)
FN:13,(anonymous_1)
FNF:2
FNH:0
FNDA:0,(anonymous_0)
FNDA:0,(anonymous_1)
DA:3,4
DA:12,4
DA:13,4
LF:3
LH:3
BRF:0
BRH:0
end_of_record
TN:
SF:__tests__/mocks/supabaseMock.js
FN:3,(anonymous_0)
FN:6,(anonymous_1)
FN:29,(anonymous_2)
FN:30,(anonymous_3)
FN:31,(anonymous_4)
FN:32,(anonymous_5)
FN:37,(anonymous_6)
FN:39,(anonymous_7)
FN:46,(anonymous_8)
FN:55,(anonymous_9)
FN:63,(anonymous_10)
FN:65,(anonymous_11)
FN:70,(anonymous_12)
FN:72,(anonymous_13)
FN:74,(anonymous_14)
FNF:15
FNH:6
FNDA:4,(anonymous_0)
FNDA:0,(anonymous_1)
FNDA:0,(anonymous_2)
FNDA:0,(anonymous_3)
FNDA:0,(anonymous_4)
FNDA:0,(anonymous_5)
FNDA:2,(anonymous_6)
FNDA:0,(anonymous_7)
FNDA:8,(anonymous_8)
FNDA:23,(anonymous_9)
FNDA:368,(anonymous_10)
FNDA:167,(anonymous_11)
FNDA:0,(anonymous_12)
FNDA:0,(anonymous_13)
FNDA:0,(anonymous_14)
DA:3,4
DA:4,4
DA:7,0
DA:8,0
DA:29,0
DA:30,0
DA:31,0
DA:32,0
DA:37,2
DA:39,0
DA:47,8
DA:50,4
DA:53,4
DA:55,4
DA:56,23
DA:59,23
DA:63,23
DA:64,368
DA:65,368
DA:69,23
DA:70,23
DA:71,23
DA:72,23
DA:73,23
DA:74,23
LF:25
LH:18
BRDA:6,0,0,0
BRF:1
BRH:0
end_of_record
TN:
SF:config/gemini.js
FN:25,(anonymous_0)
FNF:1
FNH:1
FNDA:13,(anonymous_0)
DA:4,13
DA:6,13
DA:8,13
DA:9,13
DA:10,13
DA:12,13
DA:13,13
DA:15,0
DA:18,0
DA:25,13
DA:26,13
LF:11
LH:9
BRDA:8,0,0,13
BRDA:8,0,1,0
BRF:2
BRH:1
end_of_record
TN:
SF:config/logger.js
FN:6,(anonymous_0)
FNF:1
FNH:1
FNDA:53,(anonymous_0)
DA:3,23
DA:6,23
DA:7,53
DA:8,53
DA:9,37
DA:11,53
DA:14,23
DA:30,23
DA:31,0
DA:37,0
LF:10
LH:8
BRDA:8,0,0,37
BRDA:8,0,1,16
BRDA:15,1,0,23
BRDA:15,1,1,23
BRDA:22,2,0,0
BRDA:22,2,1,23
BRDA:30,3,0,0
BRDA:30,3,1,23
BRF:8
BRH:6
end_of_record
TN:
SF:config/redis.js
FN:7,(anonymous_0)
FN:18,(anonymous_1)
FN:32,(anonymous_2)
FN:39,(anonymous_3)
FN:58,(anonymous_4)
FN:78,(anonymous_5)
FNF:6
FNH:2
FNDA:0,(anonymous_0)
FNDA:0,(anonymous_1)
FNDA:0,(anonymous_2)
FNDA:0,(anonymous_3)
FNDA:7,(anonymous_4)
FNDA:1,(anonymous_5)
DA:5,4
DA:7,4
DA:8,0
DA:10,0
DA:15,0
DA:20,0
DA:22,0
DA:23,0
DA:24,0
DA:27,0
DA:32,0
DA:33,0
DA:34,0
DA:36,0
DA:39,0
DA:40,0
DA:41,0
DA:44,0
DA:45,0
DA:47,0
DA:48,0
DA:49,0
DA:52,0
DA:56,4
DA:58,4
DA:59,7
DA:60,7
DA:63,0
DA:64,0
DA:65,0
DA:66,0
DA:67,0
DA:69,0
DA:70,0
DA:71,0
DA:75,0
DA:78,4
LF:37
LH:7
BRDA:8,0,0,0
BRDA:8,0,1,0
BRDA:10,1,0,0
BRDA:10,1,1,0
BRDA:22,2,0,0
BRDA:22,2,1,0
BRDA:33,3,0,0
BRDA:33,3,1,0
BRDA:33,4,0,0
BRDA:33,4,1,0
BRDA:56,5,0,4
BRDA:56,5,1,0
BRDA:60,6,0,7
BRDA:60,6,1,0
BRDA:63,7,0,0
BRDA:63,7,1,0
BRDA:75,8,0,0
BRDA:75,8,1,0
BRF:18
BRH:2
end_of_record
TN:
SF:config/security.js
FN:82,(anonymous_0)
FN:88,(anonymous_1)
FN:96,(anonymous_2)
FN:108,(anonymous_3)
FNF:4
FNH:4
FNDA:13,(anonymous_0)
FNDA:39,(anonymous_1)
FNDA:39,(anonymous_2)
FNDA:8,(anonymous_3)
DA:2,14
DA:82,14
DA:83,13
DA:84,13
DA:87,13
DA:88,39
DA:90,0
DA:96,13
DA:97,39
DA:98,39
DA:99,39
DA:101,0
DA:102,0
DA:108,14
DA:109,8
DA:110,8
DA:112,8
DA:113,1
DA:116,8
DA:117,1
DA:120,8
DA:121,0
DA:124,8
DA:125,1
DA:128,8
DA:129,1
DA:132,8
LF:27
LH:23
BRDA:83,0,0,13
BRDA:83,0,1,0
BRDA:87,1,0,13
BRDA:87,1,1,0
BRDA:90,2,0,0
BRDA:90,2,1,0
BRDA:112,3,0,1
BRDA:112,3,1,7
BRDA:116,4,0,1
BRDA:116,4,1,7
BRDA:116,5,0,8
BRDA:116,5,1,8
BRDA:120,6,0,0
BRDA:120,6,1,8
BRDA:120,7,0,8
BRDA:120,7,1,8
BRDA:124,8,0,1
BRDA:124,8,1,7
BRDA:124,9,0,8
BRDA:124,9,1,8
BRDA:128,10,0,1
BRDA:128,10,1,7
BRDA:128,11,0,8
BRDA:128,11,1,8
BRF:24
BRH:19
end_of_record
TN:
SF:config/sentry.js
FN:8,(anonymous_0)
FN:32,(anonymous_1)
FN:38,(anonymous_2)
FN:44,(anonymous_3)
FN:55,(anonymous_4)
FN:64,(anonymous_5)
FN:75,(anonymous_6)
FNF:7
FNH:4
FNDA:13,(anonymous_0)
FNDA:61,(anonymous_1)
FNDA:61,(anonymous_2)
FNDA:0,(anonymous_3)
FNDA:13,(anonymous_4)
FNDA:0,(anonymous_5)
FNDA:0,(anonymous_6)
DA:8,13
DA:9,13
DA:11,13
DA:12,0
DA:13,0
DA:16,13
DA:25,13
DA:32,61
DA:38,61
DA:44,13
DA:45,0
DA:46,0
DA:48,0
DA:55,13
DA:56,13
DA:57,13
DA:64,13
DA:65,0
DA:66,0
DA:68,0
DA:75,13
DA:76,0
DA:77,0
LF:23
LH:13
BRDA:11,0,0,0
BRDA:11,0,1,13
BRDA:18,1,0,13
BRDA:18,1,1,0
BRDA:19,2,0,0
BRDA:19,2,1,13
BRDA:45,3,0,0
BRDA:45,3,1,0
BRDA:56,4,0,13
BRDA:56,4,1,0
BRDA:64,5,0,0
BRDA:65,6,0,0
BRDA:65,6,1,0
BRDA:75,7,0,0
BRDA:76,8,0,0
BRDA:76,8,1,0
BRF:16
BRH:4
end_of_record
TN:
SF:config/supabase.js
FNF:0
FNH:0
DA:3,13
DA:4,13
DA:5,13
DA:7,13
DA:8,0
DA:13,13
DA:20,13
DA:29,13
LF:8
LH:7
BRDA:7,0,0,0
BRDA:7,0,1,13
BRDA:7,1,0,13
BRDA:7,1,1,13
BRDA:7,1,2,13
BRF:5
BRH:4
end_of_record
TN:
SF:config/swagger.js
FN:111,(anonymous_0)
FN:119,(anonymous_1)
FNF:2
FNH:1
FNDA:13,(anonymous_0)
FNDA:0,(anonymous_1)
DA:4,13
DA:105,13
DA:111,13
DA:113,13
DA:119,13
DA:120,0
DA:121,0
DA:124,13
LF:8
LH:6
BRDA:18,0,0,13
BRDA:18,0,1,13
BRF:2
BRH:2
end_of_record
TN:
SF:middleware/auth.js
FN:8,(anonymous_0)
FN:12,(anonymous_1)
FN:115,(anonymous_2)
FN:127,(anonymous_3)
FN:216,(anonymous_4)
FN:255,(anonymous_5)
FN:256,(anonymous_6)
FNF:7
FNH:4
FNDA:12,(anonymous_0)
FNDA:5,(anonymous_1)
FNDA:0,(anonymous_2)
FNDA:5,(anonymous_3)
FNDA:7,(anonymous_4)
FNDA:0,(anonymous_5)
FNDA:0,(anonymous_6)
DA:8,12
DA:9,12
DA:12,12
DA:13,5
DA:14,5
DA:15,5
DA:16,5
DA:18,5
DA:19,0
DA:25,5
DA:26,5
DA:27,5
DA:28,5
DA:31,5
DA:32,5
DA:33,5
DA:34,0
DA:35,0
DA:36,0
DA:37,0
DA:38,0
DA:43,5
DA:45,5
DA:47,0
DA:48,0
DA:50,0
DA:56,5
DA:57,0
DA:64,5
DA:70,5
DA:71,0
DA:72,0
DA:74,0
DA:81,5
DA:82,5
DA:87,5
DA:88,5
DA:89,5
DA:90,5
DA:92,0
DA:97,5
DA:99,5
DA:101,0
DA:102,0
DA:104,0
DA:112,12
DA:115,12
DA:116,0
DA:117,0
DA:118,0
DA:119,0
DA:120,0
DA:121,0
DA:127,12
DA:128,5
DA:129,5
DA:130,5
DA:133,5
DA:134,0
DA:135,0
DA:136,0
DA:139,0
DA:141,0
DA:142,0
DA:143,0
DA:150,0
DA:151,0
DA:153,0
DA:154,0
DA:155,0
DA:156,0
DA:163,0
DA:164,0
DA:170,5
DA:172,2
DA:173,2
DA:176,3
DA:177,3
DA:180,3
DA:181,0
DA:182,0
DA:190,3
DA:191,3
DA:194,3
DA:195,0
DA:197,0
DA:198,0
DA:206,3
DA:208,3
DA:216,12
DA:217,7
DA:218,7
DA:220,7
DA:221,7
DA:222,7
DA:224,7
DA:225,0
DA:226,0
DA:227,0
DA:228,0
DA:234,0
DA:237,7
DA:239,7
DA:240,3
DA:241,3
DA:242,2
DA:243,2
DA:251,5
DA:255,12
DA:256,0
DA:257,0
DA:258,0
DA:264,0
DA:265,0
DA:267,0
LF:115
LH:61
BRDA:14,0,0,5
BRDA:14,0,1,5
BRDA:16,1,0,5
BRDA:16,1,1,0
BRDA:18,2,0,0
BRDA:18,2,1,5
BRDA:31,3,0,5
BRDA:31,3,1,0
BRDA:33,4,0,0
BRDA:33,4,1,5
BRDA:45,5,0,0
BRDA:45,5,1,5
BRDA:47,6,0,0
BRDA:47,6,1,0
BRDA:56,7,0,0
BRDA:56,7,1,5
BRDA:70,8,0,0
BRDA:70,8,1,5
BRDA:70,9,0,5
BRDA:70,9,1,5
BRDA:71,10,0,0
BRDA:71,10,1,0
BRDA:87,11,0,5
BRDA:87,11,1,0
BRDA:101,12,0,0
BRDA:101,12,1,0
BRDA:118,13,0,0
BRDA:118,13,1,0
BRDA:118,14,0,0
BRDA:118,14,1,0
BRDA:120,15,0,0
BRDA:120,15,1,0
BRDA:120,16,0,0
BRDA:120,16,1,0
BRDA:120,16,2,0
BRDA:133,17,0,0
BRDA:133,17,1,5
BRDA:134,18,0,0
BRDA:134,18,1,0
BRDA:139,19,0,0
BRDA:139,19,1,0
BRDA:141,20,0,0
BRDA:141,20,1,0
BRDA:141,21,0,0
BRDA:141,21,1,0
BRDA:153,22,0,0
BRDA:153,22,1,0
BRDA:170,23,0,2
BRDA:170,23,1,3
BRDA:177,24,0,1
BRDA:177,24,1,2
BRDA:180,25,0,0
BRDA:180,25,1,3
BRDA:180,26,0,3
BRDA:180,26,1,0
BRDA:194,27,0,0
BRDA:194,27,1,3
BRDA:217,28,0,7
BRDA:217,28,1,2
BRDA:217,28,2,0
BRDA:218,29,0,0
BRDA:218,29,1,7
BRDA:224,30,0,0
BRDA:224,30,1,7
BRDA:226,31,0,0
BRDA:226,31,1,0
BRDA:226,32,0,0
BRDA:226,32,1,0
BRDA:226,32,2,0
BRDA:239,33,0,3
BRDA:239,33,1,4
BRDA:241,34,0,2
BRDA:241,34,1,1
BRDA:241,35,0,3
BRDA:241,35,1,2
BRDA:257,36,0,0
BRDA:257,36,1,0
BRDA:264,37,0,0
BRDA:264,37,1,0
BRF:79
BRH:30
end_of_record
TN:
SF:middleware/cache.js
FN:5,(anonymous_0)
FN:5,(anonymous_1)
FN:40,(anonymous_2)
FN:46,(anonymous_3)
FN:61,(anonymous_4)
FN:76,(anonymous_5)
FNF:6
FNH:2
FNDA:23,(anonymous_0)
FNDA:0,(anonymous_1)
FNDA:0,(anonymous_2)
FNDA:0,(anonymous_3)
FNDA:0,(anonymous_4)
FNDA:1,(anonymous_5)
DA:5,23
DA:7,0
DA:8,0
DA:12,0
DA:13,0
DA:18,0
DA:19,0
DA:22,0
DA:24,0
DA:25,0
DA:28,0
DA:30,0
DA:31,0
DA:32,0
DA:33,0
DA:35,0
DA:39,0
DA:40,0
DA:42,0
DA:44,0
DA:46,0
DA:50,0
DA:53,0
DA:55,0
DA:56,0
DA:61,6
DA:62,0
DA:63,0
DA:64,0
DA:66,0
DA:67,0
DA:70,0
DA:76,6
DA:77,1
DA:78,1
DA:79,1
DA:81,0
DA:82,0
DA:84,0
DA:85,0
DA:86,0
DA:87,0
DA:88,0
DA:92,0
DA:93,0
DA:94,0
DA:97,0
LF:47
LH:6
BRDA:5,0,0,0
BRDA:7,1,0,0
BRDA:7,1,1,0
BRDA:12,2,0,0
BRDA:12,2,1,0
BRDA:18,3,0,0
BRDA:18,3,1,0
BRDA:18,4,0,0
BRDA:18,4,1,0
BRDA:24,5,0,0
BRDA:24,5,1,0
BRDA:24,6,0,0
BRDA:24,6,1,0
BRDA:28,7,0,0
BRDA:28,7,1,0
BRDA:32,8,0,0
BRDA:32,8,1,0
BRDA:42,9,0,0
BRDA:42,9,1,0
BRDA:42,10,0,0
BRDA:42,10,1,0
BRDA:61,11,0,0
BRDA:64,12,0,0
BRDA:64,12,1,0
BRDA:64,13,0,0
BRDA:64,13,1,0
BRDA:79,14,0,1
BRDA:79,14,1,0
BRDA:79,15,0,1
BRDA:79,15,1,0
BRDA:87,16,0,0
BRDA:87,16,1,0
BRDA:92,17,0,0
BRDA:92,17,1,0
BRF:34
BRH:2
end_of_record
TN:
SF:middleware/envValidator.js
FN:18,(anonymous_0)
FN:41,(anonymous_1)
FN:50,(anonymous_2)
FN:81,(anonymous_3)
FN:90,(anonymous_4)
FN:105,(anonymous_5)
FN:117,(anonymous_6)
FNF:7
FNH:3
FNDA:13,(anonymous_0)
FNDA:0,(anonymous_1)
FNDA:0,(anonymous_2)
FNDA:0,(anonymous_3)
FNDA:13,(anonymous_4)
FNDA:0,(anonymous_5)
FNDA:60,(anonymous_6)
DA:3,13
DA:11,13
DA:18,13
DA:19,13
DA:20,13
DA:23,13
DA:24,0
DA:25,0
DA:26,0
DA:32,13
DA:33,39
DA:34,0
DA:39,13
DA:40,0
DA:41,0
DA:42,0
DA:43,0
DA:48,13
DA:49,0
DA:50,0
DA:51,0
DA:54,13
DA:55,0
DA:56,0
DA:60,13
DA:61,13
DA:62,0
DA:66,13
DA:67,0
DA:68,0
DA:72,13
DA:73,0
DA:74,0
DA:78,13
DA:79,0
DA:80,0
DA:81,0
DA:82,0
DA:83,0
DA:88,13
DA:90,13
DA:91,13
DA:92,0
DA:95,0
DA:96,0
DA:101,0
DA:103,0
DA:104,0
DA:105,0
DA:106,0
DA:109,0
DA:110,0
DA:117,13
DA:118,60
DA:119,0
DA:124,60
LF:56
LH:22
BRDA:23,0,0,0
BRDA:23,0,1,13
BRDA:25,1,0,0
BRDA:25,1,1,0
BRDA:33,2,0,0
BRDA:33,2,1,39
BRDA:39,3,0,0
BRDA:39,3,1,13
BRDA:48,4,0,0
BRDA:48,4,1,13
BRDA:54,5,0,0
BRDA:54,5,1,13
BRDA:54,6,0,13
BRDA:54,6,1,13
BRDA:61,7,0,0
BRDA:61,7,1,13
BRDA:61,8,0,13
BRDA:61,8,1,13
BRDA:66,9,0,0
BRDA:66,9,1,13
BRDA:66,10,0,13
BRDA:66,10,1,13
BRDA:66,10,2,13
BRDA:66,10,3,13
BRDA:72,11,0,0
BRDA:72,11,1,13
BRDA:72,12,0,13
BRDA:72,12,1,13
BRDA:78,13,0,0
BRDA:78,13,1,13
BRDA:81,14,0,0
BRDA:81,14,1,0
BRDA:81,15,0,0
BRDA:81,15,1,0
BRDA:91,16,0,0
BRDA:91,16,1,13
BRDA:95,17,0,0
BRDA:95,17,1,0
BRDA:95,18,0,0
BRDA:95,18,1,0
BRDA:103,19,0,0
BRDA:103,19,1,0
BRDA:109,20,0,0
BRDA:109,20,1,0
BRDA:118,21,0,0
BRDA:118,21,1,60
BRDA:118,22,0,60
BRDA:118,22,1,60
BRF:48
BRH:23
end_of_record
TN:
SF:middleware/errorHandler.js
FN:5,(anonymous_0)
FNF:1
FNH:1
FNDA:7,(anonymous_0)
DA:5,17
DA:6,7
DA:7,7
DA:15,0
DA:18,0
DA:19,0
DA:22,0
DA:34,0
DA:35,0
DA:42,0
DA:43,0
DA:50,0
DA:51,0
DA:58,0
DA:59,0
DA:67,0
DA:68,0
DA:75,0
DA:76,0
DA:82,0
DA:83,0
DA:90,0
DA:91,0
DA:97,0
DA:98,0
DA:105,0
DA:109,0
LF:27
LH:3
BRDA:6,0,0,7
BRDA:6,0,1,0
BRDA:10,1,0,1
BRDA:10,1,1,6
BRDA:10,2,0,7
BRDA:10,2,1,7
BRDA:11,3,0,7
BRDA:11,3,1,0
BRDA:15,4,0,0
BRDA:15,4,1,0
BRDA:18,5,0,0
BRDA:18,5,1,0
BRDA:29,6,0,0
BRDA:29,6,1,0
BRDA:34,7,0,0
BRDA:34,7,1,0
BRDA:42,8,0,0
BRDA:42,8,1,0
BRDA:42,9,0,0
BRDA:42,9,1,0
BRDA:50,10,0,0
BRDA:50,10,1,0
BRDA:54,11,0,0
BRDA:54,11,1,0
BRDA:58,12,0,0
BRDA:58,12,1,0
BRDA:62,13,0,0
BRDA:62,13,1,0
BRDA:67,14,0,0
BRDA:67,14,1,0
BRDA:67,15,0,0
BRDA:67,15,1,0
BRDA:75,16,0,0
BRDA:75,16,1,0
BRDA:82,17,0,0
BRDA:82,17,1,0
BRDA:90,18,0,0
BRDA:90,18,1,0
BRDA:97,19,0,0
BRDA:97,19,1,0
BRDA:105,20,0,0
BRDA:105,20,1,0
BRDA:106,21,0,0
BRDA:106,21,1,0
BRDA:112,22,0,0
BRDA:112,22,1,0
BRF:46
BRH:6
end_of_record
TN:
SF:middleware/fileValidation.js
FN:12,(anonymous_0)
FN:28,(anonymous_1)
FN:65,(anonymous_2)
FN:66,(anonymous_3)
FN:131,(anonymous_4)
FN:150,(anonymous_5)
FN:168,(anonymous_6)
FNF:7
FNH:2
FNDA:0,(anonymous_0)
FNDA:0,(anonymous_1)
FNDA:117,(anonymous_2)
FNDA:3,(anonymous_3)
FNDA:0,(anonymous_4)
FNDA:0,(anonymous_5)
FNDA:0,(anonymous_6)
DA:9,13
DA:12,13
DA:14,0
DA:15,0
DA:16,0
DA:18,0
DA:28,13
DA:29,0
DA:31,0
DA:32,0
DA:33,0
DA:34,0
DA:37,0
DA:39,0
DA:40,0
DA:41,0
DA:42,0
DA:43,0
DA:46,0
DA:50,0
DA:51,0
DA:52,0
DA:55,0
DA:56,0
DA:58,0
DA:59,0
DA:65,13
DA:66,117
DA:67,3
DA:68,3
DA:72,0
DA:73,0
DA:75,0
DA:76,0
DA:77,0
DA:79,0
DA:82,0
DA:88,0
DA:89,0
DA:91,0
DA:92,0
DA:95,0
DA:96,0
DA:97,0
DA:99,0
DA:102,0
DA:109,0
DA:112,0
DA:113,0
DA:114,0
DA:115,0
DA:116,0
DA:117,0
DA:118,0
DA:120,0
DA:121,0
DA:125,0
DA:131,13
DA:132,0
DA:133,0
DA:136,0
DA:137,0
DA:141,0
DA:142,0
DA:143,0
DA:145,0
DA:150,13
DA:151,0
DA:152,0
DA:155,0
DA:156,0
DA:160,0
DA:161,0
DA:164,0
DA:168,13
DA:169,0
DA:174,0
DA:185,0
DA:186,0
DA:187,0
DA:191,0
LF:81
LH:10
BRDA:16,0,0,0
BRDA:16,0,1,0
BRDA:28,1,0,0
BRDA:31,2,0,0
BRDA:31,2,1,0
BRDA:33,3,0,0
BRDA:33,3,1,0
BRDA:37,4,0,0
BRDA:37,4,1,0
BRDA:40,5,0,0
BRDA:40,5,1,0
BRDA:41,6,0,0
BRDA:41,6,1,0
BRDA:42,7,0,0
BRDA:42,7,1,0
BRDA:51,8,0,0
BRDA:51,8,1,0
BRDA:65,9,0,0
BRDA:67,10,0,3
BRDA:67,10,1,0
BRDA:72,11,0,0
BRDA:72,11,1,0
BRDA:73,12,0,0
BRDA:73,12,1,0
BRDA:75,13,0,0
BRDA:75,13,1,0
BRDA:88,14,0,0
BRDA:88,14,1,0
BRDA:91,15,0,0
BRDA:91,15,1,0
BRDA:95,16,0,0
BRDA:95,16,1,0
BRDA:112,17,0,0
BRDA:112,17,1,0
BRDA:136,18,0,0
BRDA:136,18,1,0
BRDA:136,19,0,0
BRDA:136,19,1,0
BRDA:155,20,0,0
BRDA:155,20,1,0
BRDA:155,21,0,0
BRDA:155,21,1,0
BRDA:160,22,0,0
BRDA:160,22,1,0
BRDA:186,23,0,0
BRDA:186,23,1,0
BRF:46
BRH:1
end_of_record
TN:
SF:middleware/inputSanitizer.js
FN:7,(anonymous_0)
FN:8,(anonymous_1)
FN:29,(anonymous_2)
FN:30,(anonymous_3)
FN:62,(anonymous_4)
FN:64,(anonymous_5)
FN:87,(anonymous_6)
FN:104,(anonymous_7)
FNF:8
FNH:8
FNDA:60,(anonymous_0)
FNDA:235,(anonymous_1)
FNDA:60,(anonymous_2)
FNDA:235,(anonymous_3)
FNDA:60,(anonymous_4)
FNDA:180,(anonymous_5)
FNDA:4,(anonymous_6)
FNDA:70,(anonymous_7)
DA:7,15
DA:8,60
DA:9,235
DA:10,180
DA:11,55
DA:12,0
DA:13,0
DA:14,0
DA:16,55
DA:19,180
DA:22,60
DA:23,60
DA:24,60
DA:25,60
DA:29,15
DA:30,60
DA:31,235
DA:32,55
DA:33,4
DA:35,180
DA:36,55
DA:38,180
DA:41,60
DA:42,60
DA:43,60
DA:44,60
DA:48,15
DA:62,15
DA:64,60
DA:65,180
DA:66,55
DA:67,51
DA:68,0
DA:70,4
DA:71,0
DA:72,0
DA:76,180
DA:79,60
DA:80,0
DA:83,60
DA:87,15
DA:89,4
DA:92,4
DA:95,4
DA:96,2
DA:97,2
DA:100,4
DA:104,15
DA:105,70
DA:107,64
LF:50
LH:43
BRDA:9,0,0,55
BRDA:9,0,1,180
BRDA:9,1,0,235
BRDA:9,1,1,180
BRDA:11,2,0,0
BRDA:11,2,1,55
BRDA:22,3,0,60
BRDA:22,3,1,0
BRDA:23,4,0,60
BRDA:23,4,1,0
BRDA:24,5,0,60
BRDA:24,5,1,0
BRDA:31,6,0,55
BRDA:31,6,1,180
BRDA:31,7,0,235
BRDA:31,7,1,180
BRDA:32,8,0,51
BRDA:32,8,1,4
BRDA:41,9,0,60
BRDA:41,9,1,0
BRDA:42,10,0,60
BRDA:42,10,1,0
BRDA:43,11,0,60
BRDA:43,11,1,0
BRDA:66,12,0,51
BRDA:66,12,1,4
BRDA:67,13,0,0
BRDA:67,13,1,51
BRDA:70,14,0,0
BRDA:70,14,1,4
BRDA:70,15,0,4
BRDA:70,15,1,0
BRDA:71,16,0,0
BRDA:71,16,1,0
BRDA:79,17,0,0
BRDA:79,17,1,60
BRDA:79,18,0,60
BRDA:79,18,1,60
BRDA:79,18,2,60
BRDA:89,19,0,4
BRDA:89,19,1,0
BRDA:95,20,0,2
BRDA:95,20,1,2
BRDA:105,21,0,6
BRDA:105,21,1,64
BRDA:105,22,0,70
BRDA:105,22,1,64
BRF:47
BRH:33
end_of_record
TN:
SF:middleware/rateLimiter.js
FN:9,(anonymous_0)
FN:14,(anonymous_1)
FN:21,(anonymous_2)
FN:28,(anonymous_3)
FN:40,(anonymous_4)
FN:46,(anonymous_5)
FN:66,(anonymous_6)
FN:85,(anonymous_7)
FN:140,(anonymous_8)
FN:153,(anonymous_9)
FN:163,(anonymous_10)
FN:177,(anonymous_11)
FN:183,(anonymous_12)
FNF:13
FNH:3
FNDA:3,(anonymous_0)
FNDA:3,(anonymous_1)
FNDA:0,(anonymous_2)
FNDA:1,(anonymous_3)
FNDA:0,(anonymous_4)
FNDA:0,(anonymous_5)
FNDA:0,(anonymous_6)
FNDA:0,(anonymous_7)
FNDA:0,(anonymous_8)
FNDA:0,(anonymous_9)
FNDA:0,(anonymous_10)
FNDA:0,(anonymous_11)
FNDA:0,(anonymous_12)
DA:9,1
DA:10,3
DA:13,3
DA:16,3
DA:18,3
DA:19,3
DA:20,0
DA:21,0
DA:25,0
DA:29,1
DA:30,0
DA:31,0
DA:33,0
DA:34,0
DA:38,1
DA:41,0
DA:42,0
DA:44,0
DA:47,0
DA:48,0
DA:50,0
DA:56,1
DA:67,0
DA:75,1
DA:86,0
DA:94,1
DA:106,1
DA:118,1
DA:130,1
DA:141,0
DA:149,1
DA:154,0
DA:164,0
DA:174,1
DA:178,0
DA:184,0
LF:36
LH:16
BRDA:19,0,0,0
BRDA:19,0,1,3
BRDA:19,1,0,3
BRDA:19,1,1,0
BRDA:29,2,0,0
BRDA:29,2,1,1
BRDA:41,3,0,0
BRDA:41,3,1,0
BRDA:47,4,0,0
BRDA:47,4,1,0
BRDA:154,5,0,0
BRDA:154,5,1,0
BRDA:178,6,0,0
BRDA:178,6,1,0
BRF:14
BRH:3
end_of_record
TN:
SF:middleware/requestId.js
FN:6,(anonymous_0)
FNF:1
FNH:1
FNDA:61,(anonymous_0)
DA:6,13
DA:7,61
DA:8,61
DA:9,61
LF:4
LH:4
BRDA:7,0,0,61
BRDA:7,0,1,61
BRF:2
BRH:2
end_of_record
TN:
SF:middleware/requestLogger.js
FN:3,(anonymous_0)
FN:12,(anonymous_1)
FNF:2
FNH:2
FNDA:61,(anonymous_0)
FNDA:58,(anonymous_1)
DA:3,13
DA:5,61
DA:6,3
DA:9,58
DA:12,58
DA:13,58
DA:14,58
DA:15,58
DA:18,58
DA:19,27
DA:20,27
DA:33,58
LF:12
LH:12
BRDA:5,0,0,3
BRDA:5,0,1,58
BRDA:5,1,0,61
BRDA:5,1,1,58
BRDA:18,2,0,27
BRDA:18,2,1,31
BRDA:18,3,0,58
BRDA:18,3,1,32
BRDA:19,4,0,26
BRDA:19,4,1,1
BRDA:22,5,0,1
BRDA:22,5,1,26
BRDA:22,6,0,27
BRDA:22,6,1,1
BRF:14
BRH:14
end_of_record
TN:
SF:middleware/securityHeaders.js
FN:51,(anonymous_0)
FNF:1
FNH:1
FNDA:61,(anonymous_0)
DA:5,13
DA:16,13
DA:27,13
DA:39,13
DA:51,13
DA:53,61
DA:59,61
DA:61,46
DA:62,46
DA:63,46
DA:64,46
DA:68,15
DA:72,61
DA:73,61
DA:74,61
DA:75,61
DA:77,61
LF:17
LH:17
BRDA:9,0,0,13
BRDA:9,0,1,0
BRDA:13,1,0,0
BRDA:13,1,1,13
BRDA:53,2,0,61
BRDA:53,2,1,49
BRDA:53,2,2,39
BRDA:53,2,3,26
BRDA:53,2,4,26
BRDA:59,3,0,46
BRDA:59,3,1,15
BRF:11
BRH:9
end_of_record
TN:
SF:middleware/userAuth.js
FN:17,(anonymous_0)
FN:129,(anonymous_1)
FN:166,(anonymous_2)
FN:177,(anonymous_3)
FN:206,(anonymous_4)
FN:227,(anonymous_5)
FN:235,(anonymous_6)
FN:256,(anonymous_7)
FN:258,(anonymous_8)
FNF:9
FNH:4
FNDA:20,(anonymous_0)
FNDA:2,(anonymous_1)
FNDA:3,(anonymous_2)
FNDA:3,(anonymous_3)
FNDA:0,(anonymous_4)
FNDA:0,(anonymous_5)
FNDA:0,(anonymous_6)
FNDA:0,(anonymous_7)
FNDA:0,(anonymous_8)
DA:7,12
DA:8,12
DA:9,0
DA:11,12
DA:17,12
DA:18,20
DA:19,20
DA:21,20
DA:22,0
DA:28,20
DA:30,20
DA:33,20
DA:35,20
DA:36,20
DA:38,20
DA:39,17
DA:40,17
DA:41,17
DA:42,0
DA:43,0
DA:44,0
DA:45,0
DA:48,0
DA:53,20
DA:62,20
DA:63,1
DA:70,19
DA:71,0
DA:78,19
DA:87,19
DA:89,19
DA:90,17
DA:91,17
DA:96,17
DA:98,0
DA:102,19
DA:104,0
DA:105,0
DA:111,0
DA:112,0
DA:118,0
DA:119,0
DA:129,12
DA:130,2
DA:131,2
DA:133,2
DA:134,1
DA:135,1
DA:138,1
DA:139,1
DA:141,1
DA:148,1
DA:155,1
DA:158,0
DA:159,0
DA:166,12
DA:167,3
DA:177,12
DA:178,3
DA:179,3
DA:180,3
DA:182,3
DA:195,3
DA:196,0
DA:197,0
DA:200,3
DA:206,12
DA:208,0
DA:214,0
DA:219,0
DA:220,0
DA:221,0
DA:224,0
DA:225,0
DA:226,0
DA:227,0
DA:235,12
DA:237,0
DA:243,0
DA:248,0
DA:249,0
DA:250,0
DA:253,0
DA:254,0
DA:255,0
DA:256,0
DA:257,0
DA:258,0
LF:88
LH:49
BRDA:8,0,0,0
BRDA:8,0,1,12
BRDA:11,1,0,12
BRDA:11,1,1,12
BRDA:19,2,0,20
BRDA:19,2,1,20
BRDA:21,3,0,0
BRDA:21,3,1,20
BRDA:38,4,0,17
BRDA:38,4,1,3
BRDA:41,5,0,0
BRDA:41,5,1,17
BRDA:62,6,0,1
BRDA:62,6,1,19
BRDA:62,7,0,20
BRDA:62,7,1,19
BRDA:70,8,0,0
BRDA:70,8,1,19
BRDA:84,9,0,19
BRDA:84,9,1,19
BRDA:85,10,0,19
BRDA:85,10,1,19
BRDA:89,11,0,17
BRDA:89,11,1,2
BRDA:104,12,0,0
BRDA:104,12,1,0
BRDA:111,13,0,0
BRDA:111,13,1,0
BRDA:131,14,0,2
BRDA:131,14,1,1
BRDA:133,15,0,1
BRDA:133,15,1,1
BRDA:148,16,0,1
BRDA:148,16,1,0
BRDA:177,17,0,0
BRDA:177,18,0,0
BRDA:195,19,0,0
BRDA:195,19,1,3
BRDA:219,20,0,0
BRDA:219,20,1,0
BRDA:224,21,0,0
BRDA:224,21,1,0
BRDA:224,22,0,0
BRDA:224,22,1,0
BRDA:226,23,0,0
BRDA:226,23,1,0
BRDA:248,24,0,0
BRDA:248,24,1,0
BRDA:253,25,0,0
BRDA:253,25,1,0
BRDA:253,26,0,0
BRDA:253,26,1,0
BRDA:255,27,0,0
BRDA:255,27,1,0
BRDA:257,28,0,0
BRDA:257,28,1,0
BRF:56
BRH:26
end_of_record
TN:
SF:middleware/validation.js
FN:6,(anonymous_0)
FN:6,(anonymous_1)
FN:27,(anonymous_2)
FN:42,(anonymous_3)
FN:43,(anonymous_4)
FN:44,(anonymous_5)
FN:47,(anonymous_6)
FN:56,(anonymous_7)
FN:64,(anonymous_8)
FN:70,(anonymous_9)
FN:75,(anonymous_10)
FN:81,(anonymous_11)
FN:125,(anonymous_12)
FN:141,(anonymous_13)
FNF:14
FNH:12
FNDA:338,(anonymous_0)
FNDA:22,(anonymous_1)
FNDA:1,(anonymous_2)
FNDA:3,(anonymous_3)
FNDA:3,(anonymous_4)
FNDA:3,(anonymous_5)
FNDA:1,(anonymous_6)
FNDA:11,(anonymous_7)
FNDA:8,(anonymous_8)
FNDA:78,(anonymous_9)
FNDA:4,(anonymous_10)
FNDA:26,(anonymous_11)
FNDA:0,(anonymous_12)
FNDA:0,(anonymous_13)
DA:6,338
DA:8,22
DA:9,0
DA:12,22
DA:13,22
DA:19,21
DA:20,21
DA:21,21
DA:23,21
DA:26,1
DA:27,1
DA:31,1
DA:32,1
DA:34,0
DA:39,13
DA:42,3
DA:43,3
DA:44,3
DA:46,13
DA:48,1
DA:49,0
DA:50,0
DA:55,13
DA:57,11
DA:58,3
DA:59,3
DA:64,13
DA:65,8
DA:66,0
DA:67,0
DA:70,78
DA:75,13
DA:76,4
DA:77,4
DA:78,4
DA:81,26
DA:86,13
DA:126,0
DA:142,0
DA:296,13
DA:297,13
DA:298,13
LF:42
LH:34
BRDA:8,0,0,0
BRDA:8,0,1,22
BRDA:26,1,0,1
BRDA:26,1,1,0
BRDA:31,2,0,1
BRDA:31,2,1,0
BRDA:48,3,0,1
BRDA:48,3,1,0
BRDA:50,4,0,0
BRDA:50,4,1,0
BRDA:57,5,0,8
BRDA:57,5,1,3
BRDA:59,6,0,0
BRDA:59,6,1,3
BRDA:65,7,0,8
BRDA:65,7,1,0
BRDA:65,8,0,8
BRDA:65,8,1,0
BRDA:65,8,2,0
BRDA:67,9,0,0
BRDA:67,9,1,0
BRDA:76,10,0,0
BRDA:76,10,1,4
BRDA:76,11,0,4
BRDA:76,11,1,4
BRDA:76,11,2,4
BRDA:78,12,0,4
BRDA:78,12,1,0
BRF:28
BRH:14
end_of_record
TN:
SF:routes/admin.js
FNF:0
FNH:0
DA:11,13
DA:14,13
DA:15,13
DA:16,13
DA:17,13
DA:18,13
DA:19,13
DA:20,13
DA:21,13
DA:24,13
DA:25,13
LF:11
LH:11
BRF:0
BRH:0
end_of_record
TN:
SF:routes/ai.js
FN:28,(anonymous_0)
FN:35,(anonymous_1)
FN:51,(anonymous_2)
FN:65,extractTextFromFile
FN:85,(anonymous_4)
FN:174,(anonymous_5)
FN:190,(anonymous_6)
FN:247,(anonymous_7)
FNF:8
FNH:0
FNDA:0,(anonymous_0)
FNDA:0,(anonymous_1)
FNDA:0,(anonymous_2)
FNDA:0,extractTextFromFile
FNDA:0,(anonymous_4)
FNDA:0,(anonymous_5)
FNDA:0,(anonymous_6)
FNDA:0,(anonymous_7)
DA:17,13
DA:18,13
DA:20,13
DA:27,13
DA:29,0
DA:30,0
DA:31,0
DA:33,0
DA:36,0
DA:42,0
DA:43,0
DA:44,0
DA:48,13
DA:52,0
DA:53,0
DA:54,0
DA:56,0
DA:57,0
DA:59,0
DA:66,0
DA:67,0
DA:68,0
DA:69,0
DA:70,0
DA:71,0
DA:72,0
DA:73,0
DA:74,0
DA:75,0
DA:77,0
DA:79,0
DA:80,0
DA:85,13
DA:86,0
DA:87,0
DA:88,0
DA:91,0
DA:92,0
DA:94,0
DA:95,0
DA:96,0
DA:98,0
DA:101,0
DA:102,0
DA:106,0
DA:135,0
DA:136,0
DA:137,0
DA:141,0
DA:142,0
DA:143,0
DA:146,0
DA:151,0
DA:158,0
DA:161,0
DA:162,0
DA:165,0
DA:166,0
DA:169,0
DA:174,13
DA:175,0
DA:176,0
DA:178,0
DA:179,0
DA:183,0
DA:188,0
DA:190,0
DA:193,0
DA:216,0
DA:217,0
DA:218,0
DA:220,0
DA:221,0
DA:222,0
DA:225,0
DA:226,0
DA:228,0
DA:229,0
DA:232,0
DA:238,0
DA:239,0
DA:243,0
DA:244,0
DA:247,13
DA:248,0
DA:249,0
DA:250,0
DA:253,0
LF:88
LH:8
BRDA:30,0,0,0
BRDA:30,0,1,0
BRDA:43,1,0,0
BRDA:43,1,1,0
BRDA:56,2,0,0
BRDA:56,2,1,0
BRDA:56,3,0,0
BRDA:56,3,1,0
BRDA:67,4,0,0
BRDA:67,4,1,0
BRDA:69,5,0,0
BRDA:69,5,1,0
BRDA:73,6,0,0
BRDA:73,6,1,0
BRDA:73,7,0,0
BRDA:73,7,1,0
BRDA:87,8,0,0
BRDA:87,9,0,0
BRDA:91,10,0,0
BRDA:91,10,1,0
BRDA:95,11,0,0
BRDA:95,11,1,0
BRDA:101,12,0,0
BRDA:101,12,1,0
BRDA:113,13,0,0
BRDA:113,13,1,0
BRDA:136,14,0,0
BRDA:136,14,1,0
BRDA:161,15,0,0
BRDA:161,15,1,0
BRDA:165,16,0,0
BRDA:165,16,1,0
BRDA:178,17,0,0
BRDA:178,17,1,0
BRDA:178,18,0,0
BRDA:178,18,1,0
BRDA:188,19,0,0
BRDA:188,19,1,0
BRDA:190,20,0,0
BRDA:190,20,1,0
BRDA:217,21,0,0
BRDA:217,21,1,0
BRDA:228,22,0,0
BRDA:228,22,1,0
BRDA:249,23,0,0
BRDA:249,23,1,0
BRF:46
BRH:0
end_of_record
TN:
SF:routes/articles.js
FN:42,(anonymous_0)
FN:121,(anonymous_1)
FN:192,(anonymous_2)
FN:202,(anonymous_3)
FN:211,(anonymous_4)
FN:218,(anonymous_5)
FN:227,(anonymous_6)
FN:234,(anonymous_7)
FN:315,(anonymous_8)
FN:350,(anonymous_9)
FN:415,(anonymous_10)
FN:428,(anonymous_11)
FN:434,(anonymous_12)
FN:437,(anonymous_13)
FN:470,(anonymous_14)
FN:563,(anonymous_15)
FN:593,(anonymous_16)
FN:602,(anonymous_17)
FN:609,(anonymous_18)
FN:627,(anonymous_19)
FN:628,(anonymous_20)
FNF:21
FNH:4
FNDA:5,(anonymous_0)
FNDA:1,(anonymous_1)
FNDA:0,(anonymous_2)
FNDA:0,(anonymous_3)
FNDA:0,(anonymous_4)
FNDA:0,(anonymous_5)
FNDA:0,(anonymous_6)
FNDA:0,(anonymous_7)
FNDA:2,(anonymous_8)
FNDA:0,(anonymous_9)
FNDA:0,(anonymous_10)
FNDA:0,(anonymous_11)
FNDA:0,(anonymous_12)
FNDA:0,(anonymous_13)
FNDA:5,(anonymous_14)
FNDA:0,(anonymous_15)
FNDA:0,(anonymous_16)
FNDA:0,(anonymous_17)
FNDA:0,(anonymous_18)
FNDA:0,(anonymous_19)
FNDA:0,(anonymous_20)
DA:23,14
DA:26,14
DA:32,14
DA:35,14
DA:43,5
DA:44,5
DA:45,5
DA:46,3
DA:49,2
DA:54,2
DA:60,2
DA:84,2
DA:85,0
DA:88,2
DA:89,2
DA:93,2
DA:95,2
DA:96,2
DA:99,2
DA:100,0
DA:104,0
DA:113,2
DA:115,0
DA:116,0
DA:121,14
DA:122,1
DA:123,1
DA:124,1
DA:128,0
DA:133,0
DA:134,0
DA:137,0
DA:138,0
DA:140,0
DA:141,0
DA:142,0
DA:144,0
DA:147,0
DA:156,0
DA:157,0
DA:160,0
DA:161,0
DA:163,0
DA:171,1
DA:172,1
DA:192,14
DA:193,0
DA:197,0
DA:198,0
DA:202,0
DA:203,0
DA:205,0
DA:211,14
DA:212,0
DA:213,0
DA:217,0
DA:218,0
DA:221,0
DA:224,0
DA:225,0
DA:227,0
DA:228,0
DA:232,0
DA:233,0
DA:235,0
DA:242,0
DA:243,0
DA:244,0
DA:246,0
DA:251,0
DA:306,14
DA:316,2
DA:317,2
DA:318,0
DA:321,2
DA:322,2
DA:325,2
DA:328,2
DA:329,0
DA:333,2
DA:334,0
DA:339,2
DA:340,0
DA:349,0
DA:350,0
DA:351,0
DA:353,0
DA:354,0
DA:365,0
DA:370,0
DA:371,0
DA:374,0
DA:375,0
DA:387,0
DA:388,0
DA:389,0
DA:395,2
DA:399,2
DA:400,0
DA:403,2
DA:415,14
DA:416,0
DA:423,0
DA:424,0
DA:428,0
DA:429,0
DA:434,0
DA:435,0
DA:437,0
DA:442,0
DA:470,14
DA:471,5
DA:472,5
DA:473,5
DA:475,5
DA:476,5
DA:479,5
DA:480,0
DA:481,0
DA:482,0
DA:488,5
DA:490,5
DA:491,5
DA:492,4
DA:494,1
DA:497,5
DA:499,5
DA:500,0
DA:501,0
DA:503,0
DA:507,5
DA:509,3
DA:515,3
DA:516,1
DA:519,2
DA:526,2
DA:532,5
DA:535,5
DA:536,5
DA:537,5
DA:538,2
DA:539,2
DA:542,5
DA:559,5
DA:563,14
DA:564,0
DA:565,0
DA:568,0
DA:574,0
DA:575,0
DA:581,0
DA:588,0
DA:589,0
DA:593,0
DA:594,0
DA:597,0
DA:598,0
DA:602,0
DA:603,0
DA:605,0
DA:609,0
DA:610,0
DA:611,0
DA:615,0
DA:618,0
DA:619,0
DA:627,0
DA:628,0
DA:630,0
DA:633,0
LF:170
LH:69
BRDA:45,0,0,3
BRDA:45,0,1,2
BRDA:49,1,0,1
BRDA:49,2,0,2
BRDA:84,3,0,0
BRDA:84,3,1,2
BRDA:99,4,0,0
BRDA:99,4,1,2
BRDA:99,5,0,2
BRDA:99,5,1,2
BRDA:99,5,2,2
BRDA:123,6,0,1
BRDA:123,6,1,0
BRDA:133,7,0,0
BRDA:133,7,1,0
BRDA:133,8,0,0
BRDA:133,8,1,0
BRDA:140,9,0,0
BRDA:140,9,1,0
BRDA:156,10,0,0
BRDA:156,10,1,0
BRDA:197,11,0,0
BRDA:197,11,1,0
BRDA:212,12,0,0
BRDA:213,13,0,0
BRDA:213,13,1,0
BRDA:217,14,0,0
BRDA:217,14,1,0
BRDA:224,15,0,0
BRDA:224,15,1,0
BRDA:242,16,0,0
BRDA:242,16,1,0
BRDA:246,17,0,0
BRDA:246,17,1,0
BRDA:317,18,0,0
BRDA:317,18,1,2
BRDA:321,19,0,2
BRDA:321,20,0,2
BRDA:328,21,0,0
BRDA:328,21,1,2
BRDA:333,22,0,0
BRDA:333,22,1,2
BRDA:339,23,0,0
BRDA:339,23,1,2
BRDA:344,24,0,0
BRDA:344,24,1,0
BRDA:345,25,0,0
BRDA:345,25,1,0
BRDA:349,26,0,0
BRDA:349,26,1,0
BRDA:351,27,0,0
BRDA:351,27,1,0
BRDA:353,28,0,0
BRDA:353,28,1,0
BRDA:370,29,0,0
BRDA:370,29,1,0
BRDA:388,30,0,0
BRDA:388,30,1,0
BRDA:399,31,0,0
BRDA:399,31,1,2
BRDA:423,32,0,0
BRDA:423,32,1,0
BRDA:434,33,0,0
BRDA:434,33,1,0
BRDA:439,34,0,0
BRDA:439,34,1,0
BRDA:473,35,0,5
BRDA:473,35,1,3
BRDA:475,36,0,5
BRDA:475,36,1,2
BRDA:479,37,0,0
BRDA:479,37,1,5
BRDA:479,38,0,5
BRDA:479,38,1,2
BRDA:481,39,0,0
BRDA:481,39,1,0
BRDA:481,40,0,0
BRDA:481,40,1,0
BRDA:491,41,0,4
BRDA:491,41,1,1
BRDA:499,42,0,0
BRDA:499,42,1,5
BRDA:500,43,0,0
BRDA:500,43,1,0
BRDA:507,44,0,3
BRDA:507,44,1,2
BRDA:515,45,0,1
BRDA:515,45,1,2
BRDA:526,46,0,1
BRDA:526,46,1,1
BRDA:532,47,0,2
BRDA:532,47,1,3
BRDA:537,48,0,2
BRDA:537,48,1,3
BRDA:537,49,0,5
BRDA:537,49,1,2
BRDA:539,50,0,0
BRDA:539,50,1,2
BRDA:547,51,0,3
BRDA:547,51,1,2
BRDA:565,52,0,0
BRDA:574,53,0,0
BRDA:574,53,1,0
BRDA:585,54,0,0
BRDA:585,54,1,0
BRDA:588,55,0,0
BRDA:588,55,1,0
BRDA:597,56,0,0
BRDA:597,56,1,0
BRDA:610,57,0,0
BRDA:610,57,1,0
BRDA:618,58,0,0
BRDA:618,58,1,0
BRDA:628,59,0,0
BRDA:628,59,1,0
BRF:115
BRH:42
end_of_record
TN:
SF:routes/authors.js
FN:9,(anonymous_0)
FN:39,(anonymous_1)
FNF:2
FNH:2
FNDA:3,(anonymous_0)
FNDA:2,(anonymous_1)
DA:6,14
DA:9,14
DA:10,3
DA:12,3
DA:18,3
DA:19,1
DA:23,2
DA:24,1
DA:35,1
DA:39,14
DA:40,2
DA:45,2
DA:46,1
DA:49,1
LF:14
LH:14
BRDA:18,0,0,1
BRDA:18,0,1,2
BRDA:18,1,0,3
BRDA:18,1,1,2
BRDA:23,2,0,1
BRDA:23,2,1,1
BRDA:45,3,0,1
BRDA:45,3,1,1
BRDA:49,4,0,1
BRDA:49,4,1,0
BRF:10
BRH:9
end_of_record
TN:
SF:routes/courses.js
FN:20,(anonymous_0)
FN:26,(anonymous_1)
FN:40,(anonymous_2)
FN:58,(anonymous_3)
FN:72,(anonymous_4)
FN:88,(anonymous_5)
FN:132,(anonymous_6)
FN:142,(anonymous_7)
FN:157,(anonymous_8)
FN:183,(anonymous_9)
FN:190,(anonymous_10)
FN:198,(anonymous_11)
FNF:12
FNH:8
FNDA:2,(anonymous_0)
FNDA:0,(anonymous_1)
FNDA:2,(anonymous_2)
FNDA:0,(anonymous_3)
FNDA:0,(anonymous_4)
FNDA:0,(anonymous_5)
FNDA:3,(anonymous_6)
FNDA:1,(anonymous_7)
FNDA:1,(anonymous_8)
FNDA:1,(anonymous_9)
FNDA:1,(anonymous_10)
FNDA:1,(anonymous_11)
DA:17,14
DA:20,14
DA:21,2
DA:22,2
DA:26,14
DA:27,0
DA:33,0
DA:34,0
DA:36,0
DA:40,14
DA:41,2
DA:42,2
DA:49,2
DA:58,14
DA:59,0
DA:60,0
DA:61,0
DA:68,0
DA:72,14
DA:73,0
DA:74,0
DA:76,0
DA:84,0
DA:88,14
DA:89,0
DA:90,0
DA:92,0
DA:98,0
DA:99,0
DA:102,0
DA:103,0
DA:106,0
DA:112,0
DA:113,0
DA:116,0
DA:117,0
DA:126,0
DA:127,0
DA:128,0
DA:132,14
DA:133,3
DA:134,3
DA:135,3
DA:137,3
DA:138,2
DA:142,14
DA:143,1
DA:144,1
DA:146,1
DA:153,1
DA:157,14
DA:158,1
DA:161,1
DA:163,0
DA:170,1
DA:179,1
DA:183,14
DA:184,1
DA:185,1
DA:186,1
DA:190,14
DA:191,1
DA:192,1
DA:193,1
DA:194,1
DA:198,14
DA:199,1
DA:200,1
DA:202,1
DA:203,1
LF:70
LH:42
BRDA:33,0,0,0
BRDA:33,0,1,0
BRDA:73,1,0,0
BRDA:73,1,1,0
BRDA:98,2,0,0
BRDA:98,2,1,0
BRDA:98,3,0,0
BRDA:98,3,1,0
BRDA:98,3,2,0
BRDA:102,4,0,0
BRDA:102,4,1,0
BRDA:102,5,0,0
BRDA:102,5,1,0
BRDA:112,6,0,0
BRDA:112,6,1,0
BRDA:112,7,0,0
BRDA:112,7,1,0
BRDA:120,8,0,0
BRDA:120,8,1,0
BRDA:158,9,0,1
BRDA:158,9,1,0
BRDA:161,10,0,0
BRDA:161,10,1,1
BRDA:173,11,0,1
BRDA:173,11,1,0
BRF:25
BRH:3
end_of_record
TN:
SF:routes/credits.js
FN:24,(anonymous_0)
FN:34,(anonymous_1)
FN:52,(anonymous_2)
FN:70,(anonymous_3)
FN:84,(anonymous_4)
FN:97,(anonymous_5)
FN:111,(anonymous_6)
FN:123,(anonymous_7)
FNF:8
FNH:4
FNDA:1,(anonymous_0)
FNDA:5,(anonymous_1)
FNDA:4,(anonymous_2)
FNDA:0,(anonymous_3)
FNDA:0,(anonymous_4)
FNDA:0,(anonymous_5)
FNDA:0,(anonymous_6)
FNDA:1,(anonymous_7)
DA:18,13
DA:24,13
DA:25,1
DA:26,1
DA:27,1
DA:34,13
DA:35,5
DA:36,5
DA:38,5
DA:43,5
DA:44,1
DA:52,13
DA:53,4
DA:54,4
DA:56,4
DA:62,3
DA:70,13
DA:71,0
DA:72,0
DA:74,0
DA:75,0
DA:84,13
DA:85,0
DA:86,0
DA:87,0
DA:88,0
DA:89,0
DA:97,13
DA:98,0
DA:99,0
DA:101,0
DA:102,0
DA:111,13
DA:112,0
DA:113,0
DA:114,0
DA:115,0
DA:116,0
DA:123,13
DA:124,1
DA:125,1
DA:126,1
DA:127,1
LF:43
LH:25
BRDA:39,0,0,5
BRDA:39,0,1,0
BRDA:86,1,0,0
BRDA:86,1,1,0
BRDA:113,2,0,0
BRDA:113,2,1,0
BRDA:125,3,0,0
BRDA:125,4,0,0
BRF:8
BRH:1
end_of_record
TN:
SF:routes/research.js
FN:13,(anonymous_0)
FN:35,(anonymous_1)
FN:97,(anonymous_2)
FN:113,(anonymous_3)
FN:149,(anonymous_4)
FN:190,(anonymous_5)
FN:200,(anonymous_6)
FNF:7
FNH:1
FNDA:1,(anonymous_0)
FNDA:0,(anonymous_1)
FNDA:0,(anonymous_2)
FNDA:0,(anonymous_3)
FNDA:0,(anonymous_4)
FNDA:0,(anonymous_5)
FNDA:0,(anonymous_6)
DA:10,13
DA:13,13
DA:14,1
DA:15,1
DA:17,1
DA:20,1
DA:21,0
DA:25,1
DA:26,0
DA:34,0
DA:35,0
DA:36,0
DA:38,0
DA:39,0
DA:50,0
DA:55,0
DA:56,0
DA:59,0
DA:60,0
DA:71,0
DA:72,0
DA:73,0
DA:77,1
DA:81,1
DA:82,0
DA:85,1
DA:97,13
DA:98,0
DA:105,0
DA:106,0
DA:109,0
DA:113,13
DA:114,0
DA:116,0
DA:122,0
DA:123,0
DA:124,0
DA:126,0
DA:129,0
DA:149,13
DA:150,0
DA:151,0
DA:154,0
DA:160,0
DA:161,0
DA:166,0
DA:173,0
DA:174,0
DA:177,0
DA:179,0
DA:180,0
DA:186,0
DA:190,13
DA:191,0
DA:195,0
DA:196,0
DA:200,0
DA:202,0
LF:58
LH:14
BRDA:20,0,0,0
BRDA:20,0,1,1
BRDA:25,1,0,0
BRDA:25,1,1,1
BRDA:30,2,0,0
BRDA:30,2,1,0
BRDA:34,3,0,0
BRDA:34,3,1,0
BRDA:36,4,0,0
BRDA:36,4,1,0
BRDA:38,5,0,0
BRDA:38,5,1,0
BRDA:55,6,0,0
BRDA:55,6,1,0
BRDA:72,7,0,0
BRDA:72,7,1,0
BRDA:81,8,0,0
BRDA:81,8,1,1
BRDA:105,9,0,0
BRDA:105,9,1,0
BRDA:122,10,0,0
BRDA:122,10,1,0
BRDA:123,11,0,0
BRDA:123,11,1,0
BRDA:151,12,0,0
BRDA:151,12,1,0
BRDA:160,13,0,0
BRDA:160,13,1,0
BRDA:173,14,0,0
BRDA:173,14,1,0
BRDA:179,15,0,0
BRDA:179,15,1,0
BRDA:195,16,0,0
BRDA:195,16,1,0
BRF:34
BRH:3
end_of_record
TN:
SF:routes/search.js
FN:27,normalizeTypes
FN:31,(anonymous_1)
FN:33,(anonymous_2)
FN:37,computeMergedScores
FN:39,(anonymous_4)
FN:43,(anonymous_5)
FN:49,sortMergedResults
FN:50,(anonymous_7)
FN:58,fetchArticles
FN:68,fetchResearch
FN:78,fetchCourses
FN:97,(anonymous_11)
FN:120,(anonymous_12)
FN:132,(anonymous_13)
FN:138,(anonymous_14)
FN:143,(anonymous_15)
FN:152,(anonymous_16)
FN:157,(anonymous_17)
FN:256,(anonymous_18)
FN:270,(anonymous_19)
FN:284,(anonymous_20)
FNF:21
FNH:16
FNDA:2,normalizeTypes
FNDA:0,(anonymous_1)
FNDA:0,(anonymous_2)
FNDA:3,computeMergedScores
FNDA:1,(anonymous_4)
FNDA:1,(anonymous_5)
FNDA:2,sortMergedResults
FNDA:0,(anonymous_7)
FNDA:1,fetchArticles
FNDA:1,fetchResearch
FNDA:1,fetchCourses
FNDA:3,(anonymous_11)
FNDA:6,(anonymous_12)
FNDA:3,(anonymous_13)
FNDA:1,(anonymous_14)
FNDA:3,(anonymous_15)
FNDA:3,(anonymous_16)
FNDA:1,(anonymous_17)
FNDA:1,(anonymous_18)
FNDA:0,(anonymous_19)
FNDA:0,(anonymous_20)
DA:14,14
DA:16,14
DA:25,14
DA:28,2
DA:29,0
DA:31,0
DA:33,0
DA:34,0
DA:38,3
DA:39,1
DA:40,1
DA:41,1
DA:42,1
DA:43,1
DA:44,1
DA:46,1
DA:50,2
DA:51,0
DA:52,0
DA:53,0
DA:54,0
DA:59,1
DA:60,1
DA:64,1
DA:65,1
DA:69,1
DA:70,0
DA:74,0
DA:75,0
DA:79,1
DA:80,0
DA:84,0
DA:85,0
DA:88,14
DA:98,3
DA:99,3
DA:100,3
DA:101,0
DA:104,3
DA:105,3
DA:106,1
DA:109,2
DA:110,2
DA:111,2
DA:112,2
DA:113,2
DA:115,2
DA:116,2
DA:117,2
DA:118,2
DA:120,6
DA:127,2
DA:128,1
DA:129,1
DA:130,1
DA:132,1
DA:133,3
DA:134,3
DA:138,1
DA:143,1
DA:144,3
DA:145,2
DA:146,1
DA:147,0
DA:150,1
DA:152,1
DA:153,3
DA:154,3
DA:156,3
DA:157,3
DA:163,3
DA:164,3
DA:174,3
DA:177,1
DA:178,1
DA:180,1
DA:192,1
DA:197,1
DA:198,1
DA:199,1
DA:200,1
DA:201,1
DA:203,1
DA:204,1
DA:205,1
DA:214,0
DA:217,1
DA:218,1
DA:227,0
DA:230,1
DA:231,1
DA:240,0
DA:243,1
DA:245,1
DA:246,1
DA:247,1
DA:256,1
DA:259,1
DA:260,1
DA:261,1
DA:270,1
DA:273,1
DA:274,1
DA:275,1
DA:284,1
DA:287,1
DA:288,1
DA:290,1
DA:303,0
DA:304,0
LF:110
LH:89
BRDA:28,0,0,2
BRDA:28,0,1,0
BRDA:34,1,0,0
BRDA:34,1,1,0
BRDA:38,2,0,2
BRDA:38,2,1,1
BRDA:41,3,0,1
BRDA:41,3,1,0
BRDA:51,4,0,0
BRDA:51,4,1,0
BRDA:52,5,0,0
BRDA:52,5,1,0
BRDA:53,6,0,0
BRDA:53,6,1,0
BRDA:59,7,0,0
BRDA:59,7,1,1
BRDA:64,8,0,0
BRDA:64,8,1,1
BRDA:69,9,0,1
BRDA:69,9,1,0
BRDA:74,10,0,0
BRDA:74,10,1,0
BRDA:79,11,0,1
BRDA:79,11,1,0
BRDA:84,12,0,0
BRDA:84,12,1,0
BRDA:100,13,0,0
BRDA:100,13,1,3
BRDA:104,14,0,3
BRDA:104,14,1,3
BRDA:105,15,0,1
BRDA:105,15,1,2
BRDA:105,16,0,3
BRDA:105,16,1,2
BRDA:109,17,0,2
BRDA:109,17,1,2
BRDA:110,18,0,2
BRDA:110,18,1,2
BRDA:115,19,0,2
BRDA:115,19,1,0
BRDA:137,20,0,3
BRDA:137,20,1,0
BRDA:138,21,0,3
BRDA:138,21,1,0
BRDA:139,22,0,3
BRDA:139,22,1,2
BRDA:144,23,0,1
BRDA:144,23,1,2
BRDA:145,24,0,1
BRDA:145,24,1,1
BRDA:146,25,0,1
BRDA:146,25,1,0
BRDA:153,26,0,3
BRDA:153,26,1,0
BRDA:160,27,0,1
BRDA:160,27,1,0
BRDA:204,28,0,1
BRDA:204,28,1,0
BRDA:217,29,0,1
BRDA:217,29,1,0
BRDA:230,30,0,1
BRDA:230,30,1,0
BRDA:245,31,0,1
BRDA:245,31,1,0
BRDA:246,32,0,1
BRDA:246,32,1,0
BRDA:248,33,0,1
BRDA:248,33,1,0
BRDA:250,34,0,1
BRDA:250,34,1,0
BRDA:253,35,0,1
BRDA:253,35,1,0
BRDA:256,36,0,1
BRDA:256,36,1,0
BRDA:259,37,0,1
BRDA:259,37,1,0
BRDA:260,38,0,1
BRDA:260,38,1,1
BRDA:262,39,0,1
BRDA:262,39,1,0
BRDA:264,40,0,1
BRDA:264,40,1,1
BRDA:267,41,0,1
BRDA:267,41,1,1
BRDA:270,42,0,1
BRDA:270,42,1,0
BRDA:273,43,0,1
BRDA:273,43,1,0
BRDA:274,44,0,1
BRDA:274,44,1,1
BRDA:276,45,0,1
BRDA:276,45,1,0
BRDA:278,46,0,1
BRDA:278,46,1,1
BRDA:281,47,0,1
BRDA:281,47,1,1
BRDA:284,48,0,1
BRDA:284,48,1,0
BRF:98
BRH:58
end_of_record
TN:
SF:routes/securePdf.js
FN:10,(anonymous_0)
FNF:1
FNH:1
FNDA:1,(anonymous_0)
DA:8,13
DA:10,13
DA:11,1
DA:12,1
DA:15,1
DA:18,1
DA:24,1
DA:25,0
DA:28,1
DA:31,1
DA:33,0
DA:39,0
DA:41,0
DA:48,0
DA:49,0
DA:55,1
DA:57,1
DA:58,1
DA:62,0
DA:64,0
DA:67,0
DA:78,0
DA:79,0
DA:80,0
DA:83,0
DA:92,0
DA:100,0
DA:101,0
LF:28
LH:12
BRDA:24,0,0,0
BRDA:24,0,1,1
BRDA:24,1,0,1
BRDA:24,1,1,1
BRDA:28,2,0,1
BRDA:28,2,1,1
BRDA:31,3,0,0
BRDA:31,3,1,1
BRDA:39,4,0,0
BRDA:39,4,1,0
BRDA:48,5,0,0
BRDA:48,5,1,0
BRDA:57,6,0,1
BRDA:57,6,1,0
BRDA:62,7,0,0
BRDA:62,7,1,0
BRDA:62,8,0,0
BRDA:62,8,1,0
BRDA:78,9,0,0
BRDA:78,9,1,0
BRF:20
BRH:7
end_of_record
TN:
SF:routes/sitemap.js
FN:14,(anonymous_0)
FN:60,(anonymous_1)
FN:69,(anonymous_2)
FN:80,(anonymous_3)
FN:91,(anonymous_4)
FN:111,(anonymous_5)
FNF:6
FNH:0
FNDA:0,(anonymous_0)
FNDA:0,(anonymous_1)
FNDA:0,(anonymous_2)
FNDA:0,(anonymous_3)
FNDA:0,(anonymous_4)
FNDA:0,(anonymous_5)
DA:6,13
DA:8,13
DA:14,13
DA:16,0
DA:21,0
DA:22,0
DA:26,0
DA:31,0
DA:32,0
DA:36,0
DA:41,0
DA:42,0
DA:46,0
DA:47,0
DA:50,0
DA:51,0
DA:60,0
DA:61,0
DA:62,0
DA:63,0
DA:64,0
DA:65,0
DA:69,0
DA:70,0
DA:71,0
DA:72,0
DA:73,0
DA:74,0
DA:75,0
DA:76,0
DA:80,0
DA:81,0
DA:82,0
DA:83,0
DA:84,0
DA:85,0
DA:86,0
DA:90,0
DA:91,0
DA:92,0
DA:93,0
DA:94,0
DA:95,0
DA:96,0
DA:97,0
DA:101,0
DA:103,0
DA:104,0
DA:111,13
DA:112,0
DA:117,0
DA:118,0
LF:52
LH:4
BRDA:8,0,0,13
BRDA:8,0,1,13
BRDA:21,1,0,0
BRDA:21,1,1,0
BRDA:31,2,0,0
BRDA:31,2,1,0
BRDA:41,3,0,0
BRDA:41,3,1,0
BRDA:55,4,0,0
BRDA:55,4,1,0
BRDA:70,5,0,0
BRDA:70,5,1,0
BRDA:90,6,0,0
BRDA:90,6,1,0
BRF:14
BRH:2
end_of_record
TN:
SF:routes/upload.js
FN:18,(anonymous_0)
FN:41,(anonymous_1)
FNF:2
FNH:2
FNDA:3,(anonymous_0)
FNDA:3,(anonymous_1)
DA:11,14
DA:15,14
DA:18,14
DA:19,3
DA:20,3
DA:21,3
DA:23,3
DA:24,2
DA:26,1
DA:30,14
DA:41,14
DA:42,3
DA:43,3
DA:44,1
DA:48,2
DA:52,2
DA:53,0
DA:59,2
DA:60,2
DA:61,2
DA:62,2
DA:64,2
DA:66,2
DA:67,2
DA:70,2
DA:75,0
DA:76,0
DA:79,2
DA:83,2
DA:90,2
DA:91,1
DA:95,1
DA:99,1
DA:105,1
DA:106,1
LF:35
LH:32
BRDA:23,0,0,2
BRDA:23,0,1,1
BRDA:23,1,0,3
BRDA:23,1,1,2
BRDA:43,2,0,1
BRDA:43,2,1,2
BRDA:52,3,0,0
BRDA:52,3,1,2
BRDA:90,4,0,1
BRDA:90,4,1,1
BRF:10
BRH:9
end_of_record
TN:
SF:routes/userAuth.js
FN:30,(anonymous_0)
FN:35,(anonymous_1)
FN:45,(anonymous_2)
FN:194,(anonymous_3)
FN:273,(anonymous_4)
FN:291,(anonymous_5)
FN:309,(anonymous_6)
FN:334,(anonymous_7)
FN:365,(anonymous_8)
FN:396,(anonymous_9)
FN:469,(anonymous_10)
FNF:11
FNH:5
FNDA:6,(anonymous_0)
FNDA:0,(anonymous_1)
FNDA:1,(anonymous_2)
FNDA:2,(anonymous_3)
FNDA:0,(anonymous_4)
FNDA:0,(anonymous_5)
FNDA:3,(anonymous_6)
FNDA:0,(anonymous_7)
FNDA:0,(anonymous_8)
FNDA:0,(anonymous_9)
FNDA:4,(anonymous_10)
DA:23,13
DA:25,13
DA:30,13
DA:31,6
DA:33,6
DA:35,6
DA:36,6
DA:45,13
DA:46,1
DA:47,1
DA:49,1
DA:52,1
DA:58,1
DA:59,0
DA:66,1
DA:69,1
DA:79,1
DA:80,0
DA:83,0
DA:84,0
DA:90,0
DA:96,1
DA:97,0
DA:98,0
DA:105,1
DA:111,1
DA:112,0
DA:113,0
DA:119,1
DA:121,1
DA:132,1
DA:133,0
DA:137,0
DA:142,1
DA:143,1
DA:144,1
DA:146,1
DA:147,1
DA:149,0
DA:152,0
DA:154,0
DA:156,0
DA:157,0
DA:159,0
DA:163,0
DA:169,1
DA:181,0
DA:186,0
DA:194,13
DA:195,2
DA:196,2
DA:198,2
DA:201,2
DA:207,2
DA:208,1
DA:209,1
DA:217,1
DA:218,0
DA:225,1
DA:227,1
DA:228,0
DA:229,0
DA:237,1
DA:240,1
DA:241,1
DA:242,1
DA:244,1
DA:247,1
DA:252,1
DA:264,0
DA:265,0
DA:273,13
DA:274,0
DA:275,0
DA:277,0
DA:282,0
DA:283,0
DA:291,13
DA:292,0
DA:293,0
DA:295,0
DA:300,0
DA:301,0
DA:309,13
DA:310,3
DA:312,3
DA:318,3
DA:328,3
DA:334,3
DA:341,3
DA:356,0
DA:357,0
DA:365,13
DA:366,0
DA:367,0
DA:369,0
DA:379,0
DA:381,0
DA:387,0
DA:388,0
DA:396,13
DA:397,0
DA:398,0
DA:400,0
DA:401,0
DA:407,0
DA:408,0
DA:409,0
DA:416,0
DA:423,0
DA:424,0
DA:425,0
DA:432,0
DA:434,0
DA:443,0
DA:446,0
DA:447,0
DA:449,0
DA:455,0
DA:456,0
DA:460,13
DA:469,13
DA:470,4
DA:471,4
DA:483,4
DA:486,4
DA:487,1
DA:493,3
DA:494,3
DA:495,0
DA:501,3
DA:502,3
DA:503,0
DA:510,3
DA:511,1
DA:517,2
DA:521,2
DA:522,1
DA:529,1
DA:535,1
DA:536,0
DA:543,1
DA:549,1
DA:550,0
DA:557,1
DA:560,1
DA:561,1
DA:562,1
DA:564,1
DA:571,1
DA:572,0
DA:573,0
DA:580,1
DA:582,1
DA:603,1
DA:604,0
DA:607,0
DA:611,0
DA:618,1
DA:619,1
DA:630,0
DA:634,1
DA:635,1
DA:636,1
DA:638,1
DA:639,1
DA:641,0
DA:644,0
DA:645,0
DA:646,0
DA:648,0
DA:654,1
DA:668,0
DA:671,0
DA:672,0
DA:673,0
DA:677,0
DA:681,0
LF:178
LH:94
BRDA:31,0,0,0
BRDA:31,0,1,6
BRDA:58,1,0,0
BRDA:58,1,1,1
BRDA:74,2,0,1
BRDA:74,2,1,1
BRDA:79,3,0,0
BRDA:79,3,1,1
BRDA:83,4,0,0
BRDA:83,4,1,0
BRDA:96,5,0,0
BRDA:96,5,1,1
BRDA:96,6,0,1
BRDA:96,6,1,1
BRDA:111,7,0,0
BRDA:111,7,1,1
BRDA:111,8,0,1
BRDA:111,8,1,1
BRDA:132,9,0,0
BRDA:132,9,1,1
BRDA:143,10,0,1
BRDA:143,10,1,1
BRDA:144,11,0,1
BRDA:144,11,1,0
BRDA:207,12,0,1
BRDA:207,12,1,1
BRDA:207,13,0,2
BRDA:207,13,1,1
BRDA:217,14,0,0
BRDA:217,14,1,1
BRDA:227,15,0,0
BRDA:227,15,1,1
BRDA:241,16,0,1
BRDA:241,16,1,1
BRDA:242,17,0,1
BRDA:242,17,1,0
BRDA:318,18,0,3
BRDA:318,18,1,0
BRDA:334,19,0,3
BRDA:334,19,1,0
BRDA:336,20,0,0
BRDA:336,20,1,0
BRDA:337,21,0,0
BRDA:337,21,1,0
BRDA:379,22,0,0
BRDA:379,22,1,0
BRDA:400,23,0,0
BRDA:400,23,1,0
BRDA:400,24,0,0
BRDA:400,24,1,0
BRDA:408,25,0,0
BRDA:408,25,1,0
BRDA:424,26,0,0
BRDA:424,26,1,0
BRDA:486,27,0,1
BRDA:486,27,1,3
BRDA:486,28,0,4
BRDA:486,28,1,4
BRDA:486,28,2,4
BRDA:486,28,3,3
BRDA:486,28,4,3
BRDA:486,28,5,3
BRDA:486,28,6,3
BRDA:494,29,0,0
BRDA:494,29,1,3
BRDA:502,30,0,0
BRDA:502,30,1,3
BRDA:510,31,0,1
BRDA:510,31,1,2
BRDA:521,32,0,1
BRDA:521,32,1,1
BRDA:535,33,0,0
BRDA:535,33,1,1
BRDA:549,34,0,0
BRDA:549,34,1,1
BRDA:560,35,0,1
BRDA:560,35,1,0
BRDA:571,36,0,0
BRDA:571,36,1,1
BRDA:595,37,0,1
BRDA:595,37,1,0
BRDA:597,38,0,0
BRDA:597,38,1,1
BRDA:598,39,0,0
BRDA:598,39,1,1
BRDA:603,40,0,0
BRDA:603,40,1,1
BRDA:635,41,0,1
BRDA:635,41,1,1
BRDA:636,42,0,1
BRDA:636,42,1,0
BRDA:671,43,0,0
BRDA:671,43,1,0
BRF:93
BRH:52
end_of_record
TN:
SF:routes/admin/articles.js
FN:20,(anonymous_0)
FN:40,(anonymous_1)
FN:94,(anonymous_2)
FN:145,(anonymous_3)
FNF:4
FNH:2
FNDA:2,(anonymous_0)
FNDA:2,(anonymous_1)
FNDA:0,(anonymous_2)
FNDA:0,(anonymous_3)
DA:16,13
DA:17,13
DA:20,13
DA:21,2
DA:26,2
DA:30,13
DA:41,2
DA:42,2
DA:43,0
DA:46,2
DA:47,2
DA:48,2
DA:50,2
DA:51,2
DA:52,0
DA:53,2
DA:54,2
DA:56,0
DA:59,2
DA:76,2
DA:78,2
DA:79,2
DA:81,0
DA:84,2
DA:85,2
DA:89,13
DA:95,0
DA:96,0
DA:97,0
DA:98,0
DA:100,0
DA:106,0
DA:108,0
DA:109,0
DA:110,0
DA:111,0
DA:112,0
DA:115,0
DA:132,0
DA:134,0
DA:135,0
DA:137,0
DA:140,0
DA:141,0
DA:145,13
DA:146,0
DA:148,0
DA:153,0
DA:155,0
DA:156,0
DA:158,0
DA:161,0
DA:162,0
LF:53
LH:23
BRDA:26,0,0,2
BRDA:26,0,1,0
BRDA:42,1,0,0
BRDA:42,1,1,2
BRDA:51,2,0,0
BRDA:51,2,1,2
BRDA:53,3,0,2
BRDA:53,3,1,0
BRDA:67,4,0,2
BRDA:67,4,1,0
BRDA:69,5,0,2
BRDA:69,5,1,2
BRDA:70,6,0,2
BRDA:70,6,1,2
BRDA:76,7,0,0
BRDA:76,7,1,2
BRDA:106,8,0,0
BRDA:106,8,1,0
BRDA:109,9,0,0
BRDA:109,9,1,0
BRDA:111,10,0,0
BRDA:111,10,1,0
BRDA:123,11,0,0
BRDA:123,11,1,0
BRDA:125,12,0,0
BRDA:125,12,1,0
BRDA:126,13,0,0
BRDA:126,13,1,0
BRDA:132,14,0,0
BRDA:132,14,1,0
BRDA:153,15,0,0
BRDA:153,15,1,0
BRF:32
BRH:10
end_of_record
TN:
SF:routes/admin/auth.js
FN:21,(anonymous_0)
FN:99,(anonymous_1)
FN:108,(anonymous_2)
FNF:3
FNH:1
FNDA:3,(anonymous_0)
FNDA:0,(anonymous_1)
FNDA:0,(anonymous_2)
DA:11,13
DA:14,13
DA:22,3
DA:23,3
DA:24,0
DA:30,3
DA:33,3
DA:38,3
DA:39,1
DA:40,1
DA:41,1
DA:48,2
DA:49,0
DA:50,0
DA:57,2
DA:63,2
DA:64,1
DA:65,1
DA:66,1
DA:73,1
DA:75,1
DA:82,1
DA:99,13
DA:100,0
DA:101,0
DA:108,13
DA:109,0
DA:115,0
DA:116,0
DA:117,0
DA:120,0
LF:31
LH:21
BRDA:23,0,0,0
BRDA:23,0,1,3
BRDA:38,1,0,1
BRDA:38,1,1,2
BRDA:48,2,0,0
BRDA:48,2,1,2
BRDA:63,3,0,1
BRDA:63,3,1,1
BRDA:63,4,0,2
BRDA:63,4,1,1
BRDA:115,5,0,0
BRDA:115,5,1,0
BRF:12
BRH:8
end_of_record
TN:
SF:routes/admin/authors.js
FN:16,(anonymous_0)
FN:45,(anonymous_1)
FN:83,(anonymous_2)
FNF:3
FNH:0
FNDA:0,(anonymous_0)
FNDA:0,(anonymous_1)
FNDA:0,(anonymous_2)
DA:12,13
DA:13,13
DA:16,13
DA:17,0
DA:19,0
DA:20,0
DA:21,0
DA:22,0
DA:23,0
DA:25,0
DA:28,0
DA:40,0
DA:41,0
DA:45,13
DA:46,0
DA:47,0
DA:49,0
DA:55,0
DA:57,0
DA:58,0
DA:59,0
DA:60,0
DA:61,0
DA:64,0
DA:78,0
DA:79,0
DA:83,13
DA:84,0
DA:85,0
DA:90,0
DA:91,0
LF:31
LH:5
BRDA:20,0,0,0
BRDA:20,0,1,0
BRDA:22,1,0,0
BRDA:22,1,1,0
BRDA:32,2,0,0
BRDA:32,2,1,0
BRDA:34,3,0,0
BRDA:34,3,1,0
BRDA:35,4,0,0
BRDA:35,4,1,0
BRDA:40,5,0,0
BRDA:40,5,1,0
BRDA:55,6,0,0
BRDA:55,6,1,0
BRDA:58,7,0,0
BRDA:58,7,1,0
BRDA:60,8,0,0
BRDA:60,8,1,0
BRDA:68,9,0,0
BRDA:68,9,1,0
BRDA:70,10,0,0
BRDA:70,10,1,0
BRDA:71,11,0,0
BRDA:71,11,1,0
BRDA:78,12,0,0
BRDA:78,12,1,0
BRDA:90,13,0,0
BRDA:90,13,1,0
BRF:28
BRH:0
end_of_record
TN:
SF:routes/admin/categories.js
FN:11,(anonymous_0)
FN:25,(anonymous_1)
FN:55,(anonymous_2)
FN:80,(anonymous_3)
FNF:4
FNH:0
FNDA:0,(anonymous_0)
FNDA:0,(anonymous_1)
FNDA:0,(anonymous_2)
FNDA:0,(anonymous_3)
DA:8,13
DA:11,13
DA:12,0
DA:17,0
DA:18,0
DA:19,0
DA:21,0
DA:25,13
DA:26,0
DA:28,0
DA:29,0
DA:32,0
DA:43,0
DA:44,0
DA:45,0
DA:47,0
DA:48,0
DA:51,0
DA:55,13
DA:56,0
DA:57,0
DA:59,0
DA:72,0
DA:73,0
DA:74,0
DA:76,0
DA:80,13
DA:81,0
DA:82,0
DA:87,0
DA:88,0
DA:89,0
DA:91,0
LF:33
LH:5
BRDA:17,0,0,0
BRDA:17,0,1,0
BRDA:28,1,0,0
BRDA:28,1,1,0
BRDA:28,2,0,0
BRDA:28,2,1,0
BRDA:36,3,0,0
BRDA:36,3,1,0
BRDA:37,4,0,0
BRDA:37,4,1,0
BRDA:38,5,0,0
BRDA:38,5,1,0
BRDA:43,6,0,0
BRDA:43,6,1,0
BRDA:44,7,0,0
BRDA:44,7,1,0
BRDA:63,8,0,0
BRDA:63,8,1,0
BRDA:64,9,0,0
BRDA:64,9,1,0
BRDA:65,10,0,0
BRDA:65,10,1,0
BRDA:72,11,0,0
BRDA:72,11,1,0
BRDA:87,12,0,0
BRDA:87,12,1,0
BRF:26
BRH:0
end_of_record
TN:
SF:routes/admin/courses.js
FN:30,(anonymous_0)
FN:87,(anonymous_1)
FN:148,(anonymous_2)
FN:183,(anonymous_3)
FN:196,(anonymous_4)
FNF:5
FNH:0
FNDA:0,(anonymous_0)
FNDA:0,(anonymous_1)
FNDA:0,(anonymous_2)
FNDA:0,(anonymous_3)
FNDA:0,(anonymous_4)
DA:16,13
DA:17,13
DA:20,13
DA:31,0
DA:32,0
DA:33,0
DA:39,0
DA:41,0
DA:43,0
DA:44,0
DA:45,0
DA:46,0
DA:47,0
DA:49,0
DA:52,0
DA:70,0
DA:72,0
DA:73,0
DA:75,0
DA:78,0
DA:82,13
DA:88,0
DA:92,0
DA:94,0
DA:96,0
DA:102,0
DA:104,0
DA:105,0
DA:106,0
DA:107,0
DA:108,0
DA:111,0
DA:126,0
DA:127,0
DA:130,0
DA:136,0
DA:138,0
DA:139,0
DA:141,0
DA:144,0
DA:148,13
DA:149,0
DA:150,0
DA:151,0
DA:152,0
DA:154,0
DA:158,0
DA:159,0
DA:160,0
DA:161,0
DA:165,0
DA:169,0
DA:171,0
DA:183,13
DA:184,0
DA:185,0
DA:191,0
DA:192,0
DA:196,13
DA:197,0
DA:198,0
DA:203,0
DA:205,0
DA:206,0
DA:208,0
DA:211,0
LF:66
LH:7
BRDA:32,0,0,0
BRDA:32,0,1,0
BRDA:44,1,0,0
BRDA:44,1,1,0
BRDA:46,2,0,0
BRDA:46,2,1,0
BRDA:56,3,0,0
BRDA:56,3,1,0
BRDA:57,4,0,0
BRDA:57,4,1,0
BRDA:58,5,0,0
BRDA:58,5,1,0
BRDA:59,6,0,0
BRDA:59,6,1,0
BRDA:60,7,0,0
BRDA:60,7,1,0
BRDA:62,8,0,0
BRDA:62,8,1,0
BRDA:63,9,0,0
BRDA:63,9,1,0
BRDA:64,10,0,0
BRDA:64,10,1,0
BRDA:70,11,0,0
BRDA:70,11,1,0
BRDA:102,12,0,0
BRDA:102,12,1,0
BRDA:105,13,0,0
BRDA:105,13,1,0
BRDA:107,14,0,0
BRDA:107,14,1,0
BRDA:113,15,0,0
BRDA:113,15,1,0
BRDA:114,16,0,0
BRDA:114,16,1,0
BRDA:115,17,0,0
BRDA:115,17,1,0
BRDA:116,18,0,0
BRDA:116,18,1,0
BRDA:117,19,0,0
BRDA:117,19,1,0
BRDA:119,20,0,0
BRDA:119,20,1,0
BRDA:120,21,0,0
BRDA:120,21,1,0
BRDA:121,22,0,0
BRDA:121,22,1,0
BRDA:126,23,0,0
BRDA:126,23,1,0
BRDA:136,24,0,0
BRDA:136,24,1,0
BRDA:149,25,0,0
BRDA:149,26,0,0
BRDA:158,27,0,0
BRDA:158,27,1,0
BRDA:160,28,0,0
BRDA:160,28,1,0
BRDA:169,29,0,0
BRDA:169,29,1,0
BRDA:177,30,0,0
BRDA:177,30,1,0
BRDA:191,31,0,0
BRDA:191,31,1,0
BRDA:203,32,0,0
BRDA:203,32,1,0
BRF:64
BRH:0
end_of_record
TN:
SF:routes/admin/credits.js
FN:32,(anonymous_0)
FN:46,(anonymous_1)
FN:47,(anonymous_2)
FN:53,(anonymous_3)
FN:54,(anonymous_4)
FN:64,escapeLikePattern
FN:75,(anonymous_6)
FN:106,(anonymous_7)
FN:147,(anonymous_8)
FN:173,(anonymous_9)
FN:181,(anonymous_10)
FN:183,(anonymous_11)
FNF:12
FNH:0
FNDA:0,(anonymous_0)
FNDA:0,(anonymous_1)
FNDA:0,(anonymous_2)
FNDA:0,(anonymous_3)
FNDA:0,(anonymous_4)
FNDA:0,escapeLikePattern
FNDA:0,(anonymous_6)
FNDA:0,(anonymous_7)
FNDA:0,(anonymous_8)
FNDA:0,(anonymous_9)
FNDA:0,(anonymous_10)
FNDA:0,(anonymous_11)
DA:11,13
DA:15,13
DA:17,13
DA:33,0
DA:34,0
DA:43,13
DA:46,0
DA:47,0
DA:51,13
DA:53,0
DA:54,0
DA:65,0
DA:75,13
DA:80,0
DA:82,0
DA:94,0
DA:95,0
DA:96,0
DA:99,0
DA:106,13
DA:107,0
DA:108,0
DA:110,0
DA:112,0
DA:113,0
DA:114,0
DA:116,0
DA:117,0
DA:123,0
DA:127,0
DA:128,0
DA:129,0
DA:132,0
DA:147,13
DA:148,0
DA:150,0
DA:152,0
DA:158,0
DA:159,0
DA:160,0
DA:163,0
DA:173,13
DA:174,0
DA:179,0
DA:181,0
DA:183,0
LF:46
LH:9
BRDA:33,0,0,0
BRDA:33,0,1,0
BRDA:33,1,0,0
BRDA:33,1,1,0
BRDA:46,2,0,0
BRDA:46,2,1,0
BRDA:46,3,0,0
BRDA:46,3,1,0
BRDA:47,4,0,0
BRDA:47,4,1,0
BRDA:47,5,0,0
BRDA:47,5,1,0
BRDA:53,6,0,0
BRDA:53,6,1,0
BRDA:53,7,0,0
BRDA:53,7,1,0
BRDA:54,8,0,0
BRDA:54,8,1,0
BRDA:54,9,0,0
BRDA:54,9,1,0
BRDA:90,10,0,0
BRDA:90,10,1,0
BRDA:94,11,0,0
BRDA:94,11,1,0
BRDA:112,12,0,0
BRDA:112,12,1,0
BRDA:114,13,0,0
BRDA:114,13,1,0
BRDA:127,14,0,0
BRDA:127,14,1,0
BRDA:138,15,0,0
BRDA:138,15,1,0
BRDA:158,16,0,0
BRDA:158,16,1,0
BRDA:165,17,0,0
BRDA:165,17,1,0
BRDA:179,18,0,0
BRDA:179,18,1,0
BRDA:183,19,0,0
BRDA:183,19,1,0
BRF:40
BRH:0
end_of_record
TN:
SF:routes/admin/research.js
FN:19,(anonymous_0)
FN:53,(anonymous_1)
FN:97,(anonymous_2)
FNF:3
FNH:0
FNDA:0,(anonymous_0)
FNDA:0,(anonymous_1)
FNDA:0,(anonymous_2)
DA:15,13
DA:16,13
DA:19,13
DA:20,0
DA:21,0
DA:23,0
DA:24,0
DA:27,0
DA:29,0
DA:41,0
DA:43,0
DA:44,0
DA:46,0
DA:49,0
DA:53,13
DA:54,0
DA:55,0
DA:56,0
DA:58,0
DA:64,0
DA:66,0
DA:67,0
DA:68,0
DA:71,0
DA:85,0
DA:87,0
DA:88,0
DA:90,0
DA:93,0
DA:97,13
DA:98,0
DA:100,0
DA:105,0
DA:107,0
DA:108,0
DA:110,0
DA:113,0
LF:37
LH:5
BRDA:23,0,0,0
BRDA:23,0,1,0
BRDA:34,1,0,0
BRDA:34,1,1,0
BRDA:41,2,0,0
BRDA:41,2,1,0
BRDA:64,3,0,0
BRDA:64,3,1,0
BRDA:67,4,0,0
BRDA:67,4,1,0
BRDA:76,5,0,0
BRDA:76,5,1,0
BRDA:85,6,0,0
BRDA:85,6,1,0
BRDA:105,7,0,0
BRDA:105,7,1,0
BRF:16
BRH:0
end_of_record
TN:
SF:routes/admin/utils.js
FN:12,(anonymous_0)
FNF:1
FNH:0
FNDA:0,(anonymous_0)
DA:12,13
DA:13,0
DA:14,0
DA:15,0
DA:16,0
DA:18,0
DA:25,0
DA:26,0
DA:27,0
DA:30,0
DA:34,0
DA:36,0
DA:37,0
LF:13
LH:1
BRDA:12,0,0,0
BRDA:25,1,0,0
BRDA:25,1,1,0
BRF:3
BRH:0
end_of_record
TN:
SF:routes/admin/verifications.js
FN:14,(anonymous_0)
FN:34,(anonymous_1)
FN:70,(anonymous_2)
FN:178,(anonymous_3)
FNF:4
FNH:4
FNDA:1,(anonymous_0)
FNDA:1,(anonymous_1)
FNDA:1,(anonymous_2)
FNDA:1,(anonymous_3)
DA:8,13
DA:14,13
DA:15,1
DA:22,1
DA:23,0
DA:24,0
DA:27,1
DA:34,13
DA:35,1
DA:38,1
DA:44,1
DA:45,0
DA:52,1
DA:56,1
DA:57,0
DA:58,0
DA:61,1
DA:70,13
DA:71,1
DA:74,1
DA:80,1
DA:81,0
DA:87,1
DA:88,0
DA:95,1
DA:101,1
DA:107,1
DA:108,0
DA:114,1
DA:115,0
DA:122,1
DA:131,1
DA:132,0
DA:133,0
DA:137,1
DA:153,1
DA:154,0
DA:157,0
DA:165,0
DA:168,1
DA:178,13
DA:179,1
DA:180,1
DA:182,1
DA:183,0
DA:189,1
DA:195,1
DA:196,0
DA:202,1
DA:203,0
DA:209,1
DA:218,1
DA:219,0
DA:220,0
DA:223,1
LF:55
LH:36
BRDA:22,0,0,0
BRDA:22,0,1,1
BRDA:27,1,0,1
BRDA:27,1,1,0
BRDA:44,2,0,0
BRDA:44,2,1,1
BRDA:44,3,0,1
BRDA:44,3,1,1
BRDA:44,3,2,1
BRDA:56,4,0,0
BRDA:56,4,1,1
BRDA:56,5,0,1
BRDA:56,5,1,1
BRDA:80,6,0,0
BRDA:80,6,1,1
BRDA:80,7,0,1
BRDA:80,7,1,1
BRDA:87,8,0,0
BRDA:87,8,1,1
BRDA:107,9,0,0
BRDA:107,9,1,1
BRDA:114,10,0,0
BRDA:114,10,1,1
BRDA:131,11,0,0
BRDA:131,11,1,1
BRDA:142,12,0,1
BRDA:142,12,1,0
BRDA:143,13,0,1
BRDA:143,13,1,0
BRDA:144,14,0,1
BRDA:144,14,1,0
BRDA:145,15,0,1
BRDA:145,15,1,0
BRDA:146,16,0,1
BRDA:146,16,1,0
BRDA:147,17,0,1
BRDA:147,17,1,1
BRDA:148,18,0,1
BRDA:148,18,1,1
BRDA:153,19,0,0
BRDA:153,19,1,1
BRDA:182,20,0,0
BRDA:182,20,1,1
BRDA:182,21,0,1
BRDA:182,21,1,1
BRDA:195,22,0,0
BRDA:195,22,1,1
BRDA:195,23,0,1
BRDA:195,23,1,1
BRDA:202,24,0,0
BRDA:202,24,1,1
BRDA:218,25,0,0
BRDA:218,25,1,1
BRF:53
BRH:34
end_of_record
TN:
SF:services/vdoService.js
FN:14,(anonymous_0)
FNF:1
FNH:0
FNDA:0,(anonymous_0)
DA:5,14
DA:6,14
DA:14,14
DA:16,0
DA:17,0
DA:18,0
DA:25,0
DA:26,0
DA:27,0
DA:31,0
DA:42,0
DA:57,0
DA:62,0
DA:67,0
LF:14
LH:3
BRDA:14,0,0,0
BRDA:16,1,0,0
BRDA:16,1,1,0
BRDA:26,2,0,0
BRDA:26,2,1,0
BRDA:31,3,0,0
BRDA:31,3,1,0
BRDA:34,4,0,0
BRDA:34,4,1,0
BRDA:46,5,0,0
BRDA:46,5,1,0
BRF:11
BRH:0
end_of_record
TN:
SF:services/courses/attentionService.js
FN:26,computeHmacToken
FN:36,randomInt
FN:44,secureShuffle
FN:56,generateChallengeData
FN:66,(anonymous_4)
FN:100,generateChallenges
FN:156,getNextChallenge
FN:207,verifyChallenge
FN:284,expireChallenge
FN:297,getAttentionStatus
FN:315,(anonymous_10)
FN:316,(anonymous_11)
FNF:12
FNH:3
FNDA:1,computeHmacToken
FNDA:0,randomInt
FNDA:0,secureShuffle
FNDA:0,generateChallengeData
FNDA:0,(anonymous_4)
FNDA:0,generateChallenges
FNDA:1,getNextChallenge
FNDA:1,verifyChallenge
FNDA:0,expireChallenge
FNDA:0,getAttentionStatus
FNDA:0,(anonymous_10)
FNDA:0,(anonymous_11)
DA:5,14
DA:6,14
DA:7,0
DA:9,14
DA:12,14
DA:27,1
DA:38,0
DA:45,0
DA:46,0
DA:47,0
DA:48,0
DA:50,0
DA:57,0
DA:60,0
DA:61,0
DA:62,0
DA:63,0
DA:66,0
DA:72,0
DA:73,0
DA:74,0
DA:75,0
DA:76,0
DA:77,0
DA:86,0
DA:101,0
DA:102,0
DA:104,0
DA:106,0
DA:107,0
DA:109,0
DA:110,0
DA:111,0
DA:113,0
DA:129,0
DA:132,0
DA:133,0
DA:137,0
DA:141,0
DA:142,0
DA:143,0
DA:146,0
DA:158,1
DA:164,1
DA:165,0
DA:168,1
DA:169,0
DA:172,1
DA:173,0
DA:177,1
DA:187,1
DA:189,0
DA:192,1
DA:209,1
DA:215,1
DA:216,0
DA:219,1
DA:220,0
DA:223,1
DA:224,0
DA:227,1
DA:228,0
DA:232,1
DA:233,1
DA:234,1
DA:236,1
DA:237,1
DA:238,1
DA:242,1
DA:248,1
DA:249,0
DA:252,1
DA:258,1
DA:261,1
DA:269,1
DA:270,0
DA:273,1
DA:274,0
DA:277,1
DA:285,0
DA:298,0
DA:304,0
DA:305,0
DA:309,0
DA:314,0
DA:315,0
DA:316,0
DA:318,0
LF:88
LH:31
BRDA:6,0,0,0
BRDA:6,0,1,14
BRDA:57,1,0,0
BRDA:57,1,1,0
BRDA:57,1,2,0
BRDA:57,1,3,0
BRDA:76,2,0,0
BRDA:76,2,1,0
BRDA:107,3,0,0
BRDA:107,3,1,0
BRDA:121,4,0,0
BRDA:121,4,1,0
BRDA:132,5,0,0
BRDA:132,5,1,0
BRDA:141,6,0,0
BRDA:141,6,1,0
BRDA:164,7,0,0
BRDA:164,7,1,1
BRDA:164,8,0,1
BRDA:164,8,1,1
BRDA:168,9,0,0
BRDA:168,9,1,1
BRDA:172,10,0,0
BRDA:172,10,1,1
BRDA:172,11,0,1
BRDA:172,11,1,0
BRDA:187,12,0,0
BRDA:187,12,1,1
BRDA:187,13,0,1
BRDA:187,13,1,1
BRDA:215,14,0,0
BRDA:215,14,1,1
BRDA:215,15,0,1
BRDA:215,15,1,1
BRDA:219,16,0,0
BRDA:219,16,1,1
BRDA:223,17,0,0
BRDA:223,17,1,1
BRDA:227,18,0,0
BRDA:227,18,1,1
BRDA:237,19,0,1
BRDA:237,19,1,0
BRDA:248,20,0,0
BRDA:248,20,1,1
BRDA:258,21,0,1
BRDA:258,21,1,0
BRDA:269,22,0,0
BRDA:269,22,1,1
BRDA:273,23,0,0
BRDA:273,23,1,1
BRDA:304,24,0,0
BRDA:304,24,1,0
BRDA:304,25,0,0
BRDA:304,25,1,0
BRDA:314,26,0,0
BRDA:314,26,1,0
BRDA:315,27,0,0
BRDA:315,27,1,0
BRDA:316,28,0,0
BRDA:316,28,1,0
BRF:60
BRH:21
end_of_record
TN:
SF:services/courses/courseAccessService.js
FN:4,getApplicableTypedCredits
FN:18,(anonymous_1)
FN:30,(anonymous_2)
FN:46,getCourseAccessDetails
FNF:4
FNH:4
FNDA:1,getApplicableTypedCredits
FNDA:1,(anonymous_1)
FNDA:1,(anonymous_2)
FNDA:7,getCourseAccessDetails
DA:5,1
DA:11,1
DA:12,0
DA:15,1
DA:16,1
DA:18,1
DA:20,1
DA:26,1
DA:27,0
DA:30,1
DA:32,1
DA:33,1
DA:34,1
DA:43,1
DA:47,7
DA:48,7
DA:49,1
DA:52,6
DA:53,6
DA:55,6
DA:56,5
DA:57,5
DA:58,4
DA:65,4
DA:66,1
DA:69,3
DA:70,2
DA:73,1
DA:74,1
DA:77,5
DA:78,5
DA:79,1
DA:82,5
LF:33
LH:31
BRDA:11,0,0,0
BRDA:11,0,1,1
BRDA:16,1,0,0
BRDA:16,1,1,1
BRDA:16,2,0,1
BRDA:16,2,1,1
BRDA:26,3,0,0
BRDA:26,3,1,1
BRDA:30,4,0,1
BRDA:30,4,1,0
BRDA:33,5,0,1
BRDA:33,5,1,0
BRDA:48,6,0,1
BRDA:48,6,1,6
BRDA:55,7,0,5
BRDA:55,7,1,1
BRDA:57,8,0,4
BRDA:57,8,1,1
BRDA:65,9,0,1
BRDA:65,9,1,3
BRDA:65,10,0,4
BRDA:65,10,1,2
BRDA:69,11,0,2
BRDA:69,11,1,1
BRDA:73,12,0,1
BRDA:73,12,1,0
BRDA:78,13,0,1
BRDA:78,13,1,4
BRDA:78,14,0,5
BRDA:78,14,1,3
BRF:30
BRH:24
end_of_record
TN:
SF:services/courses/courseBillingService.js
FN:4,consumePlaybackHeartbeat
FNF:1
FNH:1
FNDA:4,consumePlaybackHeartbeat
DA:5,4
DA:12,4
DA:14,4
DA:15,2
DA:16,2
DA:19,2
LF:6
LH:6
BRDA:7,0,0,4
BRDA:7,0,1,0
BRDA:8,1,0,4
BRDA:8,1,1,0
BRDA:9,2,0,4
BRDA:9,2,1,0
BRDA:14,3,0,2
BRDA:14,3,1,2
BRF:8
BRH:5
end_of_record
TN:
SF:services/courses/courseCatalogService.js
FN:27,listPublicCourses
FN:56,(anonymous_1)
FN:119,getPublicCourseById
FNF:3
FNH:2
FNDA:2,listPublicCourses
FNDA:0,(anonymous_1)
FNDA:2,getPublicCourseById
DA:6,14
DA:28,2
DA:29,2
DA:30,2
DA:31,2
DA:33,2
DA:37,2
DA:38,0
DA:41,2
DA:42,0
DA:45,2
DA:46,0
DA:55,0
DA:56,0
DA:57,0
DA:59,0
DA:60,0
DA:71,0
DA:76,0
DA:77,0
DA:78,0
DA:81,0
DA:82,0
DA:93,0
DA:94,0
DA:95,0
DA:99,2
DA:103,2
DA:104,0
DA:105,0
DA:108,2
DA:120,2
DA:126,2
DA:127,0
DA:128,0
DA:129,0
DA:131,2
LF:37
LH:15
BRDA:28,0,0,0
BRDA:28,1,0,0
BRDA:37,2,0,0
BRDA:37,2,1,2
BRDA:41,3,0,0
BRDA:41,3,1,2
BRDA:45,4,0,0
BRDA:45,4,1,2
BRDA:50,5,0,0
BRDA:50,5,1,0
BRDA:51,6,0,0
BRDA:51,6,1,0
BRDA:55,7,0,0
BRDA:55,7,1,0
BRDA:57,8,0,0
BRDA:57,8,1,0
BRDA:59,9,0,0
BRDA:59,9,1,0
BRDA:76,10,0,0
BRDA:76,10,1,0
BRDA:94,11,0,0
BRDA:94,11,1,0
BRDA:103,12,0,0
BRDA:103,12,1,2
BRDA:126,13,0,0
BRDA:126,13,1,2
BRDA:127,14,0,0
BRDA:127,14,1,0
BRF:28
BRH:5
end_of_record
TN:
SF:services/courses/coursePlaybackService.js
FN:9,(anonymous_0)
FN:11,createPlaybackSession
FNF:2
FNH:2
FNDA:5,(anonymous_0)
FNDA:8,createPlaybackSession
DA:7,15
DA:9,15
DA:12,8
DA:18,8
DA:19,1
DA:22,7
DA:23,1
DA:30,1
DA:31,1
DA:35,6
DA:36,6
DA:37,1
DA:43,1
DA:44,1
DA:45,1
DA:50,1
DA:51,1
DA:52,1
DA:56,5
DA:57,5
DA:68,5
DA:69,0
DA:70,0
DA:73,5
DA:75,5
DA:77,2
DA:78,0
DA:82,2
DA:83,1
DA:87,1
DA:90,1
DA:91,1
DA:92,1
DA:98,0
DA:99,0
DA:101,1
DA:104,1
DA:105,0
DA:107,1
DA:108,1
DA:111,1
DA:116,1
DA:119,1
DA:120,0
DA:122,1
DA:126,1
DA:130,1
DA:131,0
DA:133,1
DA:137,1
DA:142,5
DA:143,5
DA:144,1
DA:145,1
DA:155,0
DA:160,5
LF:56
LH:47
BRDA:7,0,0,15
BRDA:7,0,1,15
BRDA:18,1,0,1
BRDA:18,1,1,7
BRDA:18,2,0,8
BRDA:18,2,1,7
BRDA:22,3,0,1
BRDA:22,3,1,6
BRDA:30,4,0,1
BRDA:30,4,1,0
BRDA:36,5,0,1
BRDA:36,5,1,5
BRDA:43,6,0,1
BRDA:43,6,1,1
BRDA:44,7,0,1
BRDA:44,7,1,1
BRDA:50,8,0,1
BRDA:50,8,1,0
BRDA:51,9,0,1
BRDA:51,9,1,0
BRDA:51,10,0,1
BRDA:51,10,1,1
BRDA:51,10,2,1
BRDA:68,11,0,0
BRDA:68,11,1,5
BRDA:75,12,0,2
BRDA:75,12,1,1
BRDA:75,12,2,1
BRDA:75,12,3,1
BRDA:75,12,4,1
BRDA:77,13,0,0
BRDA:77,13,1,2
BRDA:82,14,0,1
BRDA:82,14,1,1
BRDA:104,15,0,0
BRDA:104,15,1,1
BRDA:108,16,0,0
BRDA:108,16,1,1
BRDA:119,17,0,0
BRDA:119,17,1,1
BRDA:130,18,0,0
BRDA:130,18,1,1
BRDA:143,19,0,1
BRDA:143,19,1,4
BRDA:143,20,0,5
BRDA:143,20,1,1
BRDA:151,21,0,1
BRDA:151,21,1,1
BRDA:152,22,0,1
BRDA:152,22,1,1
BRDA:167,23,0,5
BRDA:167,23,1,4
BRF:52
BRH:43
end_of_record
TN:
SF:services/courses/coursePurchaseService.js
FN:4,purchaseCourseAccess
FNF:1
FNH:1
FNDA:6,purchaseCourseAccess
DA:5,6
DA:11,6
DA:12,1
DA:13,1
DA:16,5
DA:17,2
DA:20,3
LF:7
LH:7
BRDA:8,0,0,6
BRDA:8,0,1,0
BRDA:11,1,0,1
BRDA:11,1,1,5
BRDA:16,2,0,2
BRDA:16,2,1,3
BRDA:17,3,0,2
BRDA:17,3,1,2
BRDA:17,3,2,0
BRF:9
BRH:7
end_of_record
TN:
SF:services/courses/courseQuizService.js
FN:12,generateQuizForCourse
FN:89,getLatestQuizForCourse
FN:113,(anonymous_2)
FN:121,submitQuizAnswers
FN:149,(anonymous_4)
FNF:5
FNH:5
FNDA:1,generateQuizForCourse
FNDA:1,getLatestQuizForCourse
FNDA:1,(anonymous_2)
FNDA:1,submitQuizAnswers
FNDA:1,(anonymous_4)
DA:7,14
DA:13,1
DA:14,1
DA:15,0
DA:18,1
DA:24,1
DA:25,0
DA:28,1
DA:30,1
DA:56,1
DA:57,1
DA:58,1
DA:60,0
DA:61,0
DA:64,1
DA:67,1
DA:68,1
DA:70,0
DA:73,1
DA:82,1
DA:83,0
DA:86,1
DA:90,1
DA:97,1
DA:98,0
DA:101,1
DA:109,1
DA:110,0
DA:113,1
DA:118,1
DA:122,1
DA:123,0
DA:126,1
DA:132,1
DA:133,0
DA:136,1
DA:137,1
DA:138,0
DA:141,1
DA:142,1
DA:143,0
DA:147,1
DA:149,1
DA:150,1
DA:151,1
DA:155,1
DA:156,1
DA:158,1
DA:165,1
DA:166,0
DA:169,1
LF:51
LH:38
BRDA:14,0,0,0
BRDA:14,0,1,1
BRDA:24,1,0,0
BRDA:24,1,1,1
BRDA:24,2,0,1
BRDA:24,2,1,1
BRDA:82,3,0,0
BRDA:82,3,1,1
BRDA:97,4,0,0
BRDA:97,4,1,1
BRDA:109,5,0,0
BRDA:109,5,1,1
BRDA:122,6,0,0
BRDA:122,6,1,1
BRDA:132,7,0,0
BRDA:132,7,1,1
BRDA:137,8,0,0
BRDA:137,8,1,1
BRDA:142,9,0,0
BRDA:142,9,1,1
BRDA:142,10,0,1
BRDA:142,10,1,1
BRDA:142,10,2,1
BRDA:150,11,0,1
BRDA:150,11,1,0
BRDA:165,12,0,0
BRDA:165,12,1,1
BRF:27
BRH:16
end_of_record
TN:
SF:services/courses/hlsService.js
FN:7,parseSupabaseSource
FN:26,isRelativeUri
FN:30,sanitizePlaylistPath
FN:38,createSignedUrl
FN:48,rewriteUriLine
FN:59,rewriteAttributeUri
FN:81,buildSignedManifest
FN:97,(anonymous_7)
FN:102,(anonymous_8)
FNF:9
FNH:1
FNDA:1,parseSupabaseSource
FNDA:0,isRelativeUri
FNDA:0,sanitizePlaylistPath
FNDA:0,createSignedUrl
FNDA:0,rewriteUriLine
FNDA:0,rewriteAttributeUri
FNDA:0,buildSignedManifest
FNDA:0,(anonymous_7)
FNDA:0,(anonymous_8)
DA:5,15
DA:8,1
DA:9,1
DA:10,0
DA:11,0
DA:12,0
DA:13,0
DA:14,0
DA:17,1
DA:18,1
DA:19,0
DA:20,0
DA:23,1
DA:27,0
DA:31,0
DA:32,0
DA:33,0
DA:35,0
DA:39,0
DA:44,0
DA:45,0
DA:49,0
DA:50,0
DA:51,0
DA:52,0
DA:53,0
DA:54,0
DA:56,0
DA:60,0
DA:61,0
DA:62,0
DA:63,0
DA:64,0
DA:66,0
DA:67,0
DA:68,0
DA:69,0
DA:70,0
DA:71,0
DA:73,0
DA:74,0
DA:77,0
DA:78,0
DA:82,0
DA:83,0
DA:84,0
DA:87,0
DA:88,0
DA:89,0
DA:93,0
DA:94,0
DA:95,0
DA:97,0
DA:98,0
DA:99,0
DA:102,0
DA:103,0
DA:104,0
DA:108,0
DA:111,0
DA:112,0
DA:114,0
DA:115,0
DA:116,0
DA:117,0
DA:120,0
DA:121,0
DA:122,0
DA:123,0
DA:126,0
DA:127,0
DA:130,0
LF:72
LH:6
BRDA:5,0,0,15
BRDA:5,0,1,15
BRDA:8,1,0,0
BRDA:8,1,1,1
BRDA:9,2,0,0
BRDA:9,2,1,1
BRDA:12,3,0,0
BRDA:12,3,1,0
BRDA:12,4,0,0
BRDA:12,4,1,0
BRDA:18,5,0,0
BRDA:18,5,1,1
BRDA:27,6,0,0
BRDA:27,6,1,0
BRDA:27,6,2,0
BRDA:31,7,0,0
BRDA:31,7,1,0
BRDA:32,8,0,0
BRDA:32,8,1,0
BRDA:32,9,0,0
BRDA:32,9,1,0
BRDA:44,10,0,0
BRDA:44,10,1,0
BRDA:49,11,0,0
BRDA:49,11,1,0
BRDA:49,12,0,0
BRDA:49,12,1,0
BRDA:51,13,0,0
BRDA:51,13,1,0
BRDA:52,14,0,0
BRDA:52,14,1,0
BRDA:53,15,0,0
BRDA:53,15,1,0
BRDA:60,16,0,0
BRDA:60,16,1,0
BRDA:70,17,0,0
BRDA:70,17,1,0
BRDA:71,18,0,0
BRDA:71,18,1,0
BRDA:83,19,0,0
BRDA:83,19,1,0
BRDA:89,20,0,0
BRDA:89,20,1,0
BRDA:115,21,0,0
BRDA:115,21,1,0
BRDA:120,22,0,0
BRDA:120,22,1,0
BRF:47
BRH:5
end_of_record
TN:
SF:services/credits/creditsService.js
FN:14,getCreditBalance
FN:44,(anonymous_1)
FN:57,redeemLicenseCode
FN:91,consumeVideoMinutes
FN:115,consumeArticleCredit
FN:146,consumeResearchCredit
FN:193,checkContentAccess
FN:253,checkArticleAccess
FN:268,checkResearchAccess
FN:283,getTransactions
FNF:10
FNH:8
FNDA:4,getCreditBalance
FNDA:0,(anonymous_1)
FNDA:6,redeemLicenseCode
FNDA:4,consumeVideoMinutes
FNDA:3,consumeArticleCredit
FNDA:0,consumeResearchCredit
FNDA:4,checkContentAccess
FNDA:1,checkArticleAccess
FNDA:3,checkResearchAccess
FNDA:2,getTransactions
DA:5,14
DA:15,4
DA:21,4
DA:22,2
DA:23,2
DA:26,2
DA:28,2
DA:35,2
DA:36,0
DA:37,0
DA:44,2
DA:51,2
DA:58,6
DA:60,6
DA:67,6
DA:68,0
DA:69,0
DA:72,6
DA:73,4
DA:76,2
DA:92,4
DA:99,4
DA:100,0
DA:101,0
DA:104,4
DA:105,1
DA:108,3
DA:116,3
DA:122,3
DA:126,2
DA:127,1
DA:128,1
DA:130,1
DA:131,1
DA:134,1
DA:135,1
DA:138,0
DA:147,0
DA:153,0
DA:155,0
DA:156,0
DA:157,0
DA:159,0
DA:160,0
DA:163,0
DA:164,0
DA:167,0
DA:206,4
DA:212,4
DA:213,2
DA:214,1
DA:216,1
DA:217,1
DA:220,2
DA:223,2
DA:224,0
DA:228,2
DA:229,0
DA:233,2
DA:234,0
DA:238,2
DA:245,2
DA:246,0
DA:249,2
DA:254,1
DA:269,3
DA:284,2
DA:285,2
DA:286,2
DA:288,2
DA:295,2
DA:296,0
DA:299,2
DA:301,2
DA:302,1
DA:303,1
DA:306,1
LF:77
LH:55
BRDA:21,0,0,2
BRDA:21,0,1,2
BRDA:21,1,0,4
BRDA:21,1,1,3
BRDA:26,2,0,2
BRDA:26,2,1,1
BRDA:35,3,0,0
BRDA:35,3,1,2
BRDA:44,4,0,2
BRDA:44,4,1,1
BRDA:46,5,0,0
BRDA:46,5,1,0
BRDA:47,6,0,0
BRDA:47,6,1,0
BRDA:67,7,0,0
BRDA:67,7,1,6
BRDA:72,8,0,4
BRDA:72,8,1,2
BRDA:73,9,0,4
BRDA:73,9,1,0
BRDA:99,10,0,0
BRDA:99,10,1,4
BRDA:104,11,0,1
BRDA:104,11,1,3
BRDA:105,12,0,1
BRDA:105,12,1,0
BRDA:122,13,0,2
BRDA:122,13,1,1
BRDA:126,14,0,1
BRDA:126,14,1,1
BRDA:134,15,0,1
BRDA:134,15,1,0
BRDA:135,16,0,1
BRDA:135,16,1,0
BRDA:140,17,0,0
BRDA:140,17,1,0
BRDA:153,18,0,0
BRDA:153,18,1,0
BRDA:155,19,0,0
BRDA:155,19,1,0
BRDA:163,20,0,0
BRDA:163,20,1,0
BRDA:164,21,0,0
BRDA:164,21,1,0
BRDA:169,22,0,0
BRDA:169,22,1,0
BRDA:212,23,0,2
BRDA:212,23,1,2
BRDA:213,24,0,1
BRDA:213,24,1,1
BRDA:220,25,0,2
BRDA:220,25,1,0
BRDA:223,26,0,0
BRDA:223,26,1,2
BRDA:228,27,0,0
BRDA:228,27,1,2
BRDA:233,28,0,0
BRDA:233,28,1,2
BRDA:245,29,0,0
BRDA:245,29,1,2
BRDA:245,30,0,2
BRDA:245,30,1,1
BRDA:253,31,0,1
BRDA:268,32,0,3
BRDA:283,33,0,1
BRDA:283,34,0,1
BRDA:284,35,0,2
BRDA:284,35,1,0
BRDA:285,36,0,2
BRDA:285,36,1,0
BRDA:295,37,0,0
BRDA:295,37,1,2
BRDA:301,38,0,1
BRDA:301,38,1,1
BRDA:313,39,0,1
BRDA:313,39,1,0
BRF:76
BRH:44
end_of_record
TN:
SF:services/search/indexer.js
FN:7,normalizeArray
FN:13,normalizeArrayValues
FN:15,(anonymous_2)
FN:19,safeString
FN:23,prepareArticleDoc
FN:44,prepareResearchDoc
FN:61,prepareCourseDoc
FN:85,addDocuments
FN:95,deleteDocument
FN:104,indexArticle
FN:109,indexResearch
FN:114,indexCourse
FN:119,indexArticlesBatch
FN:123,indexResearchBatch
FN:127,indexCoursesBatch
FN:131,removeArticle
FN:135,removeResearch
FN:139,removeCourse
FNF:18
FNH:6
FNDA:4,normalizeArray
FNDA:2,normalizeArrayValues
FNDA:0,(anonymous_2)
FNDA:6,safeString
FNDA:2,prepareArticleDoc
FNDA:0,prepareResearchDoc
FNDA:0,prepareCourseDoc
FNDA:2,addDocuments
FNDA:0,deleteDocument
FNDA:2,indexArticle
FNDA:0,indexResearch
FNDA:0,indexCourse
FNDA:0,indexArticlesBatch
FNDA:0,indexResearchBatch
FNDA:0,indexCoursesBatch
FNDA:0,removeArticle
FNDA:0,removeResearch
FNDA:0,removeCourse
DA:4,13
DA:5,13
DA:8,4
DA:9,2
DA:10,0
DA:14,2
DA:15,0
DA:20,6
DA:24,2
DA:25,2
DA:26,2
DA:27,2
DA:45,0
DA:46,0
DA:47,0
DA:62,0
DA:63,0
DA:64,0
DA:67,0
DA:68,0
DA:86,2
DA:87,0
DA:88,0
DA:89,0
DA:90,0
DA:91,0
DA:92,0
DA:96,0
DA:97,0
DA:98,0
DA:99,0
DA:100,0
DA:101,0
DA:105,2
DA:106,2
DA:110,0
DA:111,0
DA:115,0
DA:116,0
DA:120,0
DA:124,0
DA:128,0
DA:132,0
DA:136,0
DA:140,0
LF:45
LH:13
BRDA:8,0,0,2
BRDA:8,0,1,2
BRDA:9,1,0,2
BRDA:9,1,1,0
BRDA:20,2,0,3
BRDA:20,2,1,3
BRDA:24,3,0,2
BRDA:24,3,1,2
BRDA:25,4,0,2
BRDA:25,4,1,2
BRDA:38,5,0,2
BRDA:38,5,1,2
BRDA:40,6,0,2
BRDA:40,6,1,2
BRDA:40,6,2,2
BRDA:46,7,0,0
BRDA:46,7,1,0
BRDA:57,8,0,0
BRDA:57,8,1,0
BRDA:57,8,2,0
BRDA:62,9,0,0
BRDA:62,9,1,0
BRDA:64,10,0,0
BRDA:64,10,1,0
BRDA:64,11,0,0
BRDA:64,11,1,0
BRDA:64,11,2,0
BRDA:81,12,0,0
BRDA:81,12,1,0
BRDA:81,12,2,0
BRDA:86,13,0,2
BRDA:86,13,1,0
BRDA:87,14,0,0
BRDA:87,14,1,0
BRDA:96,15,0,0
BRDA:96,15,1,0
BRDA:105,16,0,0
BRDA:105,16,1,2
BRDA:110,17,0,0
BRDA:110,17,1,0
BRDA:115,18,0,0
BRDA:115,18,1,0
BRF:42
BRH:16
end_of_record
TN:
SF:services/search/meiliClient.js
FN:9,isMeiliEnabled
FN:17,getMeiliClient
FN:28,isIndexNotFound
FN:36,ensureIndex
FN:55,ensureMeiliIndexes
FN:59,(anonymous_5)
FN:71,searchIndex
FNF:7
FNH:1
FNDA:8,isMeiliEnabled
FNDA:0,getMeiliClient
FNDA:0,isIndexNotFound
FNDA:0,ensureIndex
FNDA:0,ensureMeiliIndexes
FNDA:0,(anonymous_5)
FNDA:0,searchIndex
DA:6,15
DA:7,15
DA:10,8
DA:18,0
DA:19,0
DA:20,0
DA:25,0
DA:29,0
DA:38,0
DA:39,0
DA:41,0
DA:42,0
DA:43,0
DA:44,0
DA:47,0
DA:48,0
DA:49,0
DA:52,0
DA:56,0
DA:57,0
DA:59,0
DA:60,0
DA:61,0
DA:62,0
DA:63,0
DA:65,0
DA:68,0
DA:72,0
DA:73,0
DA:74,0
DA:75,0
DA:76,0
LF:32
LH:3
BRDA:11,0,0,8
BRDA:11,0,1,0
BRDA:11,0,2,0
BRDA:18,1,0,0
BRDA:18,1,1,0
BRDA:19,2,0,0
BRDA:19,2,1,0
BRDA:30,3,0,0
BRDA:30,3,1,0
BRDA:30,3,2,0
BRDA:41,4,0,0
BRDA:41,4,1,0
BRDA:47,5,0,0
BRDA:47,5,1,0
BRDA:56,6,0,0
BRDA:56,6,1,0
BRDA:56,7,0,0
BRDA:56,7,1,0
BRDA:57,8,0,0
BRDA:57,8,1,0
BRDA:71,9,0,0
BRDA:72,10,0,0
BRDA:72,10,1,0
BRF:23
BRH:1
end_of_record
TN:
SF:services/search/normalize.js
FN:6,stripHtml
FN:11,normalizeArabic
FN:29,normalizeText
FN:38,normalizeQuery
FN:42,truncateText
FNF:5
FNH:5
FNDA:4,stripHtml
FNDA:7,normalizeArabic
FNDA:14,normalizeText
FNDA:6,normalizeQuery
FNDA:4,truncateText
DA:3,16
DA:4,16
DA:7,4
DA:8,0
DA:12,7
DA:13,7
DA:15,7
DA:16,7
DA:19,7
DA:26,7
DA:30,14
DA:31,7
DA:32,7
DA:33,7
DA:34,7
DA:35,7
DA:39,6
DA:43,4
DA:44,0
DA:45,0
DA:46,0
LF:21
LH:17
BRDA:7,0,0,4
BRDA:7,0,1,0
BRDA:12,1,0,0
BRDA:12,1,1,7
BRDA:30,2,0,7
BRDA:30,2,1,7
BRDA:42,3,0,0
BRDA:43,4,0,4
BRDA:43,4,1,0
BRDA:45,5,0,0
BRDA:45,5,1,0
BRF:11
BRH:5
end_of_record
TN:
SF:services/search/searchConfig.js
FNF:0
FNH:0
DA:1,16
DA:80,16
DA:86,16
LF:3
LH:3
BRF:0
BRH:0
end_of_record
TN:
SF:services/search/searchService.js
FN:5,escapeFilterValue
FN:9,buildFilterString
FN:15,(anonymous_2)
FN:28,meiliSearch
FN:46,orderByIdList
FN:47,(anonymous_5)
FN:48,(anonymous_6)
FN:51,getHitScore
FNF:8
FNH:4
FNDA:0,escapeFilterValue
FNDA:0,buildFilterString
FNDA:0,(anonymous_2)
FNDA:0,meiliSearch
FNDA:1,orderByIdList
FNDA:1,(anonymous_5)
FNDA:1,(anonymous_6)
FNDA:1,getHitScore
DA:6,0
DA:10,0
DA:11,0
DA:12,0
DA:13,0
DA:14,0
DA:15,0
DA:16,0
DA:17,0
DA:19,0
DA:20,0
DA:21,0
DA:23,0
DA:25,0
DA:29,0
DA:30,0
DA:31,0
DA:32,0
DA:33,0
DA:34,0
DA:41,0
DA:42,0
DA:47,1
DA:48,1
DA:52,1
DA:53,0
DA:54,0
LF:27
LH:3
BRDA:9,0,0,0
BRDA:12,1,0,0
BRDA:12,1,1,0
BRDA:12,2,0,0
BRDA:12,2,1,0
BRDA:12,2,2,0
BRDA:13,3,0,0
BRDA:13,3,1,0
BRDA:14,4,0,0
BRDA:14,4,1,0
BRDA:19,5,0,0
BRDA:19,5,1,0
BRDA:19,6,0,0
BRDA:19,6,1,0
BRDA:25,7,0,0
BRDA:25,7,1,0
BRDA:28,8,0,0
BRDA:28,9,0,0
BRDA:28,10,0,0
BRDA:28,11,0,0
BRDA:29,12,0,0
BRDA:29,12,1,0
BRDA:51,13,0,0
BRDA:52,14,0,1
BRDA:52,14,1,0
BRDA:53,15,0,0
BRDA:53,15,1,0
BRF:27
BRH:1
end_of_record
TN:
SF:utils/asyncHandler.js
FN:1,(anonymous_0)
FN:1,(anonymous_1)
FNF:2
FNH:2
FNDA:1051,(anonymous_0)
FNDA:68,(anonymous_1)
DA:1,1051
DA:2,68
LF:2
LH:2
BRF:0
BRH:0
end_of_record
TN:
SF:utils/errors.js
FN:2,(anonymous_0)
FN:14,(anonymous_1)
FN:20,(anonymous_2)
FN:26,(anonymous_3)
FN:32,(anonymous_4)
FN:38,(anonymous_5)
FN:44,(anonymous_6)
FN:50,(anonymous_7)
FNF:8
FNH:4
FNDA:28,(anonymous_0)
FNDA:3,(anonymous_1)
FNDA:0,(anonymous_2)
FNDA:1,(anonymous_3)
FNDA:2,(anonymous_4)
FNDA:0,(anonymous_5)
FNDA:0,(anonymous_6)
FNDA:0,(anonymous_7)
DA:3,28
DA:4,28
DA:5,28
DA:6,28
DA:7,28
DA:8,28
DA:9,28
DA:15,3
DA:21,0
DA:27,1
DA:33,2
DA:39,0
DA:45,0
DA:51,0
LF:14
LH:10
BRDA:2,0,0,0
BRDA:2,1,0,1
BRDA:2,2,0,28
BRDA:2,3,0,22
BRDA:14,4,0,0
BRDA:20,5,0,0
BRDA:26,6,0,0
BRDA:32,7,0,0
BRDA:38,8,0,0
BRDA:44,9,0,0
BRDA:50,10,0,0
BRF:11
BRH:3
end_of_record
TN:
SF:utils/fileValidation.js
FN:10,(anonymous_0)
FNF:1
FNH:1
FNDA:4,(anonymous_0)
DA:10,15
DA:11,4
DA:12,4
DA:14,4
DA:15,1
DA:18,3
DA:20,3
DA:26,0
DA:27,0
LF:9
LH:7
BRDA:14,0,0,1
BRDA:14,0,1,3
BRF:2
BRH:2
end_of_record
TN:
SF:utils/phone.js
FN:8,(anonymous_0)
FN:14,(anonymous_1)
FN:21,(anonymous_2)
FNF:3
FNH:3
FNDA:9,(anonymous_0)
FNDA:3,(anonymous_1)
FNDA:3,(anonymous_2)
DA:1,13
DA:8,13
DA:9,9
DA:10,9
DA:11,9
DA:14,13
DA:15,3
DA:17,3
DA:18,3
DA:21,13
DA:22,3
DA:24,3
DA:25,0
DA:27,3
DA:28,0
DA:30,3
DA:31,0
DA:33,3
LF:18
LH:15
BRDA:8,0,0,0
BRDA:11,1,0,0
BRDA:11,1,1,9
BRDA:24,2,0,0
BRDA:24,2,1,3
BRDA:27,3,0,0
BRDA:27,3,1,3
BRDA:30,4,0,0
BRDA:30,4,1,3
BRDA:30,5,0,3
BRDA:30,5,1,0
BRF:11
BRH:5
end_of_record
TN:
SF:utils/queryFields.js
FNF:0
FNH:0
DA:6,16
DA:7,16
DA:9,16
DA:11,16
DA:12,16
DA:14,16
DA:15,16
DA:16,16
LF:8
LH:8
BRF:0
BRH:0
end_of_record
TN:
SF:utils/searchUtils.js
FN:14,sanitizeSearchInput
FN:75,buildFtsQuery
FN:89,(anonymous_2)
FN:96,(anonymous_3)
FN:105,isValidSearchTerm
FNF:5
FNH:5
FNDA:22,sanitizeSearchInput
FNDA:8,buildFtsQuery
FNDA:11,(anonymous_2)
FNDA:9,(anonymous_3)
FNDA:5,isValidSearchTerm
DA:15,22
DA:16,5
DA:20,17
DA:23,17
DA:24,17
DA:25,1
DA:29,17
DA:33,17
DA:40,17
DA:49,17
DA:65,17
DA:76,8
DA:77,2
DA:81,6
DA:85,6
DA:89,11
DA:91,6
DA:92,1
DA:96,9
DA:106,5
DA:107,5
LF:21
LH:21
BRDA:15,0,0,5
BRDA:15,0,1,17
BRDA:15,1,0,22
BRDA:15,1,1,17
BRDA:24,2,0,1
BRDA:24,2,1,16
BRDA:76,3,0,2
BRDA:76,3,1,6
BRDA:76,4,0,8
BRDA:76,4,1,6
BRDA:91,5,0,1
BRDA:91,5,1,5
BRF:12
BRH:12
end_of_record
