TN:
SF:services/courses/attentionService.js
FN:26,computeHmacToken
FN:36,randomInt
FN:44,secureShuffle
FN:56,generateChallengeData
FN:66,(anonymous_4)
FN:100,generateChallenges
FN:156,getNextChallenge
FN:207,verifyChallenge
FN:284,expireChallenge
FN:297,getAttentionStatus
FN:315,(anonymous_10)
FN:316,(anonymous_11)
FNF:12
FNH:3
FNDA:1,computeHmacToken
FNDA:0,randomInt
FNDA:0,secureShuffle
FNDA:0,generateChallengeData
FNDA:0,(anonymous_4)
FNDA:0,generateChallenges
FNDA:1,getNextChallenge
FNDA:1,verifyChallenge
FNDA:0,expireChallenge
FNDA:0,getAttentionStatus
FNDA:0,(anonymous_10)
FNDA:0,(anonymous_11)
DA:5,13
DA:6,13
DA:7,0
DA:9,13
DA:12,13
DA:27,1
DA:38,0
DA:45,0
DA:46,0
DA:47,0
DA:48,0
DA:50,0
DA:57,0
DA:60,0
DA:61,0
DA:62,0
DA:63,0
DA:66,0
DA:72,0
DA:73,0
DA:74,0
DA:75,0
DA:76,0
DA:77,0
DA:86,0
DA:101,0
DA:102,0
DA:104,0
DA:106,0
DA:107,0
DA:109,0
DA:110,0
DA:111,0
DA:113,0
DA:129,0
DA:132,0
DA:133,0
DA:137,0
DA:141,0
DA:142,0
DA:143,0
DA:146,0
DA:158,1
DA:164,1
DA:165,0
DA:168,1
DA:169,0
DA:172,1
DA:173,0
DA:177,1
DA:187,1
DA:189,0
DA:192,1
DA:209,1
DA:215,1
DA:216,0
DA:219,1
DA:220,0
DA:223,1
DA:224,0
DA:227,1
DA:228,0
DA:232,1
DA:233,1
DA:234,1
DA:236,1
DA:237,1
DA:238,1
DA:242,1
DA:248,1
DA:249,0
DA:252,1
DA:258,1
DA:261,1
DA:269,1
DA:270,0
DA:273,1
DA:274,0
DA:277,1
DA:285,0
DA:298,0
DA:304,0
DA:305,0
DA:309,0
DA:314,0
DA:315,0
DA:316,0
DA:318,0
LF:88
LH:31
BRDA:6,0,0,0
BRDA:6,0,1,13
BRDA:57,1,0,0
BRDA:57,1,1,0
BRDA:57,1,2,0
BRDA:57,1,3,0
BRDA:76,2,0,0
BRDA:76,2,1,0
BRDA:107,3,0,0
BRDA:107,3,1,0
BRDA:121,4,0,0
BRDA:121,4,1,0
BRDA:132,5,0,0
BRDA:132,5,1,0
BRDA:141,6,0,0
BRDA:141,6,1,0
BRDA:164,7,0,0
BRDA:164,7,1,1
BRDA:164,8,0,1
BRDA:164,8,1,1
BRDA:168,9,0,0
BRDA:168,9,1,1
BRDA:172,10,0,0
BRDA:172,10,1,1
BRDA:172,11,0,1
BRDA:172,11,1,0
BRDA:187,12,0,0
BRDA:187,12,1,1
BRDA:187,13,0,1
BRDA:187,13,1,1
BRDA:215,14,0,0
BRDA:215,14,1,1
BRDA:215,15,0,1
BRDA:215,15,1,1
BRDA:219,16,0,0
BRDA:219,16,1,1
BRDA:223,17,0,0
BRDA:223,17,1,1
BRDA:227,18,0,0
BRDA:227,18,1,1
BRDA:237,19,0,1
BRDA:237,19,1,0
BRDA:248,20,0,0
BRDA:248,20,1,1
BRDA:258,21,0,1
BRDA:258,21,1,0
BRDA:269,22,0,0
BRDA:269,22,1,1
BRDA:273,23,0,0
BRDA:273,23,1,1
BRDA:304,24,0,0
BRDA:304,24,1,0
BRDA:304,25,0,0
BRDA:304,25,1,0
BRDA:314,26,0,0
BRDA:314,26,1,0
BRDA:315,27,0,0
BRDA:315,27,1,0
BRDA:316,28,0,0
BRDA:316,28,1,0
BRF:60
BRH:21
end_of_record
TN:
SF:services/courses/courseAccessService.js
FN:4,getApplicableTypedCredits
FN:18,(anonymous_1)
FN:30,(anonymous_2)
FN:46,getCourseAccessDetails
FNF:4
FNH:4
FNDA:1,getApplicableTypedCredits
FNDA:1,(anonymous_1)
FNDA:1,(anonymous_2)
FNDA:7,getCourseAccessDetails
DA:5,1
DA:11,1
DA:12,0
DA:15,1
DA:16,1
DA:18,1
DA:20,1
DA:26,1
DA:27,0
DA:30,1
DA:32,1
DA:33,1
DA:34,1
DA:43,1
DA:47,7
DA:48,7
DA:49,1
DA:52,6
DA:53,6
DA:55,6
DA:56,5
DA:57,5
DA:58,4
DA:65,4
DA:66,1
DA:69,3
DA:70,2
DA:73,1
DA:74,1
DA:77,5
DA:78,5
DA:79,1
DA:82,5
LF:33
LH:31
BRDA:11,0,0,0
BRDA:11,0,1,1
BRDA:16,1,0,0
BRDA:16,1,1,1
BRDA:16,2,0,1
BRDA:16,2,1,1
BRDA:26,3,0,0
BRDA:26,3,1,1
BRDA:30,4,0,1
BRDA:30,4,1,0
BRDA:33,5,0,1
BRDA:33,5,1,0
BRDA:48,6,0,1
BRDA:48,6,1,6
BRDA:55,7,0,5
BRDA:55,7,1,1
BRDA:57,8,0,4
BRDA:57,8,1,1
BRDA:65,9,0,1
BRDA:65,9,1,3
BRDA:65,10,0,4
BRDA:65,10,1,2
BRDA:69,11,0,2
BRDA:69,11,1,1
BRDA:73,12,0,1
BRDA:73,12,1,0
BRDA:78,13,0,1
BRDA:78,13,1,4
BRDA:78,14,0,5
BRDA:78,14,1,3
BRF:30
BRH:24
end_of_record
TN:
SF:services/courses/courseBillingService.js
FN:4,consumePlaybackHeartbeat
FNF:1
FNH:1
FNDA:4,consumePlaybackHeartbeat
DA:5,4
DA:12,4
DA:14,4
DA:15,2
DA:16,2
DA:19,2
LF:6
LH:6
BRDA:7,0,0,4
BRDA:7,0,1,0
BRDA:8,1,0,4
BRDA:8,1,1,0
BRDA:9,2,0,4
BRDA:9,2,1,0
BRDA:14,3,0,2
BRDA:14,3,1,2
BRF:8
BRH:5
end_of_record
TN:
SF:services/courses/courseCatalogService.js
FN:27,listPublicCourses
FN:56,(anonymous_1)
FN:119,getPublicCourseById
FNF:3
FNH:2
FNDA:2,listPublicCourses
FNDA:0,(anonymous_1)
FNDA:2,getPublicCourseById
DA:6,13
DA:28,2
DA:29,2
DA:30,2
DA:31,2
DA:33,2
DA:37,2
DA:38,0
DA:41,2
DA:42,0
DA:45,2
DA:46,0
DA:55,0
DA:56,0
DA:57,0
DA:59,0
DA:60,0
DA:71,0
DA:76,0
DA:77,0
DA:78,0
DA:81,0
DA:82,0
DA:93,0
DA:94,0
DA:95,0
DA:99,2
DA:103,2
DA:104,0
DA:105,0
DA:108,2
DA:120,2
DA:126,2
DA:127,0
DA:128,0
DA:129,0
DA:131,2
LF:37
LH:15
BRDA:28,0,0,0
BRDA:28,1,0,0
BRDA:37,2,0,0
BRDA:37,2,1,2
BRDA:41,3,0,0
BRDA:41,3,1,2
BRDA:45,4,0,0
BRDA:45,4,1,2
BRDA:50,5,0,0
BRDA:50,5,1,0
BRDA:51,6,0,0
BRDA:51,6,1,0
BRDA:55,7,0,0
BRDA:55,7,1,0
BRDA:57,8,0,0
BRDA:57,8,1,0
BRDA:59,9,0,0
BRDA:59,9,1,0
BRDA:76,10,0,0
BRDA:76,10,1,0
BRDA:94,11,0,0
BRDA:94,11,1,0
BRDA:103,12,0,0
BRDA:103,12,1,2
BRDA:126,13,0,0
BRDA:126,13,1,2
BRDA:127,14,0,0
BRDA:127,14,1,0
BRF:28
BRH:5
end_of_record
TN:
SF:services/courses/coursePlaybackService.js
FN:9,(anonymous_0)
FN:11,createPlaybackSession
FNF:2
FNH:2
FNDA:5,(anonymous_0)
FNDA:8,createPlaybackSession
DA:7,14
DA:9,14
DA:12,8
DA:18,8
DA:19,1
DA:22,7
DA:23,1
DA:30,1
DA:31,1
DA:35,6
DA:36,6
DA:37,1
DA:43,1
DA:44,1
DA:45,1
DA:50,1
DA:51,1
DA:52,1
DA:56,5
DA:57,5
DA:68,5
DA:69,0
DA:70,0
DA:73,5
DA:75,5
DA:77,2
DA:78,0
DA:82,2
DA:83,1
DA:87,1
DA:90,1
DA:91,1
DA:92,1
DA:98,0
DA:99,0
DA:101,1
DA:104,1
DA:105,0
DA:107,1
DA:108,1
DA:111,1
DA:116,1
DA:119,1
DA:120,0
DA:122,1
DA:126,1
DA:130,1
DA:131,0
DA:133,1
DA:137,1
DA:142,5
DA:143,5
DA:144,1
DA:145,1
DA:155,0
DA:160,5
LF:56
LH:47
BRDA:7,0,0,14
BRDA:7,0,1,14
BRDA:18,1,0,1
BRDA:18,1,1,7
BRDA:18,2,0,8
BRDA:18,2,1,7
BRDA:22,3,0,1
BRDA:22,3,1,6
BRDA:30,4,0,1
BRDA:30,4,1,0
BRDA:36,5,0,1
BRDA:36,5,1,5
BRDA:43,6,0,1
BRDA:43,6,1,1
BRDA:44,7,0,1
BRDA:44,7,1,1
BRDA:50,8,0,1
BRDA:50,8,1,0
BRDA:51,9,0,1
BRDA:51,9,1,0
BRDA:51,10,0,1
BRDA:51,10,1,1
BRDA:51,10,2,1
BRDA:68,11,0,0
BRDA:68,11,1,5
BRDA:75,12,0,2
BRDA:75,12,1,1
BRDA:75,12,2,1
BRDA:75,12,3,1
BRDA:75,12,4,1
BRDA:77,13,0,0
BRDA:77,13,1,2
BRDA:82,14,0,1
BRDA:82,14,1,1
BRDA:104,15,0,0
BRDA:104,15,1,1
BRDA:108,16,0,0
BRDA:108,16,1,1
BRDA:119,17,0,0
BRDA:119,17,1,1
BRDA:130,18,0,0
BRDA:130,18,1,1
BRDA:143,19,0,1
BRDA:143,19,1,4
BRDA:143,20,0,5
BRDA:143,20,1,1
BRDA:151,21,0,1
BRDA:151,21,1,1
BRDA:152,22,0,1
BRDA:152,22,1,1
BRDA:167,23,0,5
BRDA:167,23,1,4
BRF:52
BRH:43
end_of_record
TN:
SF:services/courses/coursePurchaseService.js
FN:4,purchaseCourseAccess
FNF:1
FNH:1
FNDA:6,purchaseCourseAccess
DA:5,6
DA:11,6
DA:12,1
DA:13,1
DA:16,5
DA:17,2
DA:20,3
LF:7
LH:7
BRDA:8,0,0,6
BRDA:8,0,1,0
BRDA:11,1,0,1
BRDA:11,1,1,5
BRDA:16,2,0,2
BRDA:16,2,1,3
BRDA:17,3,0,2
BRDA:17,3,1,2
BRDA:17,3,2,0
BRF:9
BRH:7
end_of_record
TN:
SF:services/courses/courseQuizService.js
FN:12,generateQuizForCourse
FN:89,getLatestQuizForCourse
FN:113,(anonymous_2)
FN:121,submitQuizAnswers
FN:149,(anonymous_4)
FNF:5
FNH:5
FNDA:1,generateQuizForCourse
FNDA:1,getLatestQuizForCourse
FNDA:1,(anonymous_2)
FNDA:1,submitQuizAnswers
FNDA:1,(anonymous_4)
DA:7,13
DA:13,1
DA:14,1
DA:15,0
DA:18,1
DA:24,1
DA:25,0
DA:28,1
DA:30,1
DA:56,1
DA:57,1
DA:58,1
DA:60,0
DA:61,0
DA:64,1
DA:67,1
DA:68,1
DA:70,0
DA:73,1
DA:82,1
DA:83,0
DA:86,1
DA:90,1
DA:97,1
DA:98,0
DA:101,1
DA:109,1
DA:110,0
DA:113,1
DA:118,1
DA:122,1
DA:123,0
DA:126,1
DA:132,1
DA:133,0
DA:136,1
DA:137,1
DA:138,0
DA:141,1
DA:142,1
DA:143,0
DA:147,1
DA:149,1
DA:150,1
DA:151,1
DA:155,1
DA:156,1
DA:158,1
DA:165,1
DA:166,0
DA:169,1
LF:51
LH:38
BRDA:14,0,0,0
BRDA:14,0,1,1
BRDA:24,1,0,0
BRDA:24,1,1,1
BRDA:24,2,0,1
BRDA:24,2,1,1
BRDA:82,3,0,0
BRDA:82,3,1,1
BRDA:97,4,0,0
BRDA:97,4,1,1
BRDA:109,5,0,0
BRDA:109,5,1,1
BRDA:122,6,0,0
BRDA:122,6,1,1
BRDA:132,7,0,0
BRDA:132,7,1,1
BRDA:137,8,0,0
BRDA:137,8,1,1
BRDA:142,9,0,0
BRDA:142,9,1,1
BRDA:142,10,0,1
BRDA:142,10,1,1
BRDA:142,10,2,1
BRDA:150,11,0,1
BRDA:150,11,1,0
BRDA:165,12,0,0
BRDA:165,12,1,1
BRF:27
BRH:16
end_of_record
TN:
SF:services/courses/hlsService.js
FN:7,parseSupabaseSource
FN:26,isRelativeUri
FN:30,sanitizePlaylistPath
FN:38,createSignedUrl
FN:48,rewriteUriLine
FN:59,rewriteAttributeUri
FN:81,buildSignedManifest
FN:97,(anonymous_7)
FN:102,(anonymous_8)
FNF:9
FNH:1
FNDA:1,parseSupabaseSource
FNDA:0,isRelativeUri
FNDA:0,sanitizePlaylistPath
FNDA:0,createSignedUrl
FNDA:0,rewriteUriLine
FNDA:0,rewriteAttributeUri
FNDA:0,buildSignedManifest
FNDA:0,(anonymous_7)
FNDA:0,(anonymous_8)
DA:5,14
DA:8,1
DA:9,1
DA:10,0
DA:11,0
DA:12,0
DA:13,0
DA:14,0
DA:17,1
DA:18,1
DA:19,0
DA:20,0
DA:23,1
DA:27,0
DA:31,0
DA:32,0
DA:33,0
DA:35,0
DA:39,0
DA:44,0
DA:45,0
DA:49,0
DA:50,0
DA:51,0
DA:52,0
DA:53,0
DA:54,0
DA:56,0
DA:60,0
DA:61,0
DA:62,0
DA:63,0
DA:64,0
DA:66,0
DA:67,0
DA:68,0
DA:69,0
DA:70,0
DA:71,0
DA:73,0
DA:74,0
DA:77,0
DA:78,0
DA:82,0
DA:83,0
DA:84,0
DA:87,0
DA:88,0
DA:89,0
DA:93,0
DA:94,0
DA:95,0
DA:97,0
DA:98,0
DA:99,0
DA:102,0
DA:103,0
DA:104,0
DA:108,0
DA:111,0
DA:112,0
DA:114,0
DA:115,0
DA:116,0
DA:117,0
DA:120,0
DA:121,0
DA:122,0
DA:123,0
DA:126,0
DA:127,0
DA:130,0
LF:72
LH:6
BRDA:5,0,0,14
BRDA:5,0,1,14
BRDA:8,1,0,0
BRDA:8,1,1,1
BRDA:9,2,0,0
BRDA:9,2,1,1
BRDA:12,3,0,0
BRDA:12,3,1,0
BRDA:12,4,0,0
BRDA:12,4,1,0
BRDA:18,5,0,0
BRDA:18,5,1,1
BRDA:27,6,0,0
BRDA:27,6,1,0
BRDA:27,6,2,0
BRDA:31,7,0,0
BRDA:31,7,1,0
BRDA:32,8,0,0
BRDA:32,8,1,0
BRDA:32,9,0,0
BRDA:32,9,1,0
BRDA:44,10,0,0
BRDA:44,10,1,0
BRDA:49,11,0,0
BRDA:49,11,1,0
BRDA:49,12,0,0
BRDA:49,12,1,0
BRDA:51,13,0,0
BRDA:51,13,1,0
BRDA:52,14,0,0
BRDA:52,14,1,0
BRDA:53,15,0,0
BRDA:53,15,1,0
BRDA:60,16,0,0
BRDA:60,16,1,0
BRDA:70,17,0,0
BRDA:70,17,1,0
BRDA:71,18,0,0
BRDA:71,18,1,0
BRDA:83,19,0,0
BRDA:83,19,1,0
BRDA:89,20,0,0
BRDA:89,20,1,0
BRDA:115,21,0,0
BRDA:115,21,1,0
BRDA:120,22,0,0
BRDA:120,22,1,0
BRF:47
BRH:5
end_of_record
TN:
SF:services/credits/creditsService.js
FN:14,getCreditBalance
FN:38,(anonymous_1)
FN:51,redeemLicenseCode
FN:85,consumeVideoMinutes
FN:109,consumeArticleCredit
FN:137,checkArticleAccess
FN:194,consumeResearchCredit
FN:221,checkResearchAccess
FN:278,getTransactions
FNF:9
FNH:7
FNDA:4,getCreditBalance
FNDA:0,(anonymous_1)
FNDA:6,redeemLicenseCode
FNDA:4,consumeVideoMinutes
FNDA:3,consumeArticleCredit
FNDA:1,checkArticleAccess
FNDA:0,consumeResearchCredit
FNDA:2,checkResearchAccess
FNDA:2,getTransactions
DA:5,13
DA:15,4
DA:21,4
DA:22,2
DA:23,2
DA:26,2
DA:28,2
DA:34,2
DA:35,0
DA:38,2
DA:45,2
DA:52,6
DA:54,6
DA:61,6
DA:62,0
DA:63,0
DA:66,6
DA:67,4
DA:70,2
DA:86,4
DA:93,4
DA:94,0
DA:95,0
DA:98,4
DA:99,1
DA:102,3
DA:110,3
DA:116,3
DA:118,2
DA:119,1
DA:121,1
DA:122,1
DA:125,1
DA:126,1
DA:129,0
DA:138,1
DA:144,1
DA:145,1
DA:146,1
DA:148,0
DA:149,0
DA:152,0
DA:154,0
DA:155,0
DA:162,0
DA:163,0
DA:167,0
DA:173,0
DA:174,0
DA:177,0
DA:184,0
DA:185,0
DA:188,0
DA:195,0
DA:201,0
DA:202,0
DA:203,0
DA:205,0
DA:206,0
DA:209,0
DA:210,0
DA:213,0
DA:222,2
DA:228,2
DA:229,1
DA:230,0
DA:232,1
DA:233,1
DA:236,1
DA:238,1
DA:239,0
DA:246,1
DA:247,1
DA:251,0
DA:257,0
DA:258,0
DA:261,0
DA:268,0
DA:269,0
DA:272,0
DA:279,2
DA:280,2
DA:281,2
DA:283,2
DA:290,2
DA:291,0
DA:294,2
DA:296,2
DA:297,1
DA:298,1
DA:301,1
LF:91
LH:52
BRDA:21,0,0,2
BRDA:21,0,1,2
BRDA:21,1,0,4
BRDA:21,1,1,3
BRDA:26,2,0,2
BRDA:26,2,1,1
BRDA:34,3,0,0
BRDA:34,3,1,2
BRDA:38,4,0,2
BRDA:38,4,1,1
BRDA:40,5,0,0
BRDA:40,5,1,0
BRDA:41,6,0,0
BRDA:41,6,1,0
BRDA:61,7,0,0
BRDA:61,7,1,6
BRDA:66,8,0,4
BRDA:66,8,1,2
BRDA:67,9,0,4
BRDA:67,9,1,0
BRDA:93,10,0,0
BRDA:93,10,1,4
BRDA:98,11,0,1
BRDA:98,11,1,3
BRDA:99,12,0,1
BRDA:99,12,1,0
BRDA:116,13,0,2
BRDA:116,13,1,1
BRDA:118,14,0,1
BRDA:118,14,1,1
BRDA:125,15,0,1
BRDA:125,15,1,0
BRDA:126,16,0,1
BRDA:126,16,1,0
BRDA:131,17,0,0
BRDA:131,17,1,0
BRDA:144,18,0,1
BRDA:144,18,1,0
BRDA:145,19,0,1
BRDA:145,19,1,0
BRDA:152,20,0,0
BRDA:152,20,1,0
BRDA:154,21,0,0
BRDA:154,21,1,0
BRDA:162,22,0,0
BRDA:162,22,1,0
BRDA:173,23,0,0
BRDA:173,23,1,0
BRDA:184,24,0,0
BRDA:184,24,1,0
BRDA:184,25,0,0
BRDA:184,25,1,0
BRDA:201,26,0,0
BRDA:201,26,1,0
BRDA:202,27,0,0
BRDA:202,27,1,0
BRDA:209,28,0,0
BRDA:209,28,1,0
BRDA:210,29,0,0
BRDA:210,29,1,0
BRDA:215,30,0,0
BRDA:215,30,1,0
BRDA:228,31,0,1
BRDA:228,31,1,1
BRDA:229,32,0,0
BRDA:229,32,1,1
BRDA:236,33,0,1
BRDA:236,33,1,1
BRDA:238,34,0,0
BRDA:238,34,1,1
BRDA:246,35,0,1
BRDA:246,35,1,0
BRDA:257,36,0,0
BRDA:257,36,1,0
BRDA:268,37,0,0
BRDA:268,37,1,0
BRDA:268,38,0,0
BRDA:268,38,1,0
BRDA:278,39,0,1
BRDA:278,40,0,1
BRDA:279,41,0,2
BRDA:279,41,1,0
BRDA:280,42,0,2
BRDA:280,42,1,0
BRDA:290,43,0,0
BRDA:290,43,1,2
BRDA:296,44,0,1
BRDA:296,44,1,1
BRDA:307,45,0,1
BRDA:307,45,1,0
BRF:90
BRH:40
end_of_record
